{"C:\\Users\\cname\\Dropbox\\Software\\Projects\\projects\\project_perform\\test\\client\\client-test.js":{"path":"C:\\Users\\cname\\Dropbox\\Software\\Projects\\projects\\project_perform\\test\\client\\client-test.js","statementMap":{"0":{"start":{"line":18,"column":19},"end":{"line":18,"column":65}},"1":{"start":{"line":19,"column":22},"end":{"line":19,"column":39}},"2":{"start":{"line":20,"column":14},"end":{"line":20,"column":47}},"3":{"start":{"line":21,"column":0},"end":{"line":21,"column":32}},"4":{"start":{"line":23,"column":13},"end":{"line":23,"column":29}},"5":{"start":{"line":24,"column":18},"end":{"line":24,"column":43}},"6":{"start":{"line":25,"column":14},"end":{"line":25,"column":31}},"7":{"start":{"line":26,"column":18},"end":{"line":26,"column":40}},"8":{"start":{"line":28,"column":0},"end":{"line":28,"column":20}},"9":{"start":{"line":29,"column":15},"end":{"line":29,"column":26}},"10":{"start":{"line":30,"column":0},"end":{"line":32,"column":3}},"11":{"start":{"line":39,"column":2},"end":{"line":47,"column":5}},"12":{"start":{"line":40,"column":18},"end":{"line":40,"column":51}},"13":{"start":{"line":44,"column":4},"end":{"line":46,"column":7}},"14":{"start":{"line":45,"column":6},"end":{"line":45,"column":21}},"15":{"start":{"line":53,"column":2},"end":{"line":66,"column":5}},"16":{"start":{"line":54,"column":4},"end":{"line":63,"column":7}},"17":{"start":{"line":55,"column":6},"end":{"line":62,"column":7}},"18":{"start":{"line":56,"column":8},"end":{"line":56,"column":78}},"19":{"start":{"line":57,"column":8},"end":{"line":57,"column":18}},"20":{"start":{"line":59,"column":8},"end":{"line":61,"column":10}},"21":{"start":{"line":65,"column":4},"end":{"line":65,"column":19}},"22":{"start":{"line":69,"column":0},"end":{"line":273,"column":3}},"23":{"start":{"line":70,"column":2},"end":{"line":70,"column":30}},"24":{"start":{"line":82,"column":26},"end":{"line":82,"column":53}},"25":{"start":{"line":84,"column":26},"end":{"line":84,"column":53}},"26":{"start":{"line":86,"column":26},"end":{"line":86,"column":53}},"27":{"start":{"line":90,"column":2},"end":{"line":107,"column":5}},"28":{"start":{"line":91,"column":4},"end":{"line":91,"column":31}},"29":{"start":{"line":92,"column":4},"end":{"line":92,"column":31}},"30":{"start":{"line":94,"column":4},"end":{"line":94,"column":46}},"31":{"start":{"line":95,"column":4},"end":{"line":95,"column":63}},"32":{"start":{"line":96,"column":4},"end":{"line":96,"column":65}},"33":{"start":{"line":97,"column":4},"end":{"line":97,"column":60}},"34":{"start":{"line":98,"column":4},"end":{"line":101,"column":6}},"35":{"start":{"line":102,"column":4},"end":{"line":105,"column":6}},"36":{"start":{"line":106,"column":4},"end":{"line":106,"column":42}},"37":{"start":{"line":109,"column":2},"end":{"line":111,"column":5}},"38":{"start":{"line":110,"column":4},"end":{"line":110,"column":25}},"39":{"start":{"line":113,"column":2},"end":{"line":115,"column":5}},"40":{"start":{"line":114,"column":4},"end":{"line":114,"column":25}},"41":{"start":{"line":117,"column":2},"end":{"line":125,"column":5}},"42":{"start":{"line":118,"column":4},"end":{"line":118,"column":31}},"43":{"start":{"line":119,"column":4},"end":{"line":119,"column":36}},"44":{"start":{"line":120,"column":4},"end":{"line":120,"column":72}},"45":{"start":{"line":121,"column":4},"end":{"line":121,"column":72}},"46":{"start":{"line":122,"column":4},"end":{"line":122,"column":74}},"47":{"start":{"line":123,"column":4},"end":{"line":123,"column":69}},"48":{"start":{"line":124,"column":4},"end":{"line":124,"column":20}},"49":{"start":{"line":127,"column":2},"end":{"line":271,"column":5}},"50":{"start":{"line":129,"column":24},"end":{"line":129,"column":29}},"51":{"start":{"line":133,"column":26},"end":{"line":133,"column":30}},"52":{"start":{"line":134,"column":4},"end":{"line":270,"column":7}},"53":{"start":{"line":135,"column":36},"end":{"line":236,"column":7}},"54":{"start":{"line":139,"column":8},"end":{"line":221,"column":9}},"55":{"start":{"line":140,"column":10},"end":{"line":217,"column":11}},"56":{"start":{"line":155,"column":14},"end":{"line":155,"column":20}},"57":{"start":{"line":157,"column":14},"end":{"line":157,"column":38}},"58":{"start":{"line":158,"column":14},"end":{"line":158,"column":35}},"59":{"start":{"line":159,"column":14},"end":{"line":159,"column":20}},"60":{"start":{"line":167,"column":14},"end":{"line":167,"column":57}},"61":{"start":{"line":168,"column":14},"end":{"line":168,"column":55}},"62":{"start":{"line":169,"column":14},"end":{"line":169,"column":35}},"63":{"start":{"line":170,"column":14},"end":{"line":170,"column":20}},"64":{"start":{"line":172,"column":14},"end":{"line":172,"column":57}},"65":{"start":{"line":173,"column":14},"end":{"line":173,"column":55}},"66":{"start":{"line":174,"column":14},"end":{"line":174,"column":35}},"67":{"start":{"line":175,"column":14},"end":{"line":175,"column":20}},"68":{"start":{"line":178,"column":14},"end":{"line":181,"column":16}},"69":{"start":{"line":183,"column":14},"end":{"line":183,"column":55}},"70":{"start":{"line":184,"column":14},"end":{"line":184,"column":35}},"71":{"start":{"line":185,"column":14},"end":{"line":185,"column":20}},"72":{"start":{"line":187,"column":14},"end":{"line":187,"column":58}},"73":{"start":{"line":188,"column":14},"end":{"line":188,"column":35}},"74":{"start":{"line":189,"column":14},"end":{"line":189,"column":20}},"75":{"start":{"line":194,"column":14},"end":{"line":194,"column":58}},"76":{"start":{"line":195,"column":14},"end":{"line":195,"column":35}},"77":{"start":{"line":196,"column":14},"end":{"line":196,"column":20}},"78":{"start":{"line":198,"column":14},"end":{"line":200,"column":16}},"79":{"start":{"line":201,"column":14},"end":{"line":201,"column":58}},"80":{"start":{"line":202,"column":14},"end":{"line":202,"column":35}},"81":{"start":{"line":203,"column":14},"end":{"line":203,"column":20}},"82":{"start":{"line":205,"column":14},"end":{"line":205,"column":58}},"83":{"start":{"line":206,"column":14},"end":{"line":206,"column":35}},"84":{"start":{"line":207,"column":14},"end":{"line":207,"column":20}},"85":{"start":{"line":209,"column":14},"end":{"line":209,"column":59}},"86":{"start":{"line":210,"column":14},"end":{"line":210,"column":58}},"87":{"start":{"line":211,"column":14},"end":{"line":211,"column":56}},"88":{"start":{"line":212,"column":14},"end":{"line":212,"column":35}},"89":{"start":{"line":213,"column":14},"end":{"line":213,"column":35}},"90":{"start":{"line":214,"column":14},"end":{"line":214,"column":20}},"91":{"start":{"line":216,"column":14},"end":{"line":216,"column":63}},"92":{"start":{"line":220,"column":10},"end":{"line":220,"column":22}},"93":{"start":{"line":225,"column":8},"end":{"line":235,"column":9}},"94":{"start":{"line":226,"column":10},"end":{"line":229,"column":12}},"95":{"start":{"line":230,"column":10},"end":{"line":233,"column":42}},"96":{"start":{"line":233,"column":12},"end":{"line":233,"column":34}},"97":{"start":{"line":234,"column":10},"end":{"line":234,"column":20}},"98":{"start":{"line":238,"column":34},"end":{"line":252,"column":7}},"99":{"start":{"line":239,"column":8},"end":{"line":246,"column":9}},"100":{"start":{"line":241,"column":12},"end":{"line":243,"column":14}},"101":{"start":{"line":244,"column":12},"end":{"line":244,"column":35}},"102":{"start":{"line":245,"column":12},"end":{"line":245,"column":18}},"103":{"start":{"line":249,"column":8},"end":{"line":251,"column":9}},"104":{"start":{"line":250,"column":10},"end":{"line":250,"column":20}},"105":{"start":{"line":255,"column":6},"end":{"line":255,"column":67}},"106":{"start":{"line":258,"column":6},"end":{"line":258,"column":57}},"107":{"start":{"line":261,"column":6},"end":{"line":269,"column":9}}},"fnMap":{"0":{"name":"awaitIndex","decl":{"start":{"line":38,"column":9},"end":{"line":38,"column":19}},"loc":{"start":{"line":38,"column":22},"end":{"line":48,"column":1}},"line":38},"1":{"name":"(anonymous_1)","decl":{"start":{"line":39,"column":21},"end":{"line":39,"column":22}},"loc":{"start":{"line":39,"column":40},"end":{"line":47,"column":3}},"line":39},"2":{"name":"(anonymous_2)","decl":{"start":{"line":44,"column":36},"end":{"line":44,"column":37}},"loc":{"start":{"line":44,"column":42},"end":{"line":46,"column":5}},"line":44},"3":{"name":"awaitIndexShutdown","decl":{"start":{"line":51,"column":9},"end":{"line":51,"column":27}},"loc":{"start":{"line":51,"column":35},"end":{"line":67,"column":1}},"line":51},"4":{"name":"(anonymous_4)","decl":{"start":{"line":53,"column":21},"end":{"line":53,"column":22}},"loc":{"start":{"line":53,"column":42},"end":{"line":66,"column":3}},"line":53},"5":{"name":"(anonymous_5)","decl":{"start":{"line":54,"column":36},"end":{"line":54,"column":37}},"loc":{"start":{"line":54,"column":45},"end":{"line":63,"column":5}},"line":54},"6":{"name":"(anonymous_6)","decl":{"start":{"line":69,"column":19},"end":{"line":69,"column":20}},"loc":{"start":{"line":69,"column":25},"end":{"line":273,"column":1}},"line":69},"7":{"name":"(anonymous_7)","decl":{"start":{"line":90,"column":19},"end":{"line":90,"column":20}},"loc":{"start":{"line":90,"column":31},"end":{"line":107,"column":3}},"line":90},"8":{"name":"(anonymous_8)","decl":{"start":{"line":109,"column":28},"end":{"line":109,"column":29}},"loc":{"start":{"line":109,"column":34},"end":{"line":111,"column":3}},"line":109},"9":{"name":"(anonymous_9)","decl":{"start":{"line":113,"column":27},"end":{"line":113,"column":28}},"loc":{"start":{"line":113,"column":39},"end":{"line":115,"column":3}},"line":113},"10":{"name":"(anonymous_10)","decl":{"start":{"line":117,"column":17},"end":{"line":117,"column":18}},"loc":{"start":{"line":117,"column":29},"end":{"line":125,"column":3}},"line":117},"11":{"name":"(anonymous_11)","decl":{"start":{"line":127,"column":47},"end":{"line":127,"column":48}},"loc":{"start":{"line":127,"column":59},"end":{"line":271,"column":3}},"line":127},"12":{"name":"(anonymous_12)","decl":{"start":{"line":134,"column":22},"end":{"line":134,"column":23}},"loc":{"start":{"line":134,"column":43},"end":{"line":270,"column":5}},"line":134},"13":{"name":"(anonymous_13)","decl":{"start":{"line":135,"column":36},"end":{"line":135,"column":37}},"loc":{"start":{"line":135,"column":45},"end":{"line":236,"column":7}},"line":135},"14":{"name":"(anonymous_14)","decl":{"start":{"line":230,"column":22},"end":{"line":230,"column":23}},"loc":{"start":{"line":233,"column":12},"end":{"line":233,"column":34}},"line":233},"15":{"name":"(anonymous_15)","decl":{"start":{"line":238,"column":34},"end":{"line":238,"column":35}},"loc":{"start":{"line":238,"column":43},"end":{"line":252,"column":7}},"line":238}},"branchMap":{"0":{"loc":{"start":{"line":55,"column":6},"end":{"line":62,"column":7}},"type":"if","locations":[{"start":{"line":55,"column":6},"end":{"line":62,"column":7}},{"start":{"line":55,"column":6},"end":{"line":62,"column":7}}],"line":55},"1":{"loc":{"start":{"line":140,"column":10},"end":{"line":217,"column":11}},"type":"switch","locations":[{"start":{"line":141,"column":12},"end":{"line":141,"column":31}},{"start":{"line":142,"column":12},"end":{"line":142,"column":34}},{"start":{"line":143,"column":12},"end":{"line":143,"column":39}},{"start":{"line":144,"column":12},"end":{"line":144,"column":38}},{"start":{"line":145,"column":12},"end":{"line":145,"column":37}},{"start":{"line":146,"column":12},"end":{"line":146,"column":35}},{"start":{"line":147,"column":12},"end":{"line":147,"column":39}},{"start":{"line":148,"column":12},"end":{"line":148,"column":44}},{"start":{"line":149,"column":12},"end":{"line":149,"column":36}},{"start":{"line":150,"column":12},"end":{"line":150,"column":36}},{"start":{"line":151,"column":12},"end":{"line":151,"column":43}},{"start":{"line":152,"column":12},"end":{"line":152,"column":36}},{"start":{"line":153,"column":12},"end":{"line":153,"column":41}},{"start":{"line":154,"column":12},"end":{"line":155,"column":20}},{"start":{"line":156,"column":12},"end":{"line":159,"column":20}},{"start":{"line":160,"column":12},"end":{"line":160,"column":33}},{"start":{"line":161,"column":12},"end":{"line":161,"column":32}},{"start":{"line":162,"column":12},"end":{"line":162,"column":37}},{"start":{"line":163,"column":12},"end":{"line":163,"column":36}},{"start":{"line":164,"column":12},"end":{"line":164,"column":35}},{"start":{"line":165,"column":12},"end":{"line":165,"column":39}},{"start":{"line":166,"column":12},"end":{"line":170,"column":20}},{"start":{"line":171,"column":12},"end":{"line":175,"column":20}},{"start":{"line":176,"column":12},"end":{"line":185,"column":20}},{"start":{"line":186,"column":12},"end":{"line":189,"column":20}},{"start":{"line":190,"column":12},"end":{"line":196,"column":20}},{"start":{"line":197,"column":12},"end":{"line":203,"column":20}},{"start":{"line":204,"column":12},"end":{"line":207,"column":20}},{"start":{"line":208,"column":12},"end":{"line":214,"column":20}},{"start":{"line":215,"column":12},"end":{"line":216,"column":63}}],"line":140},"2":{"loc":{"start":{"line":225,"column":8},"end":{"line":235,"column":9}},"type":"if","locations":[{"start":{"line":225,"column":8},"end":{"line":235,"column":9}},{"start":{"line":225,"column":8},"end":{"line":235,"column":9}}],"line":225},"3":{"loc":{"start":{"line":225,"column":12},"end":{"line":225,"column":44}},"type":"binary-expr","locations":[{"start":{"line":225,"column":12},"end":{"line":225,"column":25}},{"start":{"line":225,"column":29},"end":{"line":225,"column":44}}],"line":225},"4":{"loc":{"start":{"line":239,"column":8},"end":{"line":246,"column":9}},"type":"switch","locations":[{"start":{"line":240,"column":10},"end":{"line":245,"column":18}}],"line":239},"5":{"loc":{"start":{"line":249,"column":8},"end":{"line":251,"column":9}},"type":"if","locations":[{"start":{"line":249,"column":8},"end":{"line":251,"column":9}},{"start":{"line":249,"column":8},"end":{"line":251,"column":9}}],"line":249},"6":{"loc":{"start":{"line":249,"column":12},"end":{"line":249,"column":44}},"type":"binary-expr","locations":[{"start":{"line":249,"column":12},"end":{"line":249,"column":25}},{"start":{"line":249,"column":29},"end":{"line":249,"column":44}}],"line":249}},"s":{"0":1,"1":1,"2":1,"3":1,"4":1,"5":1,"6":1,"7":1,"8":1,"9":1,"10":1,"11":1,"12":1,"13":1,"14":1,"15":1,"16":1,"17":1,"18":1,"19":1,"20":0,"21":1,"22":1,"23":1,"24":1,"25":1,"26":1,"27":1,"28":1,"29":1,"30":1,"31":1,"32":1,"33":1,"34":1,"35":1,"36":1,"37":1,"38":1,"39":1,"40":1,"41":1,"42":1,"43":1,"44":1,"45":1,"46":1,"47":1,"48":1,"49":1,"50":1,"51":1,"52":1,"53":1,"54":33,"55":33,"56":18,"57":1,"58":1,"59":1,"60":7,"61":7,"62":7,"63":7,"64":1,"65":1,"66":1,"67":1,"68":1,"69":1,"70":1,"71":1,"72":1,"73":1,"74":1,"75":1,"76":1,"77":1,"78":1,"79":1,"80":1,"81":1,"82":1,"83":1,"84":1,"85":1,"86":1,"87":1,"88":1,"89":1,"90":1,"91":0,"92":0,"93":33,"94":1,"95":1,"96":1,"97":1,"98":1,"99":1,"100":1,"101":1,"102":1,"103":1,"104":0,"105":1,"106":1,"107":1},"f":{"0":1,"1":1,"2":1,"3":1,"4":1,"5":1,"6":1,"7":1,"8":1,"9":1,"10":1,"11":1,"12":1,"13":33,"14":1,"15":1},"b":{"0":[1,0],"1":[1,2,3,4,5,6,7,8,9,10,11,12,13,18,1,1,2,3,4,5,6,7,1,1,1,1,1,1,1,0],"2":[1,32],"3":[33,1],"4":[1],"5":[0,1],"6":[1,0]},"_coverageSchema":"43e27e138ebf9cfc5966b082cf9a028302ed4184","hash":"4e1611852985ff41de821c12c4cc69e789050ba4","contentHash":"296a74f96b3e149be3274da0dbe7f7e9"},"C:\\Users\\cname\\Dropbox\\Software\\Projects\\projects\\project_perform\\test\\database-test.js":{"path":"C:\\Users\\cname\\Dropbox\\Software\\Projects\\projects\\project_perform\\test\\database-test.js","statementMap":{"0":{"start":{"line":3,"column":19},"end":{"line":3,"column":65}},"1":{"start":{"line":4,"column":14},"end":{"line":4,"column":50}},"2":{"start":{"line":5,"column":0},"end":{"line":5,"column":32}},"3":{"start":{"line":7,"column":0},"end":{"line":413,"column":3}},"4":{"start":{"line":9,"column":17},"end":{"line":9,"column":32}},"5":{"start":{"line":10,"column":20},"end":{"line":10,"column":55}},"6":{"start":{"line":11,"column":25},"end":{"line":11,"column":52}},"7":{"start":{"line":12,"column":39},"end":{"line":12,"column":84}},"8":{"start":{"line":14,"column":19},"end":{"line":14,"column":21}},"9":{"start":{"line":15,"column":14},"end":{"line":15,"column":16}},"10":{"start":{"line":16,"column":4},"end":{"line":24,"column":5}},"11":{"start":{"line":18,"column":8},"end":{"line":22,"column":9}},"12":{"start":{"line":20,"column":12},"end":{"line":20,"column":46}},"13":{"start":{"line":26,"column":23},"end":{"line":26,"column":44}},"14":{"start":{"line":27,"column":21},"end":{"line":27,"column":40}},"15":{"start":{"line":28,"column":25},"end":{"line":28,"column":42}},"16":{"start":{"line":30,"column":17},"end":{"line":30,"column":32}},"17":{"start":{"line":31,"column":18},"end":{"line":31,"column":34}},"18":{"start":{"line":32,"column":22},"end":{"line":32,"column":43}},"19":{"start":{"line":33,"column":4},"end":{"line":33,"column":24}},"20":{"start":{"line":34,"column":19},"end":{"line":34,"column":30}},"21":{"start":{"line":35,"column":4},"end":{"line":37,"column":7}},"22":{"start":{"line":40,"column":19},"end":{"line":40,"column":21}},"23":{"start":{"line":43,"column":23},"end":{"line":43,"column":27}},"24":{"start":{"line":46,"column":23},"end":{"line":49,"column":5}},"25":{"start":{"line":50,"column":27},"end":{"line":50,"column":38}},"26":{"start":{"line":51,"column":22},"end":{"line":51,"column":38}},"27":{"start":{"line":53,"column":4},"end":{"line":73,"column":7}},"28":{"start":{"line":55,"column":8},"end":{"line":65,"column":10}},"29":{"start":{"line":57,"column":12},"end":{"line":63,"column":14}},"30":{"start":{"line":60,"column":16},"end":{"line":60,"column":45}},"31":{"start":{"line":61,"column":16},"end":{"line":61,"column":50}},"32":{"start":{"line":68,"column":25},"end":{"line":68,"column":62}},"33":{"start":{"line":69,"column":8},"end":{"line":69,"column":40}},"34":{"start":{"line":71,"column":8},"end":{"line":71,"column":65}},"35":{"start":{"line":75,"column":4},"end":{"line":89,"column":7}},"36":{"start":{"line":78,"column":8},"end":{"line":83,"column":9}},"37":{"start":{"line":80,"column":12},"end":{"line":80,"column":57}},"38":{"start":{"line":86,"column":8},"end":{"line":86,"column":57}},"39":{"start":{"line":87,"column":8},"end":{"line":87,"column":40}},"40":{"start":{"line":91,"column":4},"end":{"line":141,"column":7}},"41":{"start":{"line":97,"column":23},"end":{"line":97,"column":24}},"42":{"start":{"line":98,"column":8},"end":{"line":128,"column":20}},"43":{"start":{"line":103,"column":20},"end":{"line":112,"column":21}},"44":{"start":{"line":105,"column":24},"end":{"line":105,"column":35}},"45":{"start":{"line":106,"column":24},"end":{"line":106,"column":54}},"46":{"start":{"line":110,"column":24},"end":{"line":110,"column":78}},"47":{"start":{"line":122,"column":20},"end":{"line":122,"column":27}},"48":{"start":{"line":129,"column":8},"end":{"line":129,"column":40}},"49":{"start":{"line":132,"column":8},"end":{"line":132,"column":52}},"50":{"start":{"line":133,"column":8},"end":{"line":135,"column":38}},"51":{"start":{"line":136,"column":8},"end":{"line":138,"column":25}},"52":{"start":{"line":139,"column":8},"end":{"line":139,"column":53}},"53":{"start":{"line":143,"column":4},"end":{"line":162,"column":7}},"54":{"start":{"line":146,"column":8},"end":{"line":146,"column":29}},"55":{"start":{"line":147,"column":8},"end":{"line":149,"column":20}},"56":{"start":{"line":151,"column":8},"end":{"line":151,"column":40}},"57":{"start":{"line":153,"column":8},"end":{"line":153,"column":52}},"58":{"start":{"line":154,"column":8},"end":{"line":156,"column":38}},"59":{"start":{"line":157,"column":8},"end":{"line":159,"column":25}},"60":{"start":{"line":160,"column":8},"end":{"line":160,"column":53}},"61":{"start":{"line":164,"column":4},"end":{"line":205,"column":7}},"62":{"start":{"line":172,"column":28},"end":{"line":176,"column":9}},"63":{"start":{"line":174,"column":12},"end":{"line":174,"column":42}},"64":{"start":{"line":177,"column":8},"end":{"line":190,"column":20}},"65":{"start":{"line":186,"column":20},"end":{"line":186,"column":50}},"66":{"start":{"line":191,"column":8},"end":{"line":191,"column":40}},"67":{"start":{"line":193,"column":8},"end":{"line":203,"column":9}},"68":{"start":{"line":195,"column":12},"end":{"line":195,"column":41}},"69":{"start":{"line":196,"column":12},"end":{"line":196,"column":62}},"70":{"start":{"line":200,"column":12},"end":{"line":201,"column":38}},"71":{"start":{"line":207,"column":4},"end":{"line":218,"column":7}},"72":{"start":{"line":209,"column":8},"end":{"line":209,"column":52}},"73":{"start":{"line":210,"column":8},"end":{"line":212,"column":23}},"74":{"start":{"line":213,"column":8},"end":{"line":213,"column":53}},"75":{"start":{"line":214,"column":8},"end":{"line":216,"column":23}},"76":{"start":{"line":220,"column":4},"end":{"line":232,"column":7}},"77":{"start":{"line":222,"column":8},"end":{"line":222,"column":52}},"78":{"start":{"line":223,"column":8},"end":{"line":223,"column":53}},"79":{"start":{"line":224,"column":8},"end":{"line":226,"column":23}},"80":{"start":{"line":227,"column":8},"end":{"line":227,"column":53}},"81":{"start":{"line":228,"column":8},"end":{"line":230,"column":23}},"82":{"start":{"line":234,"column":4},"end":{"line":241,"column":7}},"83":{"start":{"line":236,"column":8},"end":{"line":236,"column":26}},"84":{"start":{"line":237,"column":23},"end":{"line":237,"column":67}},"85":{"start":{"line":238,"column":8},"end":{"line":239,"column":37}},"86":{"start":{"line":243,"column":4},"end":{"line":269,"column":7}},"87":{"start":{"line":246,"column":29},"end":{"line":246,"column":43}},"88":{"start":{"line":247,"column":8},"end":{"line":247,"column":37}},"89":{"start":{"line":249,"column":8},"end":{"line":251,"column":20}},"90":{"start":{"line":252,"column":8},"end":{"line":252,"column":40}},"91":{"start":{"line":254,"column":8},"end":{"line":267,"column":9}},"92":{"start":{"line":256,"column":12},"end":{"line":256,"column":41}},"93":{"start":{"line":257,"column":12},"end":{"line":257,"column":62}},"94":{"start":{"line":262,"column":12},"end":{"line":262,"column":42}},"95":{"start":{"line":264,"column":12},"end":{"line":265,"column":45}},"96":{"start":{"line":271,"column":4},"end":{"line":281,"column":7}},"97":{"start":{"line":274,"column":29},"end":{"line":274,"column":57}},"98":{"start":{"line":275,"column":22},"end":{"line":276,"column":41}},"99":{"start":{"line":277,"column":8},"end":{"line":277,"column":53}},"100":{"start":{"line":278,"column":8},"end":{"line":279,"column":36}},"101":{"start":{"line":283,"column":4},"end":{"line":298,"column":7}},"102":{"start":{"line":285,"column":8},"end":{"line":296,"column":9}},"103":{"start":{"line":287,"column":12},"end":{"line":288,"column":51}},"104":{"start":{"line":289,"column":12},"end":{"line":289,"column":62}},"105":{"start":{"line":293,"column":12},"end":{"line":294,"column":37}},"106":{"start":{"line":300,"column":4},"end":{"line":320,"column":7}},"107":{"start":{"line":303,"column":25},"end":{"line":303,"column":53}},"108":{"start":{"line":304,"column":8},"end":{"line":306,"column":26}},"109":{"start":{"line":309,"column":8},"end":{"line":309,"column":59}},"110":{"start":{"line":310,"column":8},"end":{"line":312,"column":27}},"111":{"start":{"line":315,"column":8},"end":{"line":315,"column":59}},"112":{"start":{"line":316,"column":8},"end":{"line":318,"column":27}},"113":{"start":{"line":322,"column":4},"end":{"line":376,"column":7}},"114":{"start":{"line":334,"column":16},"end":{"line":334,"column":24}},"115":{"start":{"line":335,"column":16},"end":{"line":335,"column":33}},"116":{"start":{"line":340,"column":16},"end":{"line":344,"column":19}},"117":{"start":{"line":342,"column":20},"end":{"line":342,"column":64}},"118":{"start":{"line":352,"column":12},"end":{"line":352,"column":35}},"119":{"start":{"line":356,"column":8},"end":{"line":358,"column":20}},"120":{"start":{"line":359,"column":8},"end":{"line":359,"column":40}},"121":{"start":{"line":361,"column":8},"end":{"line":374,"column":9}},"122":{"start":{"line":363,"column":12},"end":{"line":363,"column":41}},"123":{"start":{"line":364,"column":12},"end":{"line":364,"column":62}},"124":{"start":{"line":369,"column":12},"end":{"line":369,"column":61}},"125":{"start":{"line":371,"column":12},"end":{"line":372,"column":38}},"126":{"start":{"line":378,"column":4},"end":{"line":398,"column":7}},"127":{"start":{"line":380,"column":26},"end":{"line":390,"column":9}},"128":{"start":{"line":386,"column":20},"end":{"line":386,"column":50}},"129":{"start":{"line":393,"column":20},"end":{"line":393,"column":56}},"130":{"start":{"line":395,"column":8},"end":{"line":396,"column":34}},"131":{"start":{"line":400,"column":4},"end":{"line":411,"column":7}},"132":{"start":{"line":403,"column":25},"end":{"line":403,"column":53}},"133":{"start":{"line":404,"column":31},"end":{"line":404,"column":75}},"134":{"start":{"line":406,"column":8},"end":{"line":406,"column":59}},"135":{"start":{"line":407,"column":8},"end":{"line":409,"column":31}}},"fnMap":{"0":{"name":"(anonymous_0)","decl":{"start":{"line":7,"column":32},"end":{"line":7,"column":33}},"loc":{"start":{"line":7,"column":43},"end":{"line":413,"column":1}},"line":7},"1":{"name":"(anonymous_1)","decl":{"start":{"line":53,"column":49},"end":{"line":53,"column":50}},"loc":{"start":{"line":53,"column":66},"end":{"line":73,"column":5}},"line":53},"2":{"name":"(anonymous_2)","decl":{"start":{"line":55,"column":20},"end":{"line":55,"column":21}},"loc":{"start":{"line":55,"column":32},"end":{"line":65,"column":9}},"line":55},"3":{"name":"debug","decl":{"start":{"line":57,"column":28},"end":{"line":57,"column":33}},"loc":{"start":{"line":57,"column":43},"end":{"line":63,"column":13}},"line":57},"4":{"name":"(anonymous_4)","decl":{"start":{"line":75,"column":55},"end":{"line":75,"column":56}},"loc":{"start":{"line":75,"column":72},"end":{"line":89,"column":5}},"line":75},"5":{"name":"(anonymous_5)","decl":{"start":{"line":91,"column":40},"end":{"line":91,"column":41}},"loc":{"start":{"line":91,"column":57},"end":{"line":141,"column":5}},"line":91},"6":{"name":"(anonymous_6)","decl":{"start":{"line":101,"column":34},"end":{"line":101,"column":35}},"loc":{"start":{"line":101,"column":59},"end":{"line":114,"column":17}},"line":101},"7":{"name":"(anonymous_7)","decl":{"start":{"line":120,"column":25},"end":{"line":120,"column":26}},"loc":{"start":{"line":120,"column":31},"end":{"line":124,"column":17}},"line":120},"8":{"name":"(anonymous_8)","decl":{"start":{"line":143,"column":39},"end":{"line":143,"column":40}},"loc":{"start":{"line":143,"column":56},"end":{"line":162,"column":5}},"line":143},"9":{"name":"(anonymous_9)","decl":{"start":{"line":166,"column":29},"end":{"line":166,"column":30}},"loc":{"start":{"line":166,"column":46},"end":{"line":205,"column":5}},"line":166},"10":{"name":"(anonymous_10)","decl":{"start":{"line":172,"column":28},"end":{"line":172,"column":29}},"loc":{"start":{"line":172,"column":34},"end":{"line":176,"column":9}},"line":172},"11":{"name":"(anonymous_11)","decl":{"start":{"line":184,"column":34},"end":{"line":184,"column":35}},"loc":{"start":{"line":184,"column":40},"end":{"line":188,"column":17}},"line":184},"12":{"name":"(anonymous_12)","decl":{"start":{"line":207,"column":45},"end":{"line":207,"column":46}},"loc":{"start":{"line":207,"column":62},"end":{"line":218,"column":5}},"line":207},"13":{"name":"(anonymous_13)","decl":{"start":{"line":220,"column":46},"end":{"line":220,"column":47}},"loc":{"start":{"line":220,"column":63},"end":{"line":232,"column":5}},"line":220},"14":{"name":"(anonymous_14)","decl":{"start":{"line":234,"column":48},"end":{"line":234,"column":49}},"loc":{"start":{"line":234,"column":65},"end":{"line":241,"column":5}},"line":234},"15":{"name":"(anonymous_15)","decl":{"start":{"line":243,"column":41},"end":{"line":243,"column":42}},"loc":{"start":{"line":243,"column":58},"end":{"line":269,"column":5}},"line":243},"16":{"name":"(anonymous_16)","decl":{"start":{"line":271,"column":35},"end":{"line":271,"column":36}},"loc":{"start":{"line":271,"column":52},"end":{"line":281,"column":5}},"line":271},"17":{"name":"(anonymous_17)","decl":{"start":{"line":283,"column":43},"end":{"line":283,"column":44}},"loc":{"start":{"line":283,"column":60},"end":{"line":298,"column":5}},"line":283},"18":{"name":"(anonymous_18)","decl":{"start":{"line":300,"column":42},"end":{"line":300,"column":43}},"loc":{"start":{"line":300,"column":59},"end":{"line":320,"column":5}},"line":300},"19":{"name":"(anonymous_19)","decl":{"start":{"line":322,"column":39},"end":{"line":322,"column":40}},"loc":{"start":{"line":322,"column":56},"end":{"line":376,"column":5}},"line":322},"20":{"name":"(anonymous_20)","decl":{"start":{"line":332,"column":12},"end":{"line":332,"column":13}},"loc":{"start":{"line":332,"column":26},"end":{"line":337,"column":13}},"line":332},"21":{"name":"(anonymous_21)","decl":{"start":{"line":338,"column":12},"end":{"line":338,"column":13}},"loc":{"start":{"line":338,"column":24},"end":{"line":346,"column":13}},"line":338},"22":{"name":"(anonymous_22)","decl":{"start":{"line":340,"column":33},"end":{"line":340,"column":34}},"loc":{"start":{"line":340,"column":39},"end":{"line":344,"column":17}},"line":340},"23":{"name":"connectMongoDebug","decl":{"start":{"line":350,"column":17},"end":{"line":350,"column":34}},"loc":{"start":{"line":350,"column":37},"end":{"line":354,"column":9}},"line":350},"24":{"name":"(anonymous_24)","decl":{"start":{"line":378,"column":38},"end":{"line":378,"column":39}},"loc":{"start":{"line":378,"column":55},"end":{"line":398,"column":5}},"line":378},"25":{"name":"(anonymous_25)","decl":{"start":{"line":384,"column":23},"end":{"line":384,"column":24}},"loc":{"start":{"line":384,"column":29},"end":{"line":388,"column":17}},"line":384},"26":{"name":"(anonymous_26)","decl":{"start":{"line":400,"column":37},"end":{"line":400,"column":38}},"loc":{"start":{"line":400,"column":54},"end":{"line":411,"column":5}},"line":400}},"branchMap":{"0":{"loc":{"start":{"line":18,"column":8},"end":{"line":22,"column":9}},"type":"if","locations":[{"start":{"line":18,"column":8},"end":{"line":22,"column":9}},{"start":{"line":18,"column":8},"end":{"line":22,"column":9}}],"line":18},"1":{"loc":{"start":{"line":78,"column":8},"end":{"line":83,"column":9}},"type":"if","locations":[{"start":{"line":78,"column":8},"end":{"line":83,"column":9}},{"start":{"line":78,"column":8},"end":{"line":83,"column":9}}],"line":78},"2":{"loc":{"start":{"line":78,"column":12},"end":{"line":78,"column":57}},"type":"binary-expr","locations":[{"start":{"line":78,"column":12},"end":{"line":78,"column":24}},{"start":{"line":78,"column":28},"end":{"line":78,"column":57}}],"line":78},"3":{"loc":{"start":{"line":103,"column":20},"end":{"line":112,"column":21}},"type":"if","locations":[{"start":{"line":103,"column":20},"end":{"line":112,"column":21}},{"start":{"line":103,"column":20},"end":{"line":112,"column":21}}],"line":103}},"s":{"0":1,"1":1,"2":1,"3":1,"4":1,"5":1,"6":1,"7":1,"8":1,"9":1,"10":1,"11":79,"12":79,"13":1,"14":1,"15":1,"16":1,"17":1,"18":1,"19":1,"20":1,"21":1,"22":1,"23":1,"24":1,"25":1,"26":1,"27":1,"28":1,"29":1,"30":5,"31":5,"32":1,"33":1,"34":1,"35":1,"36":13,"37":0,"38":13,"39":13,"40":1,"41":1,"42":1,"43":2,"44":1,"45":1,"46":1,"47":0,"48":1,"49":1,"50":1,"51":1,"52":1,"53":1,"54":1,"55":1,"56":1,"57":1,"58":1,"59":1,"60":1,"61":1,"62":1,"63":0,"64":1,"65":2,"66":1,"67":1,"68":1,"69":0,"70":1,"71":1,"72":1,"73":1,"74":1,"75":1,"76":1,"77":1,"78":1,"79":1,"80":1,"81":1,"82":1,"83":1,"84":1,"85":1,"86":1,"87":1,"88":1,"89":1,"90":1,"91":1,"92":1,"93":0,"94":1,"95":1,"96":1,"97":1,"98":1,"99":1,"100":1,"101":1,"102":1,"103":1,"104":0,"105":1,"106":1,"107":1,"108":1,"109":1,"110":1,"111":1,"112":1,"113":1,"114":1,"115":1,"116":1,"117":1,"118":1,"119":1,"120":1,"121":1,"122":1,"123":0,"124":1,"125":1,"126":1,"127":1,"128":1,"129":1,"130":1,"131":1,"132":1,"133":1,"134":1,"135":1},"f":{"0":1,"1":1,"2":1,"3":5,"4":13,"5":1,"6":2,"7":0,"8":1,"9":1,"10":0,"11":2,"12":1,"13":1,"14":1,"15":1,"16":1,"17":1,"18":1,"19":1,"20":1,"21":1,"22":1,"23":1,"24":1,"25":1,"26":1},"b":{"0":[79,0],"1":[0,13],"2":[13,13],"3":[1,1]},"_coverageSchema":"43e27e138ebf9cfc5966b082cf9a028302ed4184","hash":"b6b92a8992325a283dc1d2b41e6bdcce41b17e92","contentHash":"6741f6f4ca4a3072209329b8bb151091"},"C:\\Users\\cname\\Dropbox\\Software\\Projects\\projects\\project_perform\\dist\\.config.js":{"path":"C:\\Users\\cname\\Dropbox\\Software\\Projects\\projects\\project_perform\\dist\\.config.js","statementMap":{"0":{"start":{"line":2,"column":22},"end":{"line":4,"column":1}},"1":{"start":{"line":3,"column":4},"end":{"line":3,"column":62}},"2":{"start":{"line":5,"column":19},"end":{"line":11,"column":1}},"3":{"start":{"line":6,"column":4},"end":{"line":6,"column":42}},"4":{"start":{"line":6,"column":31},"end":{"line":6,"column":42}},"5":{"start":{"line":7,"column":17},"end":{"line":7,"column":19}},"6":{"start":{"line":8,"column":4},"end":{"line":8,"column":99}},"7":{"start":{"line":8,"column":21},"end":{"line":8,"column":99}},"8":{"start":{"line":8,"column":40},"end":{"line":8,"column":99}},"9":{"start":{"line":8,"column":80},"end":{"line":8,"column":99}},"10":{"start":{"line":9,"column":4},"end":{"line":9,"column":28}},"11":{"start":{"line":10,"column":4},"end":{"line":10,"column":18}},"12":{"start":{"line":12,"column":0},"end":{"line":12,"column":62}},"13":{"start":{"line":18,"column":19},"end":{"line":18,"column":65}},"14":{"start":{"line":19,"column":16},"end":{"line":19,"column":49}},"15":{"start":{"line":20,"column":14},"end":{"line":20,"column":49}},"16":{"start":{"line":21,"column":0},"end":{"line":21,"column":32}},"17":{"start":{"line":22,"column":22},"end":{"line":22,"column":60}},"18":{"start":{"line":23,"column":13},"end":{"line":23,"column":42}},"19":{"start":{"line":24,"column":16},"end":{"line":24,"column":40}},"20":{"start":{"line":26,"column":21},"end":{"line":26,"column":66}},"21":{"start":{"line":27,"column":15},"end":{"line":27,"column":55}},"22":{"start":{"line":28,"column":19},"end":{"line":28,"column":62}},"23":{"start":{"line":30,"column":22},"end":{"line":30,"column":73}},"24":{"start":{"line":32,"column":22},"end":{"line":32,"column":73}},"25":{"start":{"line":34,"column":17},"end":{"line":34,"column":64}},"26":{"start":{"line":36,"column":15},"end":{"line":36,"column":54}},"27":{"start":{"line":38,"column":18},"end":{"line":38,"column":60}},"28":{"start":{"line":40,"column":17},"end":{"line":40,"column":61}},"29":{"start":{"line":41,"column":23},"end":{"line":41,"column":77}},"30":{"start":{"line":43,"column":25},"end":{"line":43,"column":69}},"31":{"start":{"line":44,"column":26},"end":{"line":44,"column":71}},"32":{"start":{"line":45,"column":26},"end":{"line":45,"column":78}},"33":{"start":{"line":46,"column":31},"end":{"line":46,"column":88}},"34":{"start":{"line":47,"column":27},"end":{"line":47,"column":80}},"35":{"start":{"line":48,"column":25},"end":{"line":48,"column":76}},"36":{"start":{"line":49,"column":25},"end":{"line":49,"column":75}},"37":{"start":{"line":50,"column":29},"end":{"line":50,"column":78}},"38":{"start":{"line":51,"column":31},"end":{"line":51,"column":82}},"39":{"start":{"line":52,"column":32},"end":{"line":52,"column":84}},"40":{"start":{"line":53,"column":30},"end":{"line":53,"column":79}},"41":{"start":{"line":54,"column":30},"end":{"line":54,"column":79}},"42":{"start":{"line":55,"column":25},"end":{"line":55,"column":69}},"43":{"start":{"line":56,"column":25},"end":{"line":56,"column":69}},"44":{"start":{"line":58,"column":19},"end":{"line":58,"column":58}},"45":{"start":{"line":59,"column":19},"end":{"line":59,"column":58}},"46":{"start":{"line":61,"column":0},"end":{"line":251,"column":2}},"47":{"start":{"line":126,"column":8},"end":{"line":126,"column":62}},"48":{"start":{"line":199,"column":8},"end":{"line":199,"column":35}}},"fnMap":{"0":{"name":"(anonymous_0)","decl":{"start":{"line":2,"column":56},"end":{"line":2,"column":57}},"loc":{"start":{"line":2,"column":71},"end":{"line":4,"column":1}},"line":2},"1":{"name":"(anonymous_1)","decl":{"start":{"line":5,"column":50},"end":{"line":5,"column":51}},"loc":{"start":{"line":5,"column":65},"end":{"line":11,"column":1}},"line":5},"2":{"name":"(anonymous_2)","decl":{"start":{"line":125,"column":4},"end":{"line":125,"column":5}},"loc":{"start":{"line":125,"column":38},"end":{"line":127,"column":5}},"line":125},"3":{"name":"(anonymous_3)","decl":{"start":{"line":198,"column":4},"end":{"line":198,"column":5}},"loc":{"start":{"line":198,"column":27},"end":{"line":200,"column":5}},"line":198}},"branchMap":{"0":{"loc":{"start":{"line":2,"column":22},"end":{"line":4,"column":1}},"type":"binary-expr","locations":[{"start":{"line":2,"column":23},"end":{"line":2,"column":27}},{"start":{"line":2,"column":31},"end":{"line":2,"column":51}},{"start":{"line":2,"column":56},"end":{"line":4,"column":1}}],"line":2},"1":{"loc":{"start":{"line":3,"column":11},"end":{"line":3,"column":61}},"type":"cond-expr","locations":[{"start":{"line":3,"column":37},"end":{"line":3,"column":40}},{"start":{"line":3,"column":43},"end":{"line":3,"column":61}}],"line":3},"2":{"loc":{"start":{"line":3,"column":12},"end":{"line":3,"column":33}},"type":"binary-expr","locations":[{"start":{"line":3,"column":12},"end":{"line":3,"column":15}},{"start":{"line":3,"column":19},"end":{"line":3,"column":33}}],"line":3},"3":{"loc":{"start":{"line":5,"column":19},"end":{"line":11,"column":1}},"type":"binary-expr","locations":[{"start":{"line":5,"column":20},"end":{"line":5,"column":24}},{"start":{"line":5,"column":28},"end":{"line":5,"column":45}},{"start":{"line":5,"column":50},"end":{"line":11,"column":1}}],"line":5},"4":{"loc":{"start":{"line":6,"column":4},"end":{"line":6,"column":42}},"type":"if","locations":[{"start":{"line":6,"column":4},"end":{"line":6,"column":42}},{"start":{"line":6,"column":4},"end":{"line":6,"column":42}}],"line":6},"5":{"loc":{"start":{"line":6,"column":8},"end":{"line":6,"column":29}},"type":"binary-expr","locations":[{"start":{"line":6,"column":8},"end":{"line":6,"column":11}},{"start":{"line":6,"column":15},"end":{"line":6,"column":29}}],"line":6},"6":{"loc":{"start":{"line":8,"column":4},"end":{"line":8,"column":99}},"type":"if","locations":[{"start":{"line":8,"column":4},"end":{"line":8,"column":99}},{"start":{"line":8,"column":4},"end":{"line":8,"column":99}}],"line":8},"7":{"loc":{"start":{"line":8,"column":40},"end":{"line":8,"column":99}},"type":"if","locations":[{"start":{"line":8,"column":40},"end":{"line":8,"column":99}},{"start":{"line":8,"column":40},"end":{"line":8,"column":99}}],"line":8}},"s":{"0":1,"1":1,"2":1,"3":28,"4":26,"5":2,"6":2,"7":2,"8":21,"9":21,"10":2,"11":2,"12":1,"13":1,"14":1,"15":1,"16":1,"17":1,"18":1,"19":1,"20":1,"21":1,"22":1,"23":1,"24":1,"25":1,"26":1,"27":1,"28":1,"29":1,"30":1,"31":1,"32":1,"33":1,"34":1,"35":1,"36":1,"37":1,"38":1,"39":1,"40":1,"41":1,"42":1,"43":1,"44":1,"45":1,"46":1,"47":8,"48":5},"f":{"0":1,"1":28,"2":8,"3":5},"b":{"0":[1,1,1],"1":[0,1],"2":[1,1],"3":[1,1,1],"4":[26,2],"5":[28,28],"6":[2,0],"7":[21,0]},"_coverageSchema":"43e27e138ebf9cfc5966b082cf9a028302ed4184","hash":"4c231ed6e861b2d546b57b4b5c60be4ab1d1adc8","contentHash":"35b43237be36f25a196b492a445d9fc5"},"C:\\Users\\cname\\Dropbox\\Software\\Projects\\projects\\project_perform\\dist\\server\\startserver.js":{"path":"C:\\Users\\cname\\Dropbox\\Software\\Projects\\projects\\project_perform\\dist\\server\\startserver.js","statementMap":{"0":{"start":{"line":2,"column":22},"end":{"line":4,"column":1}},"1":{"start":{"line":3,"column":4},"end":{"line":3,"column":62}},"2":{"start":{"line":5,"column":0},"end":{"line":5,"column":62}},"3":{"start":{"line":12,"column":19},"end":{"line":12,"column":65}},"4":{"start":{"line":13,"column":16},"end":{"line":13,"column":49}},"5":{"start":{"line":14,"column":14},"end":{"line":14,"column":49}},"6":{"start":{"line":15,"column":0},"end":{"line":15,"column":32}},"7":{"start":{"line":16,"column":28},"end":{"line":16,"column":73}},"8":{"start":{"line":17,"column":13},"end":{"line":17,"column":43}},"9":{"start":{"line":18,"column":15},"end":{"line":18,"column":47}},"10":{"start":{"line":19,"column":16},"end":{"line":19,"column":49}},"11":{"start":{"line":32,"column":4},"end":{"line":32,"column":48}},"12":{"start":{"line":33,"column":20},"end":{"line":33,"column":30}},"13":{"start":{"line":34,"column":19},"end":{"line":34,"column":36}},"14":{"start":{"line":35,"column":19},"end":{"line":35,"column":36}},"15":{"start":{"line":36,"column":22},"end":{"line":36,"column":42}},"16":{"start":{"line":38,"column":23},"end":{"line":38,"column":36}},"17":{"start":{"line":41,"column":23},"end":{"line":41,"column":35}},"18":{"start":{"line":42,"column":8},"end":{"line":42,"column":56}},"19":{"start":{"line":43,"column":8},"end":{"line":43,"column":60}},"20":{"start":{"line":44,"column":8},"end":{"line":51,"column":9}},"21":{"start":{"line":45,"column":12},"end":{"line":45,"column":77}},"22":{"start":{"line":48,"column":12},"end":{"line":48,"column":72}},"23":{"start":{"line":49,"column":12},"end":{"line":49,"column":27}},"24":{"start":{"line":50,"column":12},"end":{"line":50,"column":22}},"25":{"start":{"line":53,"column":8},"end":{"line":53,"column":37}},"26":{"start":{"line":56,"column":21},"end":{"line":56,"column":35}},"27":{"start":{"line":57,"column":21},"end":{"line":57,"column":27}},"28":{"start":{"line":58,"column":24},"end":{"line":58,"column":26}},"29":{"start":{"line":59,"column":21},"end":{"line":59,"column":23}},"30":{"start":{"line":61,"column":4},"end":{"line":79,"column":5}},"31":{"start":{"line":63,"column":8},"end":{"line":65,"column":11}},"32":{"start":{"line":67,"column":8},"end":{"line":67,"column":45}},"33":{"start":{"line":69,"column":8},"end":{"line":69,"column":136}},"34":{"start":{"line":71,"column":8},"end":{"line":71,"column":37}},"35":{"start":{"line":72,"column":8},"end":{"line":72,"column":29}},"36":{"start":{"line":74,"column":8},"end":{"line":77,"column":10}},"37":{"start":{"line":78,"column":8},"end":{"line":78,"column":33}},"38":{"start":{"line":81,"column":4},"end":{"line":81,"column":132}},"39":{"start":{"line":82,"column":4},"end":{"line":82,"column":61}},"40":{"start":{"line":84,"column":0},"end":{"line":84,"column":34}}},"fnMap":{"0":{"name":"(anonymous_0)","decl":{"start":{"line":2,"column":56},"end":{"line":2,"column":57}},"loc":{"start":{"line":2,"column":71},"end":{"line":4,"column":1}},"line":2},"1":{"name":"startServer","decl":{"start":{"line":31,"column":15},"end":{"line":31,"column":26}},"loc":{"start":{"line":31,"column":32},"end":{"line":83,"column":1}},"line":31},"2":{"name":"connectServer","decl":{"start":{"line":40,"column":19},"end":{"line":40,"column":32}},"loc":{"start":{"line":40,"column":114},"end":{"line":54,"column":5}},"line":40}},"branchMap":{"0":{"loc":{"start":{"line":2,"column":22},"end":{"line":4,"column":1}},"type":"binary-expr","locations":[{"start":{"line":2,"column":23},"end":{"line":2,"column":27}},{"start":{"line":2,"column":31},"end":{"line":2,"column":51}},{"start":{"line":2,"column":56},"end":{"line":4,"column":1}}],"line":2},"1":{"loc":{"start":{"line":3,"column":11},"end":{"line":3,"column":61}},"type":"cond-expr","locations":[{"start":{"line":3,"column":37},"end":{"line":3,"column":40}},{"start":{"line":3,"column":43},"end":{"line":3,"column":61}}],"line":3},"2":{"loc":{"start":{"line":3,"column":12},"end":{"line":3,"column":33}},"type":"binary-expr","locations":[{"start":{"line":3,"column":12},"end":{"line":3,"column":15}},{"start":{"line":3,"column":19},"end":{"line":3,"column":33}}],"line":3},"3":{"loc":{"start":{"line":61,"column":4},"end":{"line":79,"column":5}},"type":"if","locations":[{"start":{"line":61,"column":4},"end":{"line":79,"column":5}},{"start":{"line":61,"column":4},"end":{"line":79,"column":5}}],"line":61}},"s":{"0":1,"1":5,"2":1,"3":1,"4":1,"5":1,"6":1,"7":1,"8":1,"9":1,"10":1,"11":11,"12":11,"13":11,"14":11,"15":11,"16":11,"17":20,"18":20,"19":20,"20":20,"21":20,"22":1,"23":1,"24":1,"25":19,"26":11,"27":11,"28":11,"29":11,"30":11,"31":10,"32":10,"33":10,"34":9,"35":9,"36":9,"37":9,"38":10,"39":10,"40":1},"f":{"0":5,"1":11,"2":20},"b":{"0":[1,1,1],"1":[0,5],"2":[5,5],"3":[10,1]},"_coverageSchema":"43e27e138ebf9cfc5966b082cf9a028302ed4184","hash":"d271f4c93063fd2f47c0c6391d123f3f41fe2e03","contentHash":"2508e4cd36432ee208b5a87538640213"},"C:\\Users\\cname\\Dropbox\\Software\\Projects\\projects\\project_perform\\dist\\server\\server.js":{"path":"C:\\Users\\cname\\Dropbox\\Software\\Projects\\projects\\project_perform\\dist\\server\\server.js","statementMap":{"0":{"start":{"line":2,"column":22},"end":{"line":4,"column":1}},"1":{"start":{"line":3,"column":4},"end":{"line":3,"column":62}},"2":{"start":{"line":5,"column":0},"end":{"line":5,"column":62}},"3":{"start":{"line":16,"column":19},"end":{"line":16,"column":65}},"4":{"start":{"line":17,"column":16},"end":{"line":17,"column":49}},"5":{"start":{"line":18,"column":14},"end":{"line":18,"column":49}},"6":{"start":{"line":19,"column":0},"end":{"line":19,"column":32}},"7":{"start":{"line":21,"column":24},"end":{"line":21,"column":65}},"8":{"start":{"line":28,"column":8},"end":{"line":28,"column":32}},"9":{"start":{"line":29,"column":8},"end":{"line":29,"column":47}},"10":{"start":{"line":30,"column":8},"end":{"line":30,"column":39}},"11":{"start":{"line":32,"column":8},"end":{"line":32,"column":30}},"12":{"start":{"line":34,"column":8},"end":{"line":34,"column":32}},"13":{"start":{"line":36,"column":8},"end":{"line":36,"column":39}},"14":{"start":{"line":37,"column":8},"end":{"line":37,"column":41}},"15":{"start":{"line":38,"column":8},"end":{"line":38,"column":37}},"16":{"start":{"line":39,"column":8},"end":{"line":39,"column":41}},"17":{"start":{"line":42,"column":0},"end":{"line":42,"column":24}},"18":{"start":{"line":59,"column":4},"end":{"line":59,"column":48}},"19":{"start":{"line":61,"column":4},"end":{"line":61,"column":69}},"20":{"start":{"line":64,"column":4},"end":{"line":64,"column":69}},"21":{"start":{"line":66,"column":4},"end":{"line":66,"column":26}},"22":{"start":{"line":67,"column":4},"end":{"line":67,"column":70}},"23":{"start":{"line":68,"column":4},"end":{"line":68,"column":30}},"24":{"start":{"line":96,"column":4},"end":{"line":96,"column":49}},"25":{"start":{"line":98,"column":8},"end":{"line":98,"column":55}},"26":{"start":{"line":101,"column":12},"end":{"line":101,"column":69}},"27":{"start":{"line":102,"column":12},"end":{"line":103,"column":75}},"28":{"start":{"line":104,"column":12},"end":{"line":104,"column":40}},"29":{"start":{"line":109,"column":12},"end":{"line":135,"column":13}},"30":{"start":{"line":111,"column":16},"end":{"line":111,"column":78}},"31":{"start":{"line":112,"column":16},"end":{"line":112,"column":36}},"32":{"start":{"line":113,"column":16},"end":{"line":129,"column":17}},"33":{"start":{"line":114,"column":20},"end":{"line":118,"column":74}},"34":{"start":{"line":119,"column":20},"end":{"line":119,"column":97}},"35":{"start":{"line":123,"column":20},"end":{"line":127,"column":64}},"36":{"start":{"line":128,"column":20},"end":{"line":128,"column":32}},"37":{"start":{"line":133,"column":16},"end":{"line":133,"column":94}},"38":{"start":{"line":134,"column":16},"end":{"line":134,"column":28}},"39":{"start":{"line":138,"column":8},"end":{"line":138,"column":71}},"40":{"start":{"line":140,"column":8},"end":{"line":140,"column":66}},"41":{"start":{"line":142,"column":8},"end":{"line":145,"column":11}},"42":{"start":{"line":147,"column":4},"end":{"line":160,"column":5}},"43":{"start":{"line":149,"column":8},"end":{"line":154,"column":9}},"44":{"start":{"line":150,"column":12},"end":{"line":150,"column":64}},"45":{"start":{"line":153,"column":12},"end":{"line":153,"column":19}},"46":{"start":{"line":157,"column":8},"end":{"line":157,"column":78}},"47":{"start":{"line":158,"column":8},"end":{"line":158,"column":28}},"48":{"start":{"line":159,"column":8},"end":{"line":159,"column":18}},"49":{"start":{"line":172,"column":4},"end":{"line":172,"column":47}},"50":{"start":{"line":174,"column":8},"end":{"line":181,"column":11}},"51":{"start":{"line":175,"column":12},"end":{"line":178,"column":13}},"52":{"start":{"line":176,"column":16},"end":{"line":176,"column":80}},"53":{"start":{"line":177,"column":16},"end":{"line":177,"column":28}},"54":{"start":{"line":179,"column":12},"end":{"line":179,"column":83}},"55":{"start":{"line":180,"column":12},"end":{"line":180,"column":25}},"56":{"start":{"line":183,"column":4},"end":{"line":192,"column":5}},"57":{"start":{"line":184,"column":8},"end":{"line":184,"column":61}},"58":{"start":{"line":185,"column":8},"end":{"line":185,"column":56}},"59":{"start":{"line":188,"column":24},"end":{"line":188,"column":52}},"60":{"start":{"line":189,"column":8},"end":{"line":189,"column":48}},"61":{"start":{"line":190,"column":8},"end":{"line":190,"column":28}},"62":{"start":{"line":191,"column":8},"end":{"line":191,"column":19}},"63":{"start":{"line":207,"column":4},"end":{"line":207,"column":21}},"64":{"start":{"line":208,"column":4},"end":{"line":208,"column":25}},"65":{"start":{"line":209,"column":4},"end":{"line":209,"column":31}}},"fnMap":{"0":{"name":"(anonymous_0)","decl":{"start":{"line":2,"column":56},"end":{"line":2,"column":57}},"loc":{"start":{"line":2,"column":71},"end":{"line":4,"column":1}},"line":2},"1":{"name":"(anonymous_1)","decl":{"start":{"line":26,"column":4},"end":{"line":26,"column":5}},"loc":{"start":{"line":26,"column":18},"end":{"line":40,"column":5}},"line":26},"2":{"name":"setupServer","decl":{"start":{"line":58,"column":9},"end":{"line":58,"column":20}},"loc":{"start":{"line":58,"column":53},"end":{"line":69,"column":1}},"line":58},"3":{"name":"listenServer","decl":{"start":{"line":95,"column":15},"end":{"line":95,"column":27}},"loc":{"start":{"line":95,"column":76},"end":{"line":161,"column":1}},"line":95},"4":{"name":"listenCallback","decl":{"start":{"line":97,"column":19},"end":{"line":97,"column":33}},"loc":{"start":{"line":97,"column":51},"end":{"line":146,"column":5}},"line":97},"5":{"name":"listenHandler","decl":{"start":{"line":99,"column":17},"end":{"line":99,"column":30}},"loc":{"start":{"line":99,"column":33},"end":{"line":105,"column":9}},"line":99},"6":{"name":"errorHandler","decl":{"start":{"line":106,"column":23},"end":{"line":106,"column":35}},"loc":{"start":{"line":106,"column":41},"end":{"line":136,"column":9}},"line":106},"7":{"name":"stopServer","decl":{"start":{"line":171,"column":15},"end":{"line":171,"column":25}},"loc":{"start":{"line":171,"column":28},"end":{"line":193,"column":1}},"line":171},"8":{"name":"shutServer","decl":{"start":{"line":173,"column":13},"end":{"line":173,"column":23}},"loc":{"start":{"line":173,"column":41},"end":{"line":182,"column":5}},"line":173},"9":{"name":"(anonymous_9)","decl":{"start":{"line":174,"column":36},"end":{"line":174,"column":37}},"loc":{"start":{"line":174,"column":45},"end":{"line":181,"column":9}},"line":174},"10":{"name":"configServer","decl":{"start":{"line":206,"column":9},"end":{"line":206,"column":21}},"loc":{"start":{"line":206,"column":95},"end":{"line":210,"column":1}},"line":206}},"branchMap":{"0":{"loc":{"start":{"line":2,"column":22},"end":{"line":4,"column":1}},"type":"binary-expr","locations":[{"start":{"line":2,"column":23},"end":{"line":2,"column":27}},{"start":{"line":2,"column":31},"end":{"line":2,"column":51}},{"start":{"line":2,"column":56},"end":{"line":4,"column":1}}],"line":2},"1":{"loc":{"start":{"line":3,"column":11},"end":{"line":3,"column":61}},"type":"cond-expr","locations":[{"start":{"line":3,"column":37},"end":{"line":3,"column":40}},{"start":{"line":3,"column":43},"end":{"line":3,"column":61}}],"line":3},"2":{"loc":{"start":{"line":3,"column":12},"end":{"line":3,"column":33}},"type":"binary-expr","locations":[{"start":{"line":3,"column":12},"end":{"line":3,"column":15}},{"start":{"line":3,"column":19},"end":{"line":3,"column":33}}],"line":3},"3":{"loc":{"start":{"line":95,"column":40},"end":{"line":95,"column":55}},"type":"default-arg","locations":[{"start":{"line":95,"column":54},"end":{"line":95,"column":55}}],"line":95},"4":{"loc":{"start":{"line":95,"column":57},"end":{"line":95,"column":74}},"type":"default-arg","locations":[{"start":{"line":95,"column":73},"end":{"line":95,"column":74}}],"line":95},"5":{"loc":{"start":{"line":109,"column":12},"end":{"line":135,"column":13}},"type":"if","locations":[{"start":{"line":109,"column":12},"end":{"line":135,"column":13}},{"start":{"line":109,"column":12},"end":{"line":135,"column":13}}],"line":109},"6":{"loc":{"start":{"line":113,"column":16},"end":{"line":129,"column":17}},"type":"if","locations":[{"start":{"line":113,"column":16},"end":{"line":129,"column":17}},{"start":{"line":113,"column":16},"end":{"line":129,"column":17}}],"line":113},"7":{"loc":{"start":{"line":149,"column":8},"end":{"line":154,"column":9}},"type":"if","locations":[{"start":{"line":149,"column":8},"end":{"line":154,"column":9}},{"start":{"line":149,"column":8},"end":{"line":154,"column":9}}],"line":149},"8":{"loc":{"start":{"line":175,"column":12},"end":{"line":178,"column":13}},"type":"if","locations":[{"start":{"line":175,"column":12},"end":{"line":178,"column":13}},{"start":{"line":175,"column":12},"end":{"line":178,"column":13}}],"line":175},"9":{"loc":{"start":{"line":206,"column":22},"end":{"line":206,"column":31}},"type":"default-arg","locations":[{"start":{"line":206,"column":29},"end":{"line":206,"column":31}}],"line":206},"10":{"loc":{"start":{"line":206,"column":33},"end":{"line":206,"column":66}},"type":"default-arg","locations":[{"start":{"line":206,"column":42},"end":{"line":206,"column":66}}],"line":206},"11":{"loc":{"start":{"line":206,"column":68},"end":{"line":206,"column":93}},"type":"default-arg","locations":[{"start":{"line":206,"column":80},"end":{"line":206,"column":93}}],"line":206}},"s":{"0":1,"1":2,"2":1,"3":1,"4":1,"5":1,"6":1,"7":1,"8":32,"9":32,"10":32,"11":32,"12":32,"13":32,"14":32,"15":32,"16":32,"17":1,"18":32,"19":32,"20":31,"21":31,"22":31,"23":31,"24":30,"25":34,"26":28,"27":28,"28":28,"29":10,"30":7,"31":7,"32":7,"33":5,"34":5,"35":2,"36":2,"37":3,"38":3,"39":34,"40":34,"41":34,"42":30,"43":30,"44":29,"45":1,"46":3,"47":3,"48":3,"49":27,"50":27,"51":27,"52":1,"53":1,"54":27,"55":27,"56":27,"57":27,"58":27,"59":1,"60":1,"61":1,"62":1,"63":32,"64":32,"65":32},"f":{"0":2,"1":32,"2":32,"3":30,"4":34,"5":28,"6":10,"7":27,"8":27,"9":27,"10":32},"b":{"0":[1,1,1],"1":[0,2],"2":[2,2],"3":[8],"4":[8],"5":[7,3],"6":[5,2],"7":[29,1],"8":[1,26],"9":[0],"10":[12],"11":[12]},"_coverageSchema":"43e27e138ebf9cfc5966b082cf9a028302ed4184","hash":"deabd0c4d6d6b0e9b52698c320b246e3789e85ed","contentHash":"0527c99f6d823dd14e757aba4283eeee"},"C:\\Users\\cname\\Dropbox\\Software\\Projects\\projects\\project_perform\\dist\\server\\runServer.js":{"path":"C:\\Users\\cname\\Dropbox\\Software\\Projects\\projects\\project_perform\\dist\\server\\runServer.js","statementMap":{"0":{"start":{"line":2,"column":22},"end":{"line":4,"column":1}},"1":{"start":{"line":3,"column":4},"end":{"line":3,"column":62}},"2":{"start":{"line":5,"column":0},"end":{"line":5,"column":62}},"3":{"start":{"line":16,"column":19},"end":{"line":16,"column":65}},"4":{"start":{"line":17,"column":16},"end":{"line":17,"column":49}},"5":{"start":{"line":18,"column":14},"end":{"line":18,"column":49}},"6":{"start":{"line":19,"column":0},"end":{"line":19,"column":32}},"7":{"start":{"line":21,"column":22},"end":{"line":21,"column":61}},"8":{"start":{"line":22,"column":22},"end":{"line":22,"column":61}},"9":{"start":{"line":23,"column":24},"end":{"line":23,"column":65}},"10":{"start":{"line":24,"column":18},"end":{"line":24,"column":53}},"11":{"start":{"line":25,"column":24},"end":{"line":25,"column":65}},"12":{"start":{"line":26,"column":14},"end":{"line":26,"column":45}},"13":{"start":{"line":27,"column":15},"end":{"line":27,"column":47}},"14":{"start":{"line":28,"column":13},"end":{"line":28,"column":48}},"15":{"start":{"line":39,"column":4},"end":{"line":39,"column":46}},"16":{"start":{"line":40,"column":19},"end":{"line":40,"column":36}},"17":{"start":{"line":41,"column":20},"end":{"line":41,"column":38}},"18":{"start":{"line":42,"column":24},"end":{"line":42,"column":46}},"19":{"start":{"line":43,"column":25},"end":{"line":43,"column":48}},"20":{"start":{"line":45,"column":4},"end":{"line":45,"column":31}},"21":{"start":{"line":47,"column":4},"end":{"line":47,"column":40}},"22":{"start":{"line":49,"column":4},"end":{"line":49,"column":34}},"23":{"start":{"line":51,"column":4},"end":{"line":51,"column":30}},"24":{"start":{"line":53,"column":4},"end":{"line":53,"column":44}},"25":{"start":{"line":55,"column":4},"end":{"line":55,"column":37}},"26":{"start":{"line":57,"column":4},"end":{"line":57,"column":37}},"27":{"start":{"line":60,"column":8},"end":{"line":60,"column":32}},"28":{"start":{"line":61,"column":8},"end":{"line":61,"column":15}},"29":{"start":{"line":63,"column":4},"end":{"line":63,"column":22}},"30":{"start":{"line":65,"column":4},"end":{"line":65,"column":53}},"31":{"start":{"line":67,"column":4},"end":{"line":67,"column":37}},"32":{"start":{"line":69,"column":4},"end":{"line":69,"column":34}},"33":{"start":{"line":71,"column":4},"end":{"line":71,"column":38}},"34":{"start":{"line":72,"column":4},"end":{"line":74,"column":8}},"35":{"start":{"line":75,"column":4},"end":{"line":75,"column":42}},"36":{"start":{"line":76,"column":4},"end":{"line":76,"column":41}},"37":{"start":{"line":78,"column":4},"end":{"line":78,"column":56}},"38":{"start":{"line":79,"column":4},"end":{"line":111,"column":7}},"39":{"start":{"line":81,"column":8},"end":{"line":81,"column":33}},"40":{"start":{"line":83,"column":8},"end":{"line":83,"column":31}},"41":{"start":{"line":85,"column":8},"end":{"line":90,"column":10}},"42":{"start":{"line":92,"column":8},"end":{"line":107,"column":10}},"43":{"start":{"line":109,"column":8},"end":{"line":109,"column":29}},"44":{"start":{"line":110,"column":8},"end":{"line":110,"column":15}},"45":{"start":{"line":113,"column":4},"end":{"line":125,"column":7}},"46":{"start":{"line":114,"column":8},"end":{"line":114,"column":66}},"47":{"start":{"line":115,"column":8},"end":{"line":115,"column":52}},"48":{"start":{"line":116,"column":8},"end":{"line":116,"column":59}},"49":{"start":{"line":117,"column":8},"end":{"line":117,"column":68}},"50":{"start":{"line":118,"column":8},"end":{"line":118,"column":58}},"51":{"start":{"line":119,"column":8},"end":{"line":121,"column":57}},"52":{"start":{"line":122,"column":8},"end":{"line":122,"column":88}},"53":{"start":{"line":123,"column":8},"end":{"line":123,"column":93}},"54":{"start":{"line":124,"column":8},"end":{"line":124,"column":15}},"55":{"start":{"line":130,"column":32},"end":{"line":137,"column":5}},"56":{"start":{"line":133,"column":12},"end":{"line":135,"column":13}},"57":{"start":{"line":134,"column":16},"end":{"line":134,"column":37}},"58":{"start":{"line":138,"column":4},"end":{"line":138,"column":112}},"59":{"start":{"line":140,"column":4},"end":{"line":140,"column":36}},"60":{"start":{"line":142,"column":4},"end":{"line":142,"column":43}},"61":{"start":{"line":143,"column":4},"end":{"line":143,"column":45}},"62":{"start":{"line":144,"column":4},"end":{"line":144,"column":43}},"63":{"start":{"line":145,"column":4},"end":{"line":145,"column":52}},"64":{"start":{"line":146,"column":4},"end":{"line":146,"column":45}},"65":{"start":{"line":148,"column":0},"end":{"line":148,"column":30}}},"fnMap":{"0":{"name":"(anonymous_0)","decl":{"start":{"line":2,"column":56},"end":{"line":2,"column":57}},"loc":{"start":{"line":2,"column":71},"end":{"line":4,"column":1}},"line":2},"1":{"name":"runServer","decl":{"start":{"line":38,"column":15},"end":{"line":38,"column":24}},"loc":{"start":{"line":38,"column":30},"end":{"line":147,"column":1}},"line":38},"2":{"name":"assignId","decl":{"start":{"line":59,"column":13},"end":{"line":59,"column":21}},"loc":{"start":{"line":59,"column":39},"end":{"line":62,"column":5}},"line":59},"3":{"name":"(anonymous_3)","decl":{"start":{"line":79,"column":12},"end":{"line":79,"column":13}},"loc":{"start":{"line":79,"column":33},"end":{"line":111,"column":5}},"line":79},"4":{"name":"debugRequest","decl":{"start":{"line":113,"column":21},"end":{"line":113,"column":33}},"loc":{"start":{"line":113,"column":51},"end":{"line":125,"column":5}},"line":113},"5":{"name":"(anonymous_5)","decl":{"start":{"line":132,"column":20},"end":{"line":132,"column":21}},"loc":{"start":{"line":132,"column":35},"end":{"line":136,"column":9}},"line":132}},"branchMap":{"0":{"loc":{"start":{"line":2,"column":22},"end":{"line":4,"column":1}},"type":"binary-expr","locations":[{"start":{"line":2,"column":23},"end":{"line":2,"column":27}},{"start":{"line":2,"column":31},"end":{"line":2,"column":51}},{"start":{"line":2,"column":56},"end":{"line":4,"column":1}}],"line":2},"1":{"loc":{"start":{"line":3,"column":11},"end":{"line":3,"column":61}},"type":"cond-expr","locations":[{"start":{"line":3,"column":37},"end":{"line":3,"column":40}},{"start":{"line":3,"column":43},"end":{"line":3,"column":61}}],"line":3},"2":{"loc":{"start":{"line":3,"column":12},"end":{"line":3,"column":33}},"type":"binary-expr","locations":[{"start":{"line":3,"column":12},"end":{"line":3,"column":15}},{"start":{"line":3,"column":19},"end":{"line":3,"column":33}}],"line":3},"3":{"loc":{"start":{"line":133,"column":12},"end":{"line":135,"column":13}},"type":"if","locations":[{"start":{"line":133,"column":12},"end":{"line":135,"column":13}},{"start":{"line":133,"column":12},"end":{"line":135,"column":13}}],"line":133}},"s":{"0":1,"1":9,"2":1,"3":1,"4":1,"5":1,"6":1,"7":1,"8":1,"9":1,"10":1,"11":1,"12":1,"13":1,"14":1,"15":7,"16":7,"17":7,"18":7,"19":7,"20":7,"21":7,"22":7,"23":7,"24":7,"25":7,"26":7,"27":71,"28":71,"29":7,"30":7,"31":7,"32":7,"33":7,"34":7,"35":7,"36":7,"37":7,"38":7,"39":70,"40":70,"41":70,"42":70,"43":70,"44":70,"45":7,"46":70,"47":70,"48":70,"49":70,"50":70,"51":70,"52":70,"53":70,"54":70,"55":7,"56":4,"57":0,"58":7,"59":7,"60":7,"61":7,"62":7,"63":7,"64":7,"65":1},"f":{"0":9,"1":7,"2":71,"3":70,"4":70,"5":4},"b":{"0":[1,1,1],"1":[0,9],"2":[9,9],"3":[0,4]},"_coverageSchema":"43e27e138ebf9cfc5966b082cf9a028302ed4184","hash":"b2b03a82f713120cdd4d0678c0c80662e300b716","contentHash":"54643d3e2ca6225a8acf7e96ccc3a07f"},"C:\\Users\\cname\\Dropbox\\Software\\Projects\\projects\\project_perform\\dist\\middlewares\\serverlogger.js":{"path":"C:\\Users\\cname\\Dropbox\\Software\\Projects\\projects\\project_perform\\dist\\middlewares\\serverlogger.js","statementMap":{"0":{"start":{"line":2,"column":22},"end":{"line":4,"column":1}},"1":{"start":{"line":3,"column":4},"end":{"line":3,"column":62}},"2":{"start":{"line":5,"column":0},"end":{"line":5,"column":62}},"3":{"start":{"line":9,"column":19},"end":{"line":9,"column":65}},"4":{"start":{"line":10,"column":16},"end":{"line":10,"column":49}},"5":{"start":{"line":11,"column":14},"end":{"line":11,"column":49}},"6":{"start":{"line":12,"column":0},"end":{"line":12,"column":32}},"7":{"start":{"line":14,"column":17},"end":{"line":14,"column":51}},"8":{"start":{"line":15,"column":31},"end":{"line":15,"column":79}},"9":{"start":{"line":41,"column":8},"end":{"line":43,"column":9}},"10":{"start":{"line":42,"column":12},"end":{"line":42,"column":107}},"11":{"start":{"line":44,"column":8},"end":{"line":44,"column":37}},"12":{"start":{"line":47,"column":0},"end":{"line":47,"column":36}},"13":{"start":{"line":49,"column":4},"end":{"line":49,"column":49}},"14":{"start":{"line":51,"column":28},"end":{"line":56,"column":6}},"15":{"start":{"line":58,"column":4},"end":{"line":60,"column":7}},"16":{"start":{"line":59,"column":8},"end":{"line":59,"column":22}},"17":{"start":{"line":62,"column":23},"end":{"line":66,"column":6}},"18":{"start":{"line":64,"column":12},"end":{"line":64,"column":38}},"19":{"start":{"line":68,"column":20},"end":{"line":70,"column":6}},"20":{"start":{"line":71,"column":4},"end":{"line":74,"column":6}}},"fnMap":{"0":{"name":"(anonymous_0)","decl":{"start":{"line":2,"column":56},"end":{"line":2,"column":57}},"loc":{"start":{"line":2,"column":71},"end":{"line":4,"column":1}},"line":2},"1":{"name":"(anonymous_1)","decl":{"start":{"line":40,"column":4},"end":{"line":40,"column":5}},"loc":{"start":{"line":40,"column":24},"end":{"line":45,"column":5}},"line":40},"2":{"name":"createLogger","decl":{"start":{"line":48,"column":9},"end":{"line":48,"column":21}},"loc":{"start":{"line":48,"column":53},"end":{"line":75,"column":1}},"line":48},"3":{"name":"getId","decl":{"start":{"line":58,"column":37},"end":{"line":58,"column":42}},"loc":{"start":{"line":58,"column":48},"end":{"line":60,"column":5}},"line":58},"4":{"name":"(anonymous_4)","decl":{"start":{"line":63,"column":14},"end":{"line":63,"column":15}},"loc":{"start":{"line":63,"column":29},"end":{"line":65,"column":9}},"line":63}},"branchMap":{"0":{"loc":{"start":{"line":2,"column":22},"end":{"line":4,"column":1}},"type":"binary-expr","locations":[{"start":{"line":2,"column":23},"end":{"line":2,"column":27}},{"start":{"line":2,"column":31},"end":{"line":2,"column":51}},{"start":{"line":2,"column":56},"end":{"line":4,"column":1}}],"line":2},"1":{"loc":{"start":{"line":3,"column":11},"end":{"line":3,"column":61}},"type":"cond-expr","locations":[{"start":{"line":3,"column":37},"end":{"line":3,"column":40}},{"start":{"line":3,"column":43},"end":{"line":3,"column":61}}],"line":3},"2":{"loc":{"start":{"line":3,"column":12},"end":{"line":3,"column":33}},"type":"binary-expr","locations":[{"start":{"line":3,"column":12},"end":{"line":3,"column":15}},{"start":{"line":3,"column":19},"end":{"line":3,"column":33}}],"line":3},"3":{"loc":{"start":{"line":41,"column":8},"end":{"line":43,"column":9}},"type":"if","locations":[{"start":{"line":41,"column":8},"end":{"line":43,"column":9}},{"start":{"line":41,"column":8},"end":{"line":43,"column":9}}],"line":41}},"s":{"0":1,"1":3,"2":1,"3":1,"4":1,"5":1,"6":1,"7":1,"8":1,"9":9,"10":1,"11":9,"12":1,"13":1,"14":1,"15":1,"16":70,"17":1,"18":70,"19":1,"20":1},"f":{"0":3,"1":9,"2":1,"3":70,"4":70},"b":{"0":[1,1,1],"1":[0,3],"2":[3,3],"3":[1,8]},"_coverageSchema":"43e27e138ebf9cfc5966b082cf9a028302ed4184","hash":"f9980c58fd0d39d0aca592f4885a685266af033c","contentHash":"b6bf1d29d2525629a56a779800ddc95e"},"C:\\Users\\cname\\Dropbox\\Software\\Projects\\projects\\project_perform\\dist\\middlewares\\errorhandler.js":{"path":"C:\\Users\\cname\\Dropbox\\Software\\Projects\\projects\\project_perform\\dist\\middlewares\\errorhandler.js","statementMap":{"0":{"start":{"line":2,"column":22},"end":{"line":4,"column":1}},"1":{"start":{"line":3,"column":4},"end":{"line":3,"column":62}},"2":{"start":{"line":5,"column":0},"end":{"line":5,"column":62}},"3":{"start":{"line":11,"column":19},"end":{"line":11,"column":65}},"4":{"start":{"line":12,"column":16},"end":{"line":12,"column":49}},"5":{"start":{"line":13,"column":0},"end":{"line":13,"column":52}},"6":{"start":{"line":14,"column":0},"end":{"line":14,"column":40}},"7":{"start":{"line":16,"column":22},"end":{"line":16,"column":61}},"8":{"start":{"line":17,"column":18},"end":{"line":17,"column":36}},"9":{"start":{"line":18,"column":15},"end":{"line":18,"column":47}},"10":{"start":{"line":19,"column":14},"end":{"line":19,"column":45}},"11":{"start":{"line":20,"column":15},"end":{"line":20,"column":47}},"12":{"start":{"line":28,"column":4},"end":{"line":28,"column":52}},"13":{"start":{"line":29,"column":4},"end":{"line":29,"column":37}},"14":{"start":{"line":31,"column":0},"end":{"line":31,"column":28}},"15":{"start":{"line":43,"column":4},"end":{"line":43,"column":39}},"16":{"start":{"line":47,"column":4},"end":{"line":49,"column":5}},"17":{"start":{"line":48,"column":8},"end":{"line":48,"column":29}},"18":{"start":{"line":51,"column":4},"end":{"line":51,"column":32}},"19":{"start":{"line":52,"column":4},"end":{"line":52,"column":14}},"20":{"start":{"line":54,"column":0},"end":{"line":54,"column":32}},"21":{"start":{"line":59,"column":4},"end":{"line":59,"column":53}},"22":{"start":{"line":60,"column":4},"end":{"line":60,"column":35}},"23":{"start":{"line":61,"column":22},"end":{"line":61,"column":46}},"24":{"start":{"line":62,"column":4},"end":{"line":62,"column":71}},"25":{"start":{"line":63,"column":4},"end":{"line":76,"column":51}},"26":{"start":{"line":78,"column":4},"end":{"line":78,"column":19}},"27":{"start":{"line":79,"column":4},"end":{"line":79,"column":14}},"28":{"start":{"line":81,"column":0},"end":{"line":81,"column":28}},"29":{"start":{"line":90,"column":8},"end":{"line":100,"column":9}},"30":{"start":{"line":91,"column":12},"end":{"line":91,"column":66}},"31":{"start":{"line":92,"column":12},"end":{"line":92,"column":28}},"32":{"start":{"line":93,"column":12},"end":{"line":93,"column":46}},"33":{"start":{"line":95,"column":12},"end":{"line":95,"column":55}},"34":{"start":{"line":99,"column":12},"end":{"line":99,"column":27}},"35":{"start":{"line":104,"column":23},"end":{"line":104,"column":44}},"36":{"start":{"line":105,"column":8},"end":{"line":110,"column":27}},"37":{"start":{"line":113,"column":20},"end":{"line":115,"column":21}},"38":{"start":{"line":116,"column":23},"end":{"line":116,"column":37}},"39":{"start":{"line":117,"column":18},"end":{"line":117,"column":70}},"40":{"start":{"line":118,"column":24},"end":{"line":118,"column":39}},"41":{"start":{"line":120,"column":4},"end":{"line":130,"column":5}},"42":{"start":{"line":122,"column":8},"end":{"line":122,"column":69}},"43":{"start":{"line":126,"column":8},"end":{"line":126,"column":94}},"44":{"start":{"line":129,"column":8},"end":{"line":129,"column":71}},"45":{"start":{"line":132,"column":4},"end":{"line":132,"column":14}},"46":{"start":{"line":134,"column":0},"end":{"line":134,"column":46}},"47":{"start":{"line":144,"column":4},"end":{"line":144,"column":54}},"48":{"start":{"line":145,"column":4},"end":{"line":149,"column":5}},"49":{"start":{"line":148,"column":8},"end":{"line":148,"column":45}},"50":{"start":{"line":150,"column":4},"end":{"line":150,"column":11}},"51":{"start":{"line":152,"column":0},"end":{"line":152,"column":32}}},"fnMap":{"0":{"name":"(anonymous_0)","decl":{"start":{"line":2,"column":56},"end":{"line":2,"column":57}},"loc":{"start":{"line":2,"column":71},"end":{"line":4,"column":1}},"line":2},"1":{"name":"notFound","decl":{"start":{"line":27,"column":9},"end":{"line":27,"column":17}},"loc":{"start":{"line":27,"column":36},"end":{"line":30,"column":1}},"line":27},"2":{"name":"assignCode","decl":{"start":{"line":40,"column":9},"end":{"line":40,"column":19}},"loc":{"start":{"line":40,"column":42},"end":{"line":53,"column":1}},"line":40},"3":{"name":"logError","decl":{"start":{"line":58,"column":9},"end":{"line":58,"column":17}},"loc":{"start":{"line":58,"column":39},"end":{"line":80,"column":1}},"line":58},"4":{"name":"sendErrorResponse","decl":{"start":{"line":87,"column":9},"end":{"line":87,"column":26}},"loc":{"start":{"line":87,"column":48},"end":{"line":133,"column":1}},"line":87},"5":{"name":"renderCallback","decl":{"start":{"line":89,"column":13},"end":{"line":89,"column":27}},"loc":{"start":{"line":89,"column":45},"end":{"line":101,"column":5}},"line":89},"6":{"name":"renderErrorResponse","decl":{"start":{"line":103,"column":13},"end":{"line":103,"column":32}},"loc":{"start":{"line":103,"column":62},"end":{"line":111,"column":5}},"line":103},"7":{"name":"throwError","decl":{"start":{"line":143,"column":9},"end":{"line":143,"column":19}},"loc":{"start":{"line":143,"column":41},"end":{"line":151,"column":1}},"line":143}},"branchMap":{"0":{"loc":{"start":{"line":2,"column":22},"end":{"line":4,"column":1}},"type":"binary-expr","locations":[{"start":{"line":2,"column":23},"end":{"line":2,"column":27}},{"start":{"line":2,"column":31},"end":{"line":2,"column":51}},{"start":{"line":2,"column":56},"end":{"line":4,"column":1}}],"line":2},"1":{"loc":{"start":{"line":3,"column":11},"end":{"line":3,"column":61}},"type":"cond-expr","locations":[{"start":{"line":3,"column":37},"end":{"line":3,"column":40}},{"start":{"line":3,"column":43},"end":{"line":3,"column":61}}],"line":3},"2":{"loc":{"start":{"line":3,"column":12},"end":{"line":3,"column":33}},"type":"binary-expr","locations":[{"start":{"line":3,"column":12},"end":{"line":3,"column":15}},{"start":{"line":3,"column":19},"end":{"line":3,"column":33}}],"line":3},"3":{"loc":{"start":{"line":43,"column":21},"end":{"line":43,"column":38}},"type":"binary-expr","locations":[{"start":{"line":43,"column":21},"end":{"line":43,"column":31}},{"start":{"line":43,"column":35},"end":{"line":43,"column":38}}],"line":43},"4":{"loc":{"start":{"line":47,"column":4},"end":{"line":49,"column":5}},"type":"if","locations":[{"start":{"line":47,"column":4},"end":{"line":49,"column":5}},{"start":{"line":47,"column":4},"end":{"line":49,"column":5}}],"line":47},"5":{"loc":{"start":{"line":90,"column":8},"end":{"line":100,"column":9}},"type":"if","locations":[{"start":{"line":90,"column":8},"end":{"line":100,"column":9}},{"start":{"line":90,"column":8},"end":{"line":100,"column":9}}],"line":90},"6":{"loc":{"start":{"line":113,"column":20},"end":{"line":115,"column":21}},"type":"cond-expr","locations":[{"start":{"line":114,"column":10},"end":{"line":114,"column":35}},{"start":{"line":115,"column":10},"end":{"line":115,"column":21}}],"line":113},"7":{"loc":{"start":{"line":113,"column":20},"end":{"line":113,"column":81}},"type":"binary-expr","locations":[{"start":{"line":113,"column":20},"end":{"line":113,"column":55}},{"start":{"line":113,"column":59},"end":{"line":113,"column":81}}],"line":113},"8":{"loc":{"start":{"line":117,"column":18},"end":{"line":117,"column":70}},"type":"cond-expr","locations":[{"start":{"line":117,"column":56},"end":{"line":117,"column":58}},{"start":{"line":117,"column":61},"end":{"line":117,"column":70}}],"line":117},"9":{"loc":{"start":{"line":120,"column":4},"end":{"line":130,"column":5}},"type":"if","locations":[{"start":{"line":120,"column":4},"end":{"line":130,"column":5}},{"start":{"line":120,"column":4},"end":{"line":130,"column":5}}],"line":120},"10":{"loc":{"start":{"line":129,"column":25},"end":{"line":129,"column":70}},"type":"cond-expr","locations":[{"start":{"line":129,"column":50},"end":{"line":129,"column":53}},{"start":{"line":129,"column":56},"end":{"line":129,"column":70}}],"line":129},"11":{"loc":{"start":{"line":145,"column":4},"end":{"line":149,"column":5}},"type":"if","locations":[{"start":{"line":145,"column":4},"end":{"line":149,"column":5}},{"start":{"line":145,"column":4},"end":{"line":149,"column":5}}],"line":145}},"s":{"0":1,"1":5,"2":1,"3":1,"4":1,"5":1,"6":1,"7":1,"8":1,"9":1,"10":1,"11":1,"12":1,"13":1,"14":1,"15":11,"16":11,"17":1,"18":11,"19":11,"20":1,"21":11,"22":11,"23":11,"24":11,"25":11,"26":11,"27":11,"28":1,"29":10,"30":1,"31":1,"32":1,"33":1,"34":9,"35":10,"36":10,"37":11,"38":11,"39":11,"40":11,"41":11,"42":10,"43":1,"44":1,"45":11,"46":1,"47":11,"48":11,"49":2,"50":11,"51":1},"f":{"0":5,"1":1,"2":11,"3":11,"4":11,"5":10,"6":10,"7":11},"b":{"0":[1,1,1],"1":[0,5],"2":[5,5],"3":[11,3],"4":[1,10],"5":[1,9],"6":[2,9],"7":[11,8],"8":[8,3],"9":[10,1],"10":[0,1],"11":[2,9]},"_coverageSchema":"43e27e138ebf9cfc5966b082cf9a028302ed4184","hash":"38fb105517266c71616c92f124319e9bb83a9da7","contentHash":"c3252db36914b92bb6f820cd54d27e26"},"C:\\Users\\cname\\Dropbox\\Software\\Projects\\projects\\project_perform\\dist\\middlewares\\handlers.js":{"path":"C:\\Users\\cname\\Dropbox\\Software\\Projects\\projects\\project_perform\\dist\\middlewares\\handlers.js","statementMap":{"0":{"start":{"line":2,"column":22},"end":{"line":4,"column":1}},"1":{"start":{"line":3,"column":4},"end":{"line":3,"column":62}},"2":{"start":{"line":5,"column":0},"end":{"line":5,"column":62}},"3":{"start":{"line":12,"column":19},"end":{"line":12,"column":65}},"4":{"start":{"line":13,"column":16},"end":{"line":13,"column":49}},"5":{"start":{"line":14,"column":14},"end":{"line":14,"column":49}},"6":{"start":{"line":15,"column":0},"end":{"line":15,"column":32}},"7":{"start":{"line":17,"column":21},"end":{"line":17,"column":59}},"8":{"start":{"line":18,"column":15},"end":{"line":18,"column":47}},"9":{"start":{"line":19,"column":17},"end":{"line":19,"column":51}},"10":{"start":{"line":25,"column":4},"end":{"line":25,"column":38}},"11":{"start":{"line":26,"column":21},"end":{"line":26,"column":81}},"12":{"start":{"line":27,"column":4},"end":{"line":27,"column":53}},"13":{"start":{"line":28,"column":4},"end":{"line":28,"column":90}},"14":{"start":{"line":29,"column":4},"end":{"line":29,"column":54}},"15":{"start":{"line":38,"column":4},"end":{"line":38,"column":58}},"16":{"start":{"line":39,"column":4},"end":{"line":39,"column":102}},"17":{"start":{"line":40,"column":4},"end":{"line":40,"column":65}},"18":{"start":{"line":41,"column":4},"end":{"line":41,"column":54}},"19":{"start":{"line":52,"column":4},"end":{"line":52,"column":58}},"20":{"start":{"line":53,"column":21},"end":{"line":53,"column":40}},"21":{"start":{"line":54,"column":20},"end":{"line":54,"column":52}},"22":{"start":{"line":55,"column":4},"end":{"line":55,"column":53}},"23":{"start":{"line":58,"column":4},"end":{"line":84,"column":5}},"24":{"start":{"line":59,"column":8},"end":{"line":69,"column":11}},"25":{"start":{"line":60,"column":12},"end":{"line":68,"column":13}},"26":{"start":{"line":62,"column":16},"end":{"line":62,"column":33}},"27":{"start":{"line":63,"column":16},"end":{"line":63,"column":26}},"28":{"start":{"line":66,"column":16},"end":{"line":66,"column":58}},"29":{"start":{"line":67,"column":16},"end":{"line":67,"column":30}},"30":{"start":{"line":72,"column":8},"end":{"line":83,"column":11}},"31":{"start":{"line":73,"column":12},"end":{"line":82,"column":13}},"32":{"start":{"line":76,"column":16},"end":{"line":76,"column":33}},"33":{"start":{"line":77,"column":16},"end":{"line":77,"column":26}},"34":{"start":{"line":80,"column":16},"end":{"line":80,"column":58}},"35":{"start":{"line":81,"column":16},"end":{"line":81,"column":26}},"36":{"start":{"line":96,"column":4},"end":{"line":96,"column":61}},"37":{"start":{"line":99,"column":20},"end":{"line":99,"column":24}},"38":{"start":{"line":102,"column":28},"end":{"line":102,"column":52}},"39":{"start":{"line":103,"column":32},"end":{"line":103,"column":60}},"40":{"start":{"line":105,"column":8},"end":{"line":105,"column":61}},"41":{"start":{"line":106,"column":8},"end":{"line":106,"column":65}},"42":{"start":{"line":107,"column":8},"end":{"line":107,"column":21}},"43":{"start":{"line":110,"column":24},"end":{"line":110,"column":49}},"44":{"start":{"line":111,"column":4},"end":{"line":119,"column":5}},"45":{"start":{"line":113,"column":8},"end":{"line":113,"column":24}},"46":{"start":{"line":114,"column":8},"end":{"line":114,"column":69}},"47":{"start":{"line":115,"column":8},"end":{"line":115,"column":34}},"48":{"start":{"line":118,"column":8},"end":{"line":118,"column":15}},"49":{"start":{"line":127,"column":4},"end":{"line":127,"column":54}},"50":{"start":{"line":129,"column":26},"end":{"line":129,"column":34}},"51":{"start":{"line":130,"column":17},"end":{"line":130,"column":68}},"52":{"start":{"line":131,"column":4},"end":{"line":131,"column":52}},"53":{"start":{"line":133,"column":4},"end":{"line":133,"column":29}},"54":{"start":{"line":149,"column":4},"end":{"line":149,"column":58}},"55":{"start":{"line":152,"column":18},"end":{"line":152,"column":20}},"56":{"start":{"line":153,"column":4},"end":{"line":155,"column":5}},"57":{"start":{"line":154,"column":8},"end":{"line":154,"column":35}},"58":{"start":{"line":156,"column":23},"end":{"line":156,"column":25}},"59":{"start":{"line":157,"column":4},"end":{"line":159,"column":5}},"60":{"start":{"line":158,"column":8},"end":{"line":158,"column":39}},"61":{"start":{"line":160,"column":16},"end
[...]
:1,"149":1,"150":1,"151":3,"152":3,"153":3,"154":3,"155":3,"156":3,"157":9,"158":9,"159":0,"160":0,"161":0,"162":0,"163":0,"164":0,"165":9,"166":0,"167":9,"168":9,"169":9},"f":{"0":18,"1":1,"2":1,"3":9,"4":9,"5":9,"6":2,"7":9,"8":3,"9":0},"b":{"0":[9,9,9],"1":[0,18],"2":[18,18],"3":[7,2],"4":[8,1],"5":[9,2],"6":[0,7],"7":[7,2],"8":[7,2],"9":[0,9]},"_coverageSchema":"43e27e138ebf9cfc5966b082cf9a028302ed4184","hash":"660b128ae68cce1891f4489de5c0342cce9ed26e","contentHash":"8c4566b7e2b8ca94833015d775898530"},"C:\\Users\\cname\\Dropbox\\Software\\Projects\\projects\\project_perform\\dist\\utils\\dumpError.js":{"path":"C:\\Users\\cname\\Dropbox\\Software\\Projects\\projects\\project_perform\\dist\\utils\\dumpError.js","statementMap":{"0":{"start":{"line":2,"column":22},"end":{"line":4,"column":1}},"1":{"start":{"line":3,"column":4},"end":{"line":3,"column":62}},"2":{"start":{"line":5,"column":0},"end":{"line":5,"column":62}},"3":{"start":{"line":10,"column":19},"end":{"line":10,"column":65}},"4":{"start":{"line":11,"column":16},"end":{"line":11,"column":49}},"5":{"start":{"line":12,"column":14},"end":{"line":12,"column":49}},"6":{"start":{"line":13,"column":0},"end":{"line":13,"column":32}},"7":{"start":{"line":16,"column":8},"end":{"line":18,"column":9}},"8":{"start":{"line":17,"column":12},"end":{"line":17,"column":62}},"9":{"start":{"line":19,"column":8},"end":{"line":19,"column":34}},"10":{"start":{"line":22,"column":8},"end":{"line":25,"column":9}},"11":{"start":{"line":23,"column":12},"end":{"line":23,"column":49}},"12":{"start":{"line":24,"column":12},"end":{"line":24,"column":43}},"13":{"start":{"line":26,"column":8},"end":{"line":26,"column":34}},"14":{"start":{"line":29,"column":0},"end":{"line":29,"column":30}},"15":{"start":{"line":31,"column":4},"end":{"line":31,"column":46}},"16":{"start":{"line":32,"column":4},"end":{"line":61,"column":5}},"17":{"start":{"line":33,"column":8},"end":{"line":36,"column":9}},"18":{"start":{"line":34,"column":12},"end":{"line":34,"column":57}},"19":{"start":{"line":35,"column":12},"end":{"line":35,"column":19}},"20":{"start":{"line":37,"column":8},"end":{"line":43,"column":9}},"21":{"start":{"line":38,"column":12},"end":{"line":38,"column":69}},"22":{"start":{"line":42,"column":12},"end":{"line":42,"column":32}},"23":{"start":{"line":44,"column":8},"end":{"line":46,"column":9}},"24":{"start":{"line":45,"column":12},"end":{"line":45,"column":67}},"25":{"start":{"line":47,"column":8},"end":{"line":49,"column":9}},"26":{"start":{"line":48,"column":12},"end":{"line":48,"column":63}},"27":{"start":{"line":50,"column":8},"end":{"line":52,"column":9}},"28":{"start":{"line":51,"column":12},"end":{"line":51,"column":70}},"29":{"start":{"line":54,"column":8},"end":{"line":54,"column":26}},"30":{"start":{"line":56,"column":9},"end":{"line":61,"column":5}},"31":{"start":{"line":57,"column":8},"end":{"line":57,"column":47}},"32":{"start":{"line":60,"column":8},"end":{"line":60,"column":76}}},"fnMap":{"0":{"name":"(anonymous_0)","decl":{"start":{"line":2,"column":56},"end":{"line":2,"column":57}},"loc":{"start":{"line":2,"column":71},"end":{"line":4,"column":1}},"line":2},"1":{"name":"(anonymous_1)","decl":{"start":{"line":15,"column":4},"end":{"line":15,"column":5}},"loc":{"start":{"line":15,"column":38},"end":{"line":20,"column":5}},"line":15},"2":{"name":"(anonymous_2)","decl":{"start":{"line":21,"column":4},"end":{"line":21,"column":5}},"loc":{"start":{"line":21,"column":31},"end":{"line":27,"column":5}},"line":21},"3":{"name":"dumpError","decl":{"start":{"line":30,"column":9},"end":{"line":30,"column":18}},"loc":{"start":{"line":30,"column":24},"end":{"line":62,"column":1}},"line":30}},"branchMap":{"0":{"loc":{"start":{"line":2,"column":22},"end":{"line":4,"column":1}},"type":"binary-expr","locations":[{"start":{"line":2,"column":23},"end":{"line":2,"column":27}},{"start":{"line":2,"column":31},"end":{"line":2,"column":51}},{"start":{"line":2,"column":56},"end":{"line":4,"column":1}}],"line":2},"1":{"loc":{"start":{"line":3,"column":11},"end":{"line":3,"column":61}},"type":"cond-expr","locations":[{"start":{"line":3,"column":37},"end":{"line":3,"column":40}},{"start":{"line":3,"column":43},"end":{"line":3,"column":61}}],"line":3},"2":{"loc":{"start":{"line":3,"column":12},"end":{"line":3,"column":33}},"type":"binary-expr","locations":[{"start":{"line":3,"column":12},"end":{"line":3,"column":15}},{"start":{"line":3,"column":19},"end":{"line":3,"column":33}}],"line":3},"3":{"loc":{"start":{"line":16,"column":8},"end":{"line":18,"column":9}},"type":"if","locations":[{"start":{"line":16,"column":8},"end":{"line":18,"column":9}},{"start":{"line":16,"column":8},"end":{"line":18,"column":9}}],"line":16},"4":{"loc":{"start":{"line":16,"column":12},"end":{"line":16,"column":48}},"type":"binary-expr","locations":[{"start":{"line":16,"column":12},"end":{"line":16,"column":31}},{"start":{"line":16,"column":35},"end":{"line":16,"column":48}}],"line":16},"5":{"loc":{"start":{"line":22,"column":8},"end":{"line":25,"column":9}},"type":"if","locations":[{"start":{"line":22,"column":8},"end":{"line":25,"column":9}},{"start":{"line":22,"column":8},"end":{"line":25,"column":9}}],"line":22},"6":{"loc":{"start":{"line":22,"column":12},"end":{"line":22,"column":48}},"type":"binary-expr","locations":[{"start":{"line":22,"column":12},"end":{"line":22,"column":31}},{"start":{"line":22,"column":35},"end":{"line":22,"column":48}}],"line":22},"7":{"loc":{"start":{"line":32,"column":4},"end":{"line":61,"column":5}},"type":"if","locations":[{"start":{"line":32,"column":4},"end":{"line":61,"column":5}},{"start":{"line":32,"column":4},"end":{"line":61,"column":5}}],"line":32},"8":{"loc":{"start":{"line":32,"column":8},"end":{"line":32,"column":38}},"type":"binary-expr","locations":[{"start":{"line":32,"column":8},"end":{"line":32,"column":11}},{"start":{"line":32,"column":15},"end":{"line":32,"column":38}}],"line":32},"9":{"loc":{"start":{"line":33,"column":8},"end":{"line":36,"column":9}},"type":"if","locations":[{"start":{"line":33,"column":8},"end":{"line":36,"column":9}},{"start":{"line":33,"column":8},"end":{"line":36,"column":9}}],"line":33},"10":{"loc":{"start":{"line":37,"column":8},"end":{"line":43,"column":9}},"type":"if","locations":[{"start":{"line":37,"column":8},"end":{"line":43,"column":9}},{"start":{"line":37,"column":8},"end":{"line":43,"column":9}}],"line":37},"11":{"loc":{"start":{"line":44,"column":8},"end":{"line":46,"column":9}},"type":"if","locations":[{"start":{"line":44,"column":8},"end":{"line":46,"column":9}},{"start":{"line":44,"column":8},"end":{"line":46,"column":9}}],"line":44},"12":{"loc":{"start":{"line":47,"column":8},"end":{"line":49,"column":9}},"type":"if","locations":[{"start":{"line":47,"column":8},"end":{"line":49,"column":9}},{"start":{"line":47,"column":8},"end":{"line":49,"column":9}}],"line":47},"13":{"loc":{"start":{"line":50,"column":8},"end":{"line":52,"column":9}},"type":"if","locations":[{"start":{"line":50,"column":8},"end":{"line":52,"column":9}},{"start":{"line":50,"column":8},"end":{"line":52,"column":9}}],"line":50},"14":{"loc":{"start":{"line":56,"column":9},"end":{"line":61,"column":5}},"type":"if","locations":[{"start":{"line":56,"column":9},"end":{"line":61,"column":5}},{"start":{"line":56,"column":9},"end":{"line":61,"column":5}}],"line":56}},"s":{"0":1,"1":1,"2":1,"3":1,"4":1,"5":1,"6":1,"7":0,"8":0,"9":0,"10":1,"11":1,"12":1,"13":1,"14":1,"15":5,"16":5,"17":3,"18":1,"19":1,"20":2,"21":1,"22":1,"23":2,"24":1,"25":2,"26":1,"27":2,"28":1,"29":2,"30":2,"31":1,"32":1},"f":{"0":1,"1":0,"2":1,"3":5},"b":{"0":[1,1,1],"1":[0,1],"2":[1,1],"3":[0,0],"4":[0,0],"5":[1,0],"6":[1,1],"7":[3,2],"8":[5,4],"9":[1,2],"10":[1,1],"11":[1,1],"12":[1,1],"13":[1,1],"14":[1,1]},"_coverageSchema":"43e27e138ebf9cfc5966b082cf9a028302ed4184","hash":"ab983fdc948dbb42173b2c28432c9a5782d64e09","contentHash":"9c0e46e905d9fdaed8c92ae974c55aa4"},"C:\\Users\\cname\\Dropbox\\Software\\Projects\\projects\\project_perform\\dist\\monitor\\monitor.js":{"path":"C:\\Users\\cname\\Dropbox\\Software\\Projects\\projects\\project_perform\\dist\\monitor\\monitor.js","statementMap":{"0":{"start":{"line":2,"column":22},"end":{"line":4,"column":1}},"1":{"start":{"line":3,"column":4},"end":{"line":3,"column":62}},"2":{"start":{"line":5,"column":19},"end":{"line":11,"column":1}},"3":{"start":{"line":6,"column":4},"end":{"line":6,"column":42}},"4":{"start":{"line":6,"column":31},"end":{"line":6,"column":42}},"5":{"start":{"line":7,"column":17},"end":{"line":7,"column":19}},"6":{"start":{"line":8,"column":4},"end":{"line":8,"column":99}},"7":{"start":{"line":8,"column":21},"end":{"line":8,"column":99}},"8":{"start":{"line":8,"column":40},"end":{"line":8,"column":99}},"9":{"start":{"line":8,"column":80},"end":{"line":8,"column":99}},"10":{"start":{"line":9,"column":4},"end":{"line":9,"column":28}},"11":{"start":{"line":10,"column":4},"end":{"line":10,"column":18}},"12":{"start":{"line":12,"column":0},"end":{"line":12,"column":62}},"13":{"start":{"line":30,"column":19},"end":{"line":30,"column":65}},"14":{"start":{"line":31,"column":16},"end":{"line":31,"column":49}},"15":{"start":{"line":32,"column":0},"end":{"line":32,"column":52}},"16":{"start":{"line":33,"column":0},"end":{"line":33,"column":40}},"17":{"start":{"line":35,"column":18},"end":{"line":35,"column":39}},"18":{"start":{"line":36,"column":0},"end":{"line":36,"column":34}},"19":{"start":{"line":38,"column":16},"end":{"line":38,"column":56}},"20":{"start":{"line":41,"column":0},"end":{"line":41,"column":48}},"21":{"start":{"line":42,"column":19},"end":{"line":42,"column":42}},"22":{"start":{"line":43,"column":0},"end":{"line":43,"column":54}},"23":{"start":{"line":44,"column":22},"end":{"line":44,"column":48}},"24":{"start":{"line":45,"column":0},"end":{"line":45,"column":58}},"25":{"start":{"line":46,"column":0},"end":{"line":46,"column":19}},"26":{"start":{"line":50,"column":4},"end":{"line":50,"column":43}},"27":{"start":{"line":51,"column":4},"end":{"line":51,"column":67}},"28":{"start":{"line":52,"column":4},"end":{"line":52,"column":69}},"29":{"start":{"line":53,"column":4},"end":{"line":63,"column":5}},"30":{"start":{"line":54,"column":8},"end":{"line":54,"column":65}},"31":{"start":{"line":55,"column":8},"end":{"line":58,"column":11}},"32":{"start":{"line":61,"column":8},"end":{"line":61,"column":97}},"33":{"start":{"line":62,"column":8},"end":{"line":62,"column":24}},"34":{"start":{"line":65,"column":0},"end":{"line":65,"column":24}},"35":{"start":{"line":67,"column":4},"end":{"line":67,"column":62}},"36":{"start":{"line":68,"column":4},"end":{"line":68,"column":31}},"37":{"start":{"line":69,"column":4},"end":{"line":69,"column":27}},"38":{"start":{"line":70,"column":4},"end":{"line":70,"column":20}},"39":{"start":{"line":72,"column":0},"end":{"line":72,"column":50}},"40":{"start":{"line":74,"column":4},"end":{"line":74,"column":63}},"41":{"start":{"line":75,"column":4},"end":{"line":81,"column":16}},"42":{"start":{"line":82,"column":4},"end":{"line":82,"column":32}},"43":{"start":{"line":83,"column":4},"end":{"line":83,"column":20}},"44":{"start":{"line":85,"column":0},"end":{"line":85,"column":52}},"45":{"start":{"line":88,"column":4},"end":{"line":88,"column":56}},"46":{"start":{"line":91,"column":20},"end":{"line":129,"column":5}},"47":{"start":{"line":131,"column":23},"end":{"line":133,"column":44}},"48":{"start":{"line":134,"column":4},"end":{"line":134,"column":55}},"49":{"start":{"line":136,"column":4},"end":{"line":136,"column":31}},"50":{"start":{"line":138,"column":4},"end":{"line":138,"column":55}},"51":{"start":{"line":140,"column":4},"end":{"line":140,"column":57}},"52":{"start":{"line":142,"column":4},"end":{"line":144,"column":7}},"53":{"start":{"line":143,"column":8},"end":{"line":143,"column":78}},"54":{"start":{"line":146,"column":19},"end":{"line":146,"column":20}},"55":{"start":{"line":147,"column":24},"end":{"line":147,"column":55}},"56":{"start":{"line":150,"column":4},"end":{"line":171,"column":7}},"57":{"start":{"line":151,"column":8},"end":{"line":170,"column":9}},"58":{"start":{"line":155,"column":12},"end":{"line":155,"column":33}},"59":{"start":{"line":156,"column":12},"end":{"line":156,"column":66}},"60":{"start":{"line":159,"column":12},"end":{"line":161,"column":75}},"61":{"start":{"line":162,"column":12},"end":{"line":169,"column":13}},"62":{"start":{"line":163,"column":16},"end":{"line":168,"column":32}},"63":{"start":{"line":173,"column":4},"end":{"line":183,"column":7}},"64":{"start":{"line":174,"column":8},"end":{"line":174,"column":43}},"65":{"start":{"line":175,"column":8},"end":{"line":175,"column":96}},"66":{"start":{"line":176,"column":8},"end":{"line":181,"column":9}},"67":{"start":{"line":178,"column":12},"end":{"line":178,"column":82}},"68":{"start":{"line":179,"column":12},"end":{"line":179,"column":63}},"69":{"start":{"line":180,"column":12},"end":{"line":180,"column":28}},"70":{"start":{"line":182,"column":8},"end":{"line":182,"column":59}},"71":{"start":{"line":185,"column":4},"end":{"line":193,"column":7}},"72":{"start":{"line":186,"column":8},"end":{"line":186,"column":19}},"73":{"start":{"line":187,"column":8},"end":{"line":191,"column":25}},"74":{"start":{"line":192,"column":8},"end":{"line":192,"column":69}},"75":{"start":{"line":195,"column":4},"end":{"line":200,"column":7}},"76":{"start":{"line":196,"column":8},"end":{"line":199,"column":24}},"77":{"start":{"line":202,"column":0},"end":{"line":202,"column":26}},"78":{"start":{"line":203,"column":0},"end":{"line":203,"column":8}}},"fnMap":{"0":{"name":"(anonymous_0)","decl":{"start":{"line":2,"column":56},"end":{"line":2,"column":57}},"loc":{"start":{"line":2,"column":71},"end":{"line":4,"column":1}},"line":2},"1":{"name":"(anonymous_1)","decl":{"start":{"line":5,"column":50},"end":{"line":5,"column":51}},"loc":{"start":{"line":5,"column":65},"end":{"line":11,"column":1}},"line":5},"2":{"name":"exit","decl":{"start":{"line":48,"column":9},"end":{"line":48,"column":13}},"loc":{"start":{"line":48,"column":21},"end":{"line":64,"column":1}},"line":48},"3":{"name":"uncaughtException","decl":{"start":{"line":66,"column":15},"end":{"line":66,"column":32}},"loc":{"start":{"line":66,"column":38},"end":{"line":71,"column":1}},"line":66},"4":{"name":"unhandledRejection","decl":{"start":{"line":73,"column":15},"end":{"line":73,"column":33}},"loc":{"start":{"line":73,"column":51},"end":{"line":84,"column":1}},"line":73},"5":{"name":"start","decl":{"start":{"line":87,"column":15},"end":{"line":87,"column":20}},"loc":{"start":{"line":87,"column":23},"end":{"line":201,"column":1}},"line":87},"6":{"name":"(anonymous_6)","decl":{"start":{"line":142,"column":32},"end":{"line":142,"column":33}},"loc":{"start":{"line":142,"column":41},"end":{"line":144,"column":5}},"line":142},"7":{"name":"(anonymous_7)","decl":{"start":{"line":150,"column":34},"end":{"line":150,"column":35}},"loc":{"start":{"line":150,"column":44},"end":{"line":171,"column":5}},"line":150},"8":{"name":"(anonymous_8)","decl":{"start":{"line":173,"column":29},"end":{"line":173,"column":30}},"loc":{"start":{"line":173,"column":42},"end":{"line":183,"column":5}},"line":173},"9":{"name":"(anonymous_9)","decl":{"start":{"line":185,"column":32},"end":{"line":185,"column":33}},"loc":{"start":{"line":185,"column":38},"end":{"line":193,"column":5}},"line":185},"10":{"name":"(anonymous_10)","decl":{"start":{"line":195,"column":38},"end":{"line":195,"column":39}},"loc":{"start":{"line":195,"column":48},"end":{"line":200,"column":5}},"line":195}},"branchMap":{"0":{"loc":{"start":{"line":2,"column":22},"end":{"line":4,"column":1}},"type":"binary-expr","locations":[{"start":{"line":2,"column":23},"end":{"line":2,"column":27}},{"start":{"line":2,"column":31},"end":{"line":2,"column":51}},{"start":{"line":2,"column":56},"end":{"line":4,"column":1}}],"line":2},"1":{"loc":{"start":{"line":3,"column":11},"end":{"line":3,"column":61}},"type":"cond-expr","locations":[{"start":{"line":3,"column":37},"end":{"line":3,"column":40}},{"start":{"line":3,"column":43},"end":{"line":3,"column":61}}],"line":3},"2":{"loc":{"start":{"line":3,"column":12},"end":{"line":3,"column":33}},"type":"binary-expr","locations":[{"start":{"line":3,"column":12},"end":{"line":3,"column":15}},{"start":{"line":3,"column":19},"end":{"line":3,"column":33}}],"line":3},"3":{"loc":{"start":{"line":5,"column":19},"end":{"line":11,"column":1}},"type":"binary-expr","locations":[{"start":{"line":5,"column":20},"end":{"line":5,"column":24}},{"start":{"line":5,"column":28},"end":{"line":5,"column":45}},{"start":{"line":5,"column":50},"end":{"line":11,"column":1}}],"line":5},"4":{"loc":{"start":{"line":6,"column":4},"end":{"line":6,"column":42}},"type":"if","locations":[{"start":{"line":6,"column":4},"end":{"line":6,"column":42}},{"start":{"line":6,"column":4},"end":{"line":6,"column":42}}],"line":6},"5":{"loc":{"start":{"line":6,"column":8},"end":{"line":6,"column":29}},"type":"binary-expr","locations":[{"start":{"line":6,"column":8},"end":{"line":6,"column":11}},{"start":{"line":6,"column":15},"end":{"line":6,"column":29}}],"line":6},"6":{"loc":{"start":{"line":8,"column":4},"end":{"line":8,"column":99}},"type":"if","locations":[{"start":{"line":8,"column":4},"end":{"line":8,"column":99}},{"start":{"line":8,"column":4},"end":{"line":8,"column":99}}],"line":8},"7":{"loc":{"start":{"line":8,"column":40},"end":{"line":8,"column":99}},"type":"if","locations":[{"start":{"line":8,"column":40},"end":{"line":8,"column":99}},{"start":{"line":8,"column":40},"end":{"line":8,"column":99}}],"line":8},"8":{"loc":{"start":{"line":53,"column":4},"end":{"line":63,"column":5}},"type":"if","locations":[{"start":{"line":53,"column":4},"end":{"line":63,"column":5}},{"start":{"line":53,"column":4},"end":{"line":63,"column":5}}],"line":53},"9":{"loc":{"start":{"line":53,"column":8},"end":{"line":53,"column":46}},"type":"binary-expr","locations":[{"start":{"line":53,"column":8},"end":{"line":53,"column":21}},{"start":{"line":53,"column":25},"end":{"line":53,"column":46}}],"line":53},"10":{"loc":{"start":{"line":131,"column":23},"end":{"line":133,"column":44}},"type":"cond-expr","locations":[{"start":{"line":132,"column":10},"end":{"line":132,"column":68}},{"start":{"line":133,"column":10},"end":{"line":133,"column":44}}],"line":131},"11":{"loc":{"start":{"line":151,"column":8},"end":{"line":170,"column":9}},"type":"if","locations":[{"start":{"line":151,"column":8},"end":{"line":170,"column":9}},{"start":{"line":151,"column":8},"end":{"line":170,"column":9}}],"line":151},"12":{"loc":{"start":{"line":162,"column":12},"end":{"line":169,"column":13}},"type":"if","locations":[{"start":{"line":162,"column":12},"end":{"line":169,"column":13}},{"start":{"line":162,"column":12},"end":{"line":169,"column":13}}],"line":162},"13":{"loc":{"start":{"line":176,"column":8},"end":{"line":181,"column":9}},"type":"if","locations":[{"start":{"line":176,"column":8},"end":{"line":181,"column":9}},{"start":{"line":176,"column":8},"end":{"line":181,"column":9}}],"line":176}},"s":{"0":1,"1":1,"2":1,"3":1,"4":0,"5":1,"6":1,"7":1,"8":5,"9":5,"10":1,"11":1,"12":1,"13":1,"14":1,"15":1,"16":1,"17":1,"18":1,"19":1,"20":1,"21":1,"22":1,"23":1,"24":1,"25":1,"26":9,"27":9,"28":9,"29":9,"30":8,"31":8,"32":1,"33":1,"34":1,"35":1,"36":1,"37":1,"38":1,"39":1,"40":1,"41":1,"42":1,"43":1,"44":1,"45":9,"46":9,"47":9,"48":9,"49":9,"50":9,"51":9,"52":9,"53":10,"54":9,"55":9,"56":9,"57":10,"58":8,"59":8,"60":2,"61":2,"62":1,"63":9,"64":9,"65":9,"66":9,"67":1,"68":1,"69":1,"70":9,"71":9,"72":1,"73":1,"74":1,"75":9,"76":1,"77":1,"78":1},"f":{"0":1,"1":1,"2":9,"3":1,"4":1,"5":9,"6":10,"7":10,"8":9,"9":1,"10":1},"b":{"0":[1,1,1],"1":[0,1],"2":[1,1],"3":[1,1,1],"4":[0,1],"5":[1,1],"6":[1,0],"7":[5,0],"8":[8,1],"9":[9,8],"10":[7,2],"11":[8,2],"12":[1,1],"13":[1,8]},"_coverageSchema":"43e27e138ebf9cfc5966b082cf9a028302ed4184","hash":"c1eef2ad9e9a954401efd4a1b0f75db239240f0a","contentHash":"ee57481b67084b2c346e90fb38525496"}}