{"C:\\Users\\cname\\Dropbox\\Software\\Projects\\projects\\project_perform\\dist\\index.js":{"path":"C:\\Users\\cname\\Dropbox\\Software\\Projects\\projects\\project_perform\\dist\\index.js","statementMap":{"0":{"start":{"line":2,"column":22},"end":{"line":4,"column":1}},"1":{"start":{"line":3,"column":4},"end":{"line":3,"column":62}},"2":{"start":{"line":5,"column":0},"end":{"line":5,"column":62}},"3":{"start":{"line":23,"column":19},"end":{"line":23,"column":65}},"4":{"start":{"line":24,"column":16},"end":{"line":24,"column":49}},"5":{"start":{"line":25,"column":0},"end":{"line":25,"column":52}},"6":{"start":{"line":26,"column":0},"end":{"line":26,"column":40}},"7":{"start":{"line":28,"column":18},"end":{"line":28,"column":38}},"8":{"start":{"line":30,"column":17},"end":{"line":30,"column":34}},"9":{"start":{"line":31,"column":17},"end":{"line":31,"column":34}},"10":{"start":{"line":32,"column":18},"end":{"line":32,"column":53}},"11":{"start":{"line":35,"column":10},"end":{"line":35,"column":12}},"12":{"start":{"line":37,"column":0},"end":{"line":37,"column":44}},"13":{"start":{"line":39,"column":20},"end":{"line":39,"column":49}},"14":{"start":{"line":40,"column":18},"end":{"line":40,"column":45}},"15":{"start":{"line":41,"column":21},"end":{"line":41,"column":46}},"16":{"start":{"line":42,"column":21},"end":{"line":42,"column":46}},"17":{"start":{"line":43,"column":21},"end":{"line":43,"column":51}},"18":{"start":{"line":44,"column":36},"end":{"line":44,"column":69}},"19":{"start":{"line":45,"column":32},"end":{"line":45,"column":71}},"20":{"start":{"line":46,"column":28},"end":{"line":46,"column":63}},"21":{"start":{"line":47,"column":36},"end":{"line":47,"column":69}},"22":{"start":{"line":48,"column":36},"end":{"line":48,"column":69}},"23":{"start":{"line":49,"column":37},"end":{"line":49,"column":71}},"24":{"start":{"line":50,"column":36},"end":{"line":50,"column":69}},"25":{"start":{"line":51,"column":36},"end":{"line":51,"column":69}},"26":{"start":{"line":52,"column":39},"end":{"line":52,"column":76}},"27":{"start":{"line":53,"column":41},"end":{"line":53,"column":80}},"28":{"start":{"line":54,"column":42},"end":{"line":54,"column":82}},"29":{"start":{"line":55,"column":40},"end":{"line":55,"column":78}},"30":{"start":{"line":56,"column":40},"end":{"line":56,"column":78}},"31":{"start":{"line":57,"column":37},"end":{"line":57,"column":71}},"32":{"start":{"line":58,"column":37},"end":{"line":58,"column":64}},"33":{"start":{"line":59,"column":37},"end":{"line":59,"column":64}},"34":{"start":{"line":65,"column":19},"end":{"line":65,"column":42}},"35":{"start":{"line":66,"column":15},"end":{"line":66,"column":51}},"36":{"start":{"line":67,"column":22},"end":{"line":67,"column":48}},"37":{"start":{"line":68,"column":18},"end":{"line":68,"column":47}},"38":{"start":{"line":69,"column":25},"end":{"line":69,"column":55}},"39":{"start":{"line":70,"column":21},"end":{"line":70,"column":55}},"40":{"start":{"line":72,"column":4},"end":{"line":72,"column":62}},"41":{"start":{"line":74,"column":4},"end":{"line":74,"column":54}},"42":{"start":{"line":75,"column":4},"end":{"line":75,"column":19}},"43":{"start":{"line":76,"column":4},"end":{"line":76,"column":21}},"44":{"start":{"line":77,"column":4},"end":{"line":77,"column":22}},"45":{"start":{"line":79,"column":0},"end":{"line":79,"column":46}},"46":{"start":{"line":81,"column":0},"end":{"line":81,"column":53}},"47":{"start":{"line":85,"column":0},"end":{"line":85,"column":51}},"48":{"start":{"line":87,"column":4},"end":{"line":87,"column":63}},"49":{"start":{"line":88,"column":4},"end":{"line":88,"column":63}},"50":{"start":{"line":89,"column":4},"end":{"line":89,"column":22}},"51":{"start":{"line":90,"column":4},"end":{"line":90,"column":21}},"52":{"start":{"line":91,"column":4},"end":{"line":91,"column":22}},"53":{"start":{"line":93,"column":0},"end":{"line":93,"column":48}},"54":{"start":{"line":95,"column":0},"end":{"line":95,"column":55}},"55":{"start":{"line":108,"column":4},"end":{"line":108,"column":49}},"56":{"start":{"line":109,"column":24},"end":{"line":109,"column":26}},"57":{"start":{"line":110,"column":4},"end":{"line":110,"column":40}},"58":{"start":{"line":111,"column":4},"end":{"line":111,"column":42}},"59":{"start":{"line":112,"column":4},"end":{"line":112,"column":34}},"60":{"start":{"line":113,"column":4},"end":{"line":113,"column":40}},"61":{"start":{"line":114,"column":4},"end":{"line":114,"column":40}},"62":{"start":{"line":115,"column":4},"end":{"line":115,"column":42}},"63":{"start":{"line":116,"column":4},"end":{"line":116,"column":40}},"64":{"start":{"line":117,"column":4},"end":{"line":117,"column":40}},"65":{"start":{"line":118,"column":4},"end":{"line":118,"column":42}},"66":{"start":{"line":119,"column":4},"end":{"line":119,"column":46}},"67":{"start":{"line":120,"column":4},"end":{"line":120,"column":48}},"68":{"start":{"line":121,"column":4},"end":{"line":121,"column":43}},"69":{"start":{"line":122,"column":4},"end":{"line":122,"column":43}},"70":{"start":{"line":123,"column":4},"end":{"line":123,"column":42}},"71":{"start":{"line":124,"column":20},"end":{"line":124,"column":22}},"72":{"start":{"line":125,"column":4},"end":{"line":125,"column":45}},"73":{"start":{"line":126,"column":4},"end":{"line":126,"column":43}},"74":{"start":{"line":127,"column":4},"end":{"line":127,"column":37}},"75":{"start":{"line":128,"column":4},"end":{"line":128,"column":45}},"76":{"start":{"line":129,"column":4},"end":{"line":129,"column":53}},"77":{"start":{"line":130,"column":4},"end":{"line":130,"column":49}},"78":{"start":{"line":132,"column":4},"end":{"line":132,"column":40}},"79":{"start":{"line":142,"column":22},"end":{"line":168,"column":5}},"80":{"start":{"line":169,"column":4},"end":{"line":169,"column":30}},"81":{"start":{"line":170,"column":4},"end":{"line":170,"column":41}},"82":{"start":{"line":171,"column":4},"end":{"line":171,"column":15}},"83":{"start":{"line":174,"column":4},"end":{"line":174,"column":58}},"84":{"start":{"line":175,"column":4},"end":{"line":175,"column":58}},"85":{"start":{"line":176,"column":4},"end":{"line":184,"column":5}},"86":{"start":{"line":177,"column":8},"end":{"line":177,"column":71}},"87":{"start":{"line":178,"column":8},"end":{"line":178,"column":56}},"88":{"start":{"line":179,"column":8},"end":{"line":179,"column":15}},"89":{"start":{"line":183,"column":8},"end":{"line":183,"column":15}},"90":{"start":{"line":188,"column":4},"end":{"line":188,"column":51}},"91":{"start":{"line":189,"column":4},"end":{"line":189,"column":56}},"92":{"start":{"line":190,"column":16},"end":{"line":190,"column":26}},"93":{"start":{"line":191,"column":4},"end":{"line":191,"column":57}},"94":{"start":{"line":192,"column":4},"end":{"line":192,"column":29}},"95":{"start":{"line":193,"column":4},"end":{"line":205,"column":5}},"96":{"start":{"line":194,"column":8},"end":{"line":194,"column":65}},"97":{"start":{"line":196,"column":8},"end":{"line":196,"column":67}},"98":{"start":{"line":197,"column":8},"end":{"line":197,"column":67}},"99":{"start":{"line":200,"column":8},"end":{"line":200,"column":54}},"100":{"start":{"line":201,"column":8},"end":{"line":201,"column":95}},"101":{"start":{"line":204,"column":8},"end":{"line":204,"column":66}},"102":{"start":{"line":208,"column":4},"end":{"line":251,"column":5}},"103":{"start":{"line":209,"column":8},"end":{"line":209,"column":64}},"104":{"start":{"line":210,"column":8},"end":{"line":210,"column":51}},"105":{"start":{"line":212,"column":8},"end":{"line":244,"column":9}},"106":{"start":{"line":213,"column":12},"end":{"line":213,"column":47}},"107":{"start":{"line":215,"column":12},"end":{"line":223,"column":13}},"108":{"start":{"line":216,"column":16},"end":{"line":222,"column":19}},"109":{"start":{"line":217,"column":20},"end":{"line":217,"column":85}},"110":{"start":{"line":218,"column":20},"end":{"line":218,"column":35}},"111":{"start":{"line":219,"column":20},"end":{"line":219,"column":37}},"112":{"start":{"line":220,"column":20},"end":{"line":220,"column":75}},"113":{"start":{"line":221,"column":20},"end":{"line":221,"column":42}},"114":{"start":{"line":225,"column":12},"end":{"line":225,"column":37}},"115":{"start":{"line":226,"column":12},"end":{"line":226,"column":66}},"116":{"start":{"line":228,"column":24},"end":{"line":230,"column":13}},"117":{"start":{"line":231,"column":12},"end":{"line":231,"column":47}},"118":{"start":{"line":233,"column":12},"end":{"line":235,"column":13}},"119":{"start":{"line":234,"column":16},"end":{"line":234,"column":50}},"120":{"start":{"line":236,"column":12},"end":{"line":236,"column":61}},"121":{"start":{"line":239,"column":12},"end":{"line":239,"column":75}},"122":{"start":{"line":240,"column":12},"end":{"line":240,"column":27}},"123":{"start":{"line":241,"column":12},"end":{"line":241,"column":29}},"124":{"start":{"line":242,"column":12},"end":{"line":242,"column":67}},"125":{"start":{"line":243,"column":12},"end":{"line":243,"column":34}},"126":{"start":{"line":247,"column":8},"end":{"line":247,"column":72}},"127":{"start":{"line":248,"column":8},"end":{"line":248,"column":25}},"128":{"start":{"line":249,"column":8},"end":{"line":249,"column":63}},"129":{"start":{"line":250,"column":8},"end":{"line":250,"column":30}},"130":{"start":{"line":255,"column":16},"end":{"line":255,"column":26}},"131":{"start":{"line":256,"column":4},"end":{"line":282,"column":5}},"132":{"start":{"line":257,"column":8},"end":{"line":257,"column":63}},"133":{"start":{"line":258,"column":8},"end":{"line":261,"column":9}},"134":{"start":{"line":259,"column":12},"end":{"line":259,"column":35}},"135":{"start":{"line":260,"column":12},"end":{"line":260,"column":51}},"136":{"start":{"line":262,"column":8},"end":{"line":264,"column":9}},"137":{"start":{"line":263,"column":12},"end":{"line":263,"column":61}},"138":{"start":{"line":265,"column":8},"end":{"line":267,"column":9}},"139":{"start":{"line":266,"column":12},"end":{"line":266,"column":54}},"140":{"start":{"line":268,"column":8},"end":{"line":268,"column":49}},"141":{"start":{"line":269,"column":8},"end":{"line":269,"column":71}},"142":{"start":{"line":270,"column":8},"end":{"line":270,"column":73}},"143":{"start":{"line":271,"column":8},"end":{"line":271,"column":69}},"144":{"start":{"line":272,"column":8},"end":{"line":272,"column":57}},"145":{"start":{"line":273,"column":8},"end":{"line":273,"column":75}},"146":{"start":{"line":274,"column":8},"end":{"line":274,"column":15}},"147":{"start":{"line":278,"column":8},"end":{"line":278,"column":64}},"148":{"start":{"line":279,"column":8},"end":{"line":279,"column":23}},"149":{"start":{"line":280,"column":8},"end":{"line":280,"column":63}},"150":{"start":{"line":281,"column":8},"end":{"line":281,"column":30}},"151":{"start":{"line":285,"column":4},"end":{"line":285,"column":51}},"152":{"start":{"line":286,"column":4},"end":{"line":286,"column":21}},"153":{"start":{"line":287,"column":4},"end":{"line":287,"column":76}},"154":{"start":{"line":288,"column":4},"end":{"line":288,"column":68}},"155":{"start":{"line":290,"column":16},"end":{"line":293,"column":5}},"156":{"start":{"line":294,"column":4},"end":{"line":294,"column":46}},"157":{"start":{"line":296,"column":0},"end":{"line":296,"column":24}},"158":{"start":{"line":299,"column":0},"end":{"line":299,"column":29}},"159":{"start":{"line":301,"column":4},"end":{"line":303,"column":40}},"160":{"start":{"line":304,"column":4},"end":{"line":304,"column":102}},"161":{"start":{"line":305,"column":4},"end":{"line":305,"column":21}},"162":{"start":{"line":306,"column":4},"end":{"line":306,"column":58}},"163":{"start":{"line":307,"column":4},"end":{"line":307,"column":69}},"164":{"start":{"line":308,"column":4},"end":{"line":308,"column":31}},"165":{"start":{"line":316,"column":0},"end":{"line":318,"column":1}},"166":{"start":{"line":317,"column":4},"end":{"line":317,"column":41}},"167":{"start":{"line":319,"column":0},"end":{"line":319,"column":7}},"168":{"start":{"line":320,"column":0},"end":{"line":320,"column":9}},"169":{"start":{"line":321,"column":0},"end":{"line":321,"column":32}}},"fnMap":{"0":{"name":"(anonymous_0)","decl":{"start":{"line":2,"column":56},"end":{"line":2,"column":57}},"loc":{"start":{"line":2,"column":71},"end":{"line":4,"column":1}},"line":2},"1":{"name":"uncaughtException","decl":{"start":{"line":71,"column":15},"end":{"line":71,"column":32}},"loc":{"start":{"line":71,"column":38},"end":{"line":78,"column":1}},"line":71},"2":{"name":"unhandledRejection","decl":{"start":{"line":86,"column":15},"end":{"line":86,"column":33}},"loc":{"start":{"line":86,"column":42},"end":{"line":92,"column":1}},"line":86},"3":{"name":"load","decl":{"start":{"line":107,"column":9},"end":{"line":107,"column":13}},"loc":{"start":{"line":107,"column":16},"end":{"line":172,"column":1}},"line":107},"4":{"name":"setupDatabase","decl":{"start":{"line":173,"column":15},"end":{"line":173,"column":28}},"loc":{"start":{"line":173,"column":34},"end":{"line":185,"column":1}},"line":173},"5":{"name":"runApp","decl":{"start":{"line":187,"column":15},"end":{"line":187,"column":21}},"loc":{"start":{"line":187,"column":24},"end":{"line":252,"column":1}},"line":187},"6":{"name":"(anonymous_6)","decl":{"start":{"line":216,"column":49},"end":{"line":216,"column":50}},"loc":{"start":{"line":216,"column":64},"end":{"line":222,"column":17}},"line":216},"7":{"name":"closeAll","decl":{"start":{"line":254,"column":15},"end":{"line":254,"column":23}},"loc":{"start":{"line":254,"column":26},"end":{"line":283,"column":1}},"line":254},"8":{"name":"sigint","decl":{"start":{"line":284,"column":15},"end":{"line":284,"column":21}},"loc":{"start":{"line":284,"column":24},"end":{"line":295,"column":1}},"line":284},"9":{"name":"parentMessage","decl":{"start":{"line":300,"column":15},"end":{"line":300,"column":28}},"loc":{"start":{"line":300,"column":38},"end":{"line":309,"column":1}},"line":300}},"branchMap":{"0":{"loc":{"start":{"line":2,"column":22},"end":{"line":4,"column":1}},"type":"binary-expr","locations":[{"start":{"line":2,"column":23},"end":{"line":2,"column":27}},{"start":{"line":2,"column":31},"end":{"line":2,"column":51}},{"start":{"line":2,"column":56},"end":{"line":4,"column":1}}],"line":2},"1":{"loc":{"start":{"line":3,"column":11},"end":{"line":3,"column":61}},"type":"cond-expr","locations":[{"start":{"line":3,"column":37},"end":{"line":3,"column":40}},{"start":{"line":3,"column":43},"end":{"line":3,"column":61}}],"line":3},"2":{"loc":{"start":{"line":3,"column":12},"end":{"line":3,"column":33}},"type":"binary-expr","locations":[{"start":{"line":3,"column":12},"end":{"line":3,"column":15}},{"start":{"line":3,"column":19},"end":{"line":3,"column":33}}],"line":3},"3":{"loc":{"start":{"line":193,"column":4},"end":{"line":205,"column":5}},"type":"if","locations":[{"start":{"line":193,"column":4},"end":{"line":205,"column":5}},{"start":{"line":193,"column":4},"end":{"line":205,"column":5}}],"line":193},"4":{"loc":{"start":{"line":208,"column":4},"end":{"line":251,"column":5}},"type":"if","locations":[{"start":{"line":208,"column":4},"end":{"line":251,"column":5}},{"start":{"line":208,"column":4},"end":{"line":251,"column":5}}],"line":208},"5":{"loc":{"start":{"line":208,"column":8},"end":{"line":208,"column":67}},"type":"binary-expr","locations":[{"start":{"line":208,"column":8},"end":{"line":208,"column":41}},{"start":{"line":208,"column":45},"end":{"line":208,"column":67}}],"line":208},"6":{"loc":{"start":{"line":233,"column":12},"end":{"line":235,"column":13}},"type":"if","locations":[{"start":{"line":233,"column":12},"end":{"line":235,"column":13}},{"start":{"line":233,"column":12},"end":{"line":235,"column":13}}],"line":233},"7":{"loc":{"start":{"line":262,"column":8},"end":{"line":264,"column":9}},"type":"if","locations":[{"start":{"line":262,"column":8},"end":{"line":264,"column":9}},{"start":{"line":262,"column":8},"end":{"line":264,"column":9}}],"line":262},"8":{"loc":{"start":{"line":265,"column":8},"end":{"line":267,"column":9}},"type":"if","locations":[{"start":{"line":265,"column":8},"end":{"line":267,"column":9}},{"start":{"line":265,"column":8},"end":{"line":267,"column":9}}],"line":265},"9":{"loc":{"start":{"line":316,"column":0},"end":{"line":318,"column":1}},"type":"if","locations":[{"start":{"line":316,"column":0},"end":{"line":318,"column":1}},{"start":{"line":316,"column":0},"end":{"line":318,"column":1}}],"line":316}},"s":{"0":1,"1":2,"2":1,"3":1,"4":1,"5":1,"6":1,"7":1,"8":1,"9":1,"10":1,"11":1,"12":1,"13":1,"14":1,"15":1,"16":1,"17":1,"18":1,"19":1,"20":1,"21":1,"22":1,"23":1,"24":1,"25":1,"26":1,"27":1,"28":1,"29":1,"30":1,"31":1,"32":1,"33":1,"34":1,"35":1,"36":1,"37":1,"38":1,"39":1,"40":0,"41":0,"42":0,"43":0,"44":0,"45":1,"46":1,"47":1,"48":0,"49":0,"50":0,"51":0,"52":0,"53":1,"54":1,"55":1,"56":1,"57":1,"58":1,"59":1,"60":1,"61":1,"62":1,"63":1,"64":1,"65":1,"66":1,"67":1,"68":1,"69":1,"70":1,"71":1,"72":1,"73":1,"74":1,"75":1,"76":1,"77":1,"78":1,"79":1,"80":1,"81":1,"82":1,"83":1,"84":1,"85":1,"86":1,"87":1,"88":1,"89":0,"90":1,"91":1,"92":1,"93":1,"94":1,"95":1,"96":1,"97":1,"98":1,"99":1,"100":1,"101":0,"102":1,"103":1,"104":1,"105":1,"106":1,"107":1,"108":2,"109":0,"110":0,"111":0,"112":0,"113":0,"114":1,"115":1,"116":1,"117":1,"118":1,"119":1,"120":1,"121":0,"122":0,"123":0,"124":0,"125":0,"126":0,"127":0,"128":0,"129":0,"130":1,"131":1,"132":1,"133":1,"134":2,"135":2,"136":1,"137":1,"138":1,"139":1,"140":1,"141":1,"142":1,"143":1,"144":1,"145":1,"146":1,"147":0,"148":0,"149":0,"150":0,"151":0,"152":0,"153":0,"154":0,"155":0,"156":0,"157":1,"158":1,"159":1,"160":1,"161":1,"162":1,"163":1,"164":1,"165":1,"166":1,"167":1,"168":1,"169":1},"f":{"0":2,"1":0,"2":0,"3":1,"4":1,"5":1,"6":0,"7":1,"8":0,"9":1},"b":{"0":[1,1,1],"1":[0,2],"2":[2,2],"3":[1,0],"4":[1,0],"5":[1,0],"6":[1,0],"7":[1,0],"8":[1,0],"9":[1,0]},"_coverageSchema":"43e27e138ebf9cfc5966b082cf9a028302ed4184","hash":"660b128ae68cce1891f4489de5c0342cce9ed26e","contentHash":"8c4566b7e2b8ca94833015d775898530"},"C:\\Users\\cname\\Dropbox\\Software\\Projects\\projects\\project_perform\\dist\\.config.js":{"path":"C:\\Users\\cname\\Dropbox\\Software\\Projects\\projects\\project_perform\\dist\\.config.js","statementMap":{"0":{"start":{"line":2,"column":22},"end":{"line":4,"column":1}},"1":{"start":{"line":3,"column":4},"end":{"line":3,"column":62}},"2":{"start":{"line":5,"column":19},"end":{"line":11,"column":1}},"3":{"start":{"line":6,"column":4},"end":{"line":6,"column":42}},"4":{"start":{"line":6,"column":31},"end":{"line":6,"column":42}},"5":{"start":{"line":7,"column":17},"end":{"line":7,"column":19}},"6":{"start":{"line":8,"column":4},"end":{"line":8,"column":99}},"7":{"start":{"line":8,"column":21},"end":{"line":8,"column":99}},"8":{"start":{"line":8,"column":40},"end":{"line":8,"column":99}},"9":{"start":{"line":8,"column":80},"end":{"line":8,"column":99}},"10":{"start":{"line":9,"column":4},"end":{"line":9,"column":28}},"11":{"start":{"line":10,"column":4},"end":{"line":10,"column":18}},"12":{"start":{"line":12,"column":0},"end":{"line":12,"column":62}},"13":{"start":{"line":18,"column":19},"end":{"line":18,"column":65}},"14":{"start":{"line":19,"column":16},"end":{"line":19,"column":49}},"15":{"start":{"line":20,"column":14},"end":{"line":20,"column":49}},"16":{"start":{"line":21,"column":0},"end":{"line":21,"column":32}},"17":{"start":{"line":22,"column":22},"end":{"line":22,"column":60}},"18":{"start":{"line":23,"column":13},"end":{"line":23,"column":42}},"19":{"start":{"line":24,"column":16},"end":{"line":24,"column":40}},"20":{"start":{"line":26,"column":21},"end":{"line":26,"column":66}},"21":{"start":{"line":27,"column":15},"end":{"line":27,"column":55}},"22":{"start":{"line":28,"column":19},"end":{"line":28,"column":62}},"23":{"start":{"line":30,"column":22},"end":{"line":30,"column":73}},"24":{"start":{"line":32,"column":22},"end":{"line":32,"column":73}},"25":{"start":{"line":34,"column":17},"end":{"line":34,"column":64}},"26":{"start":{"line":36,"column":15},"end":{"line":36,"column":54}},"27":{"start":{"line":38,"column":18},"end":{"line":38,"column":60}},"28":{"start":{"line":40,"column":17},"end":{"line":40,"column":61}},"29":{"start":{"line":41,"column":23},"end":{"line":41,"column":77}},"30":{"start":{"line":43,"column":25},"end":{"line":43,"column":69}},"31":{"start":{"line":44,"column":26},"end":{"line":44,"column":71}},"32":{"start":{"line":45,"column":26},"end":{"line":45,"column":78}},"33":{"start":{"line":46,"column":31},"end":{"line":46,"column":88}},"34":{"start":{"line":47,"column":27},"end":{"line":47,"column":80}},"35":{"start":{"line":48,"column":25},"end":{"line":48,"column":76}},"36":{"start":{"line":49,"column":25},"end":{"line":49,"column":75}},"37":{"start":{"line":50,"column":29},"end":{"line":50,"column":78}},"38":{"start":{"line":51,"column":31},"end":{"line":51,"column":82}},"39":{"start":{"line":52,"column":32},"end":{"line":52,"column":84}},"40":{"start":{"line":53,"column":30},"end":{"line":53,"column":79}},"41":{"start":{"line":54,"column":30},"end":{"line":54,"column":79}},"42":{"start":{"line":55,"column":25},"end":{"line":55,"column":69}},"43":{"start":{"line":56,"column":25},"end":{"line":56,"column":69}},"44":{"start":{"line":58,"column":19},"end":{"line":58,"column":58}},"45":{"start":{"line":59,"column":19},"end":{"line":59,"column":58}},"46":{"start":{"line":61,"column":0},"end":{"line":251,"column":2}},"47":{"start":{"line":126,"column":8},"end":{"line":126,"column":62}},"48":{"start":{"line":199,"column":8},"end":{"line":199,"column":35}}},"fnMap":{"0":{"name":"(anonymous_0)","decl":{"start":{"line":2,"column":56},"end":{"line":2,"column":57}},"loc":{"start":{"line":2,"column":71},"end":{"line":4,"column":1}},"line":2},"1":{"name":"(anonymous_1)","decl":{"start":{"line":5,"column":50},"end":{"line":5,"column":51}},"loc":{"start":{"line":5,"column":65},"end":{"line":11,"column":1}},"line":5},"2":{"name":"(anonymous_2)","decl":{"start":{"line":125,"column":4},"end":{"line":125,"column":5}},"loc":{"start":{"line":125,"column":38},"end":{"line":127,"column":5}},"line":125},"3":{"name":"(anonymous_3)","decl":{"start":{"line":198,"column":4},"end":{"line":198,"column":5}},"loc":{"start":{"line":198,"column":27},"end":{"line":200,"column":5}},"line":198}},"branchMap":{"0":{"loc":{"start":{"line":2,"column":22},"end":{"line":4,"column":1}},"type":"binary-expr","locations":[{"start":{"line":2,"column":23},"end":{"line":2,"column":27}},{"start":{"line":2,"column":31},"end":{"line":2,"column":51}},{"start":{"line":2,"column":56},"end":{"line":4,"column":1}}],"line":2},"1":{"loc":{"start":{"line":3,"column":11},"end":{"line":3,"column":61}},"type":"cond-expr","locations":[{"start":{"line":3,"column":37},"end":{"line":3,"column":40}},{"start":{"line":3,"column":43},"end":{"line":3,"column":61}}],"line":3},"2":{"loc":{"start":{"line":3,"column":12},"end":{"line":3,"column":33}},"type":"binary-expr","locations":[{"start":{"line":3,"column":12},"end":{"line":3,"column":15}},{"start":{"line":3,"column":19},"end":{"line":3,"column":33}}],"line":3},"3":{"loc":{"start":{"line":5,"column":19},"end":{"line":11,"column":1}},"type":"binary-expr","locations":[{"start":{"line":5,"column":20},"end":{"line":5,"column":24}},{"start":{"line":5,"column":28},"end":{"line":5,"column":45}},{"start":{"line":5,"column":50},"end":{"line":11,"column":1}}],"line":5},"4":{"loc":{"start":{"line":6,"column":4},"end":{"line":6,"column":42}},"type":"if","locations":[{"start":{"line":6,"column":4},"end":{"line":6,"column":42}},{"start":{"line":6,"column":4},"end":{"line":6,"column":42}}],"line":6},"5":{"loc":{"start":{"line":6,"column":8},"end":{"line":6,"column":29}},"type":"binary-expr","locations":[{"start":{"line":6,"column":8},"end":{"line":6,"column":11}},{"start":{"line":6,"column":15},"end":{"line":6,"column":29}}],"line":6},"6":{"loc":{"start":{"line":8,"column":4},"end":{"line":8,"column":99}},"type":"if","locations":[{"start":{"line":8,"column":4},"end":{"line":8,"column":99}},{"start":{"line":8,"column":4},"end":{"line":8,"column":99}}],"line":8},"7":{"loc":{"start":{"line":8,"column":40},"end":{"line":8,"column":99}},"type":"if","locations":[{"start":{"line":8,"column":40},"end":{"line":8,"column":99}},{"start":{"line":8,"column":40},"end":{"line":8,"column":99}}],"line":8}},"s":{"0":1,"1":1,"2":1,"3":28,"4":26,"5":2,"6":2,"7":2,"8":21,"9":21,"10":2,"11":2,"12":1,"13":1,"14":1,"15":1,"16":1,"17":1,"18":1,"19":1,"20":1,"21":1,"22":1,"23":1,"24":1,"25":1,"26":1,"27":1,"28":1,"29":1,"30":1,"31":1,"32":1,"33":1,"34":1,"35":1,"36":1,"37":1,"38":1,"39":1,"40":1,"41":1,"42":1,"43":1,"44":1,"45":1,"46":1,"47":0,"48":0},"f":{"0":1,"1":28,"2":0,"3":0},"b":{"0":[1,1,1],"1":[0,1],"2":[1,1],"3":[1,1,1],"4":[26,2],"5":[28,28],"6":[2,0],"7":[21,0]},"_coverageSchema":"43e27e138ebf9cfc5966b082cf9a028302ed4184","hash":"4c231ed6e861b2d546b57b4b5c60be4ab1d1adc8","contentHash":"35b43237be36f25a196b492a445d9fc5"},"C:\\Users\\cname\\Dropbox\\Software\\Projects\\projects\\project_perform\\dist\\server\\startserver.js":{"path":"C:\\Users\\cname\\Dropbox\\Software\\Projects\\projects\\project_perform\\dist\\server\\startserver.js","statementMap":{"0":{"start":{"line":2,"column":22},"end":{"line":4,"column":1}},"1":{"start":{"line":3,"column":4},"end":{"line":3,"column":62}},"2":{"start":{"line":5,"column":0},"end":{"line":5,"column":62}},"3":{"start":{"line":12,"column":19},"end":{"line":12,"column":65}},"4":{"start":{"line":13,"column":16},"end":{"line":13,"column":49}},"5":{"start":{"line":14,"column":14},"end":{"line":14,"column":49}},"6":{"start":{"line":15,"column":0},"end":{"line":15,"column":32}},"7":{"start":{"line":16,"column":28},"end":{"line":16,"column":73}},"8":{"start":{"line":17,"column":13},"end":{"line":17,"column":43}},"9":{"start":{"line":18,"column":15},"end":{"line":18,"column":47}},"10":{"start":{"line":19,"column":16},"end":{"line":19,"column":49}},"11":{"start":{"line":32,"column":4},"end":{"line":32,"column":48}},"12":{"start":{"line":33,"column":20},"end":{"line":33,"column":30}},"13":{"start":{"line":34,"column":19},"end":{"line":34,"column":36}},"14":{"start":{"line":35,"column":19},"end":{"line":35,"column":36}},"15":{"start":{"line":36,"column":22},"end":{"line":36,"column":42}},"16":{"start":{"line":38,"column":23},"end":{"line":38,"column":36}},"17":{"start":{"line":41,"column":23},"end":{"line":41,"column":35}},"18":{"start":{"line":42,"column":8},"end":{"line":42,"column":56}},"19":{"start":{"line":43,"column":8},"end":{"line":43,"column":60}},"20":{"start":{"line":44,"column":8},"end":{"line":51,"column":9}},"21":{"start":{"line":45,"column":12},"end":{"line":45,"column":77}},"22":{"start":{"line":48,"column":12},"end":{"line":48,"column":72}},"23":{"start":{"line":49,"column":12},"end":{"line":49,"column":27}},"24":{"start":{"line":50,"column":12},"end":{"line":50,"column":22}},"25":{"start":{"line":53,"column":8},"end":{"line":53,"column":37}},"26":{"start":{"line":56,"column":21},"end":{"line":56,"column":35}},"27":{"start":{"line":57,"column":21},"end":{"line":57,"column":27}},"28":{"start":{"line":58,"column":24},"end":{"line":58,"column":26}},"29":{"start":{"line":59,"column":21},"end":{"line":59,"column":23}},"30":{"start":{"line":61,"column":4},"end":{"line":79,"column":5}},"31":{"start":{"line":63,"column":8},"end":{"line":65,"column":11}},"32":{"start":{"line":67,"column":8},"end":{"line":67,"column":45}},"33":{"start":{"line":69,"column":8},"end":{"line":69,"column":136}},"34":{"start":{"line":71,"column":8},"end":{"line":71,"column":37}},"35":{"start":{"line":72,"column":8},"end":{"line":72,"column":29}},"36":{"start":{"line":74,"column":8},"end":{"line":77,"column":10}},"37":{"start":{"line":78,"column":8},"end":{"line":78,"column":33}},"38":{"start":{"line":81,"column":4},"end":{"line":81,"column":132}},"39":{"start":{"line":82,"column":4},"end":{"line":82,"column":61}},"40":{"start":{"line":84,"column":0},"end":{"line":84,"column":34}}},"fnMap":{"0":{"name":"(anonymous_0)","decl":{"start":{"line":2,"column":56},"end":{"line":2,"column":57}},"loc":{"start":{"line":2,"column":71},"end":{"line":4,"column":1}},"line":2},"1":{"name":"startServer","decl":{"start":{"line":31,"column":15},"end":{"line":31,"column":26}},"loc":{"start":{"line":31,"column":32},"end":{"line":83,"column":1}},"line":31},"2":{"name":"connectServer","decl":{"start":{"line":40,"column":19},"end":{"line":40,"column":32}},"loc":{"start":{"line":40,"column":114},"end":{"line":54,"column":5}},"line":40}},"branchMap":{"0":{"loc":{"start":{"line":2,"column":22},"end":{"line":4,"column":1}},"type":"binary-expr","locations":[{"start":{"line":2,"column":23},"end":{"line":2,"column":27}},{"start":{"line":2,"column":31},"end":{"line":2,"column":51}},{"start":{"line":2,"column":56},"end":{"line":4,"column":1}}],"line":2},"1":{"loc":{"start":{"line":3,"column":11},"end":{"line":3,"column":61}},"type":"cond-expr","locations":[{"start":{"line":3,"column":37},"end":{"line":3,"column":40}},{"start":{"line":3,"column":43},"end":{"line":3,"column":61}}],"line":3},"2":{"loc":{"start":{"line":3,"column":12},"end":{"line":3,"column":33}},"type":"binary-expr","locations":[{"start":{"line":3,"column":12},"end":{"line":3,"column":15}},{"start":{"line":3,"column":19},"end":{"line":3,"column":33}}],"line":3},"3":{"loc":{"start":{"line":61,"column":4},"end":{"line":79,"column":5}},"type":"if","locations":[{"start":{"line":61,"column":4},"end":{"line":79,"column":5}},{"start":{"line":61,"column":4},"end":{"line":79,"column":5}}],"line":61}},"s":{"0":1,"1":5,"2":1,"3":1,"4":1,"5":1,"6":1,"7":1,"8":1,"9":1,"10":1,"11":1,"12":1,"13":1,"14":1,"15":1,"16":1,"17":2,"18":2,"19":2,"20":2,"21":2,"22":0,"23":0,"24":0,"25":2,"26":1,"27":1,"28":1,"29":1,"30":1,"31":1,"32":1,"33":1,"34":1,"35":1,"36":1,"37":1,"38":1,"39":1,"40":1},"f":{"0":5,"1":1,"2":2},"b":{"0":[1,1,1],"1":[0,5],"2":[5,5],"3":[1,0]},"_coverageSchema":"43e27e138ebf9cfc5966b082cf9a028302ed4184","hash":"d271f4c93063fd2f47c0c6391d123f3f41fe2e03","contentHash":"2508e4cd36432ee208b5a87538640213"},"C:\\Users\\cname\\Dropbox\\Software\\Projects\\projects\\project_perform\\dist\\server\\server.js":{"path":"C:\\Users\\cname\\Dropbox\\Software\\Projects\\projects\\project_perform\\dist\\server\\server.js","statementMap":{"0":{"start":{"line":2,"column":22},"end":{"line":4,"column":1}},"1":{"start":{"line":3,"column":4},"end":{"line":3,"column":62}},"2":{"start":{"line":5,"column":0},"end":{"line":5,"column":62}},"3":{"start":{"line":16,"column":19},"end":{"line":16,"column":65}},"4":{"start":{"line":17,"column":16},"end":{"line":17,"column":49}},"5":{"start":{"line":18,"column":14},"end":{"line":18,"column":49}},"6":{"start":{"line":19,"column":0},"end":{"line":19,"column":32}},"7":{"start":{"line":21,"column":24},"end":{"line":21,"column":65}},"8":{"start":{"line":28,"column":8},"end":{"line":28,"column":32}},"9":{"start":{"line":29,"column":8},"end":{"line":29,"column":47}},"10":{"start":{"line":30,"column":8},"end":{"line":30,"column":39}},"11":{"start":{"line":32,"column":8},"end":{"line":32,"column":30}},"12":{"start":{"line":34,"column":8},"end":{"line":34,"column":32}},"13":{"start":{"line":36,"column":8},"end":{"line":36,"column":39}},"14":{"start":{"line":37,"column":8},"end":{"line":37,"column":41}},"15":{"start":{"line":38,"column":8},"end":{"line":38,"column":37}},"16":{"start":{"line":39,"column":8},"end":{"line":39,"column":41}},"17":{"start":{"line":42,"column":0},"end":{"line":42,"column":24}},"18":{"start":{"line":59,"column":4},"end":{"line":59,"column":48}},"19":{"start":{"line":61,"column":4},"end":{"line":61,"column":69}},"20":{"start":{"line":64,"column":4},"end":{"line":64,"column":69}},"21":{"start":{"line":66,"column":4},"end":{"line":66,"column":26}},"22":{"start":{"line":67,"column":4},"end":{"line":67,"column":70}},"23":{"start":{"line":68,"column":4},"end":{"line":68,"column":30}},"24":{"start":{"line":96,"column":4},"end":{"line":96,"column":49}},"25":{"start":{"line":98,"column":8},"end":{"line":98,"column":55}},"26":{"start":{"line":101,"column":12},"end":{"line":101,"column":69}},"27":{"start":{"line":102,"column":12},"end":{"line":103,"column":75}},"28":{"start":{"line":104,"column":12},"end":{"line":104,"column":40}},"29":{"start":{"line":109,"column":12},"end":{"line":135,"column":13}},"30":{"start":{"line":111,"column":16},"end":{"line":111,"column":78}},"31":{"start":{"line":112,"column":16},"end":{"line":112,"column":36}},"32":{"start":{"line":113,"column":16},"end":{"line":129,"column":17}},"33":{"start":{"line":114,"column":20},"end":{"line":118,"column":74}},"34":{"start":{"line":119,"column":20},"end":{"line":119,"column":97}},"35":{"start":{"line":123,"column":20},"end":{"line":127,"column":64}},"36":{"start":{"line":128,"column":20},"end":{"line":128,"column":32}},"37":{"start":{"line":133,"column":16},"end":{"line":133,"column":94}},"38":{"start":{"line":134,"column":16},"end":{"line":134,"column":28}},"39":{"start":{"line":138,"column":8},"end":{"line":138,"column":71}},"40":{"start":{"line":140,"column":8},"end":{"line":140,"column":66}},"41":{"start":{"line":142,"column":8},"end":{"line":145,"column":11}},"42":{"start":{"line":147,"column":4},"end":{"line":160,"column":5}},"43":{"start":{"line":149,"column":8},"end":{"line":154,"column":9}},"44":{"start":{"line":150,"column":12},"end":{"line":150,"column":64}},"45":{"start":{"line":153,"column":12},"end":{"line":153,"column":19}},"46":{"start":{"line":157,"column":8},"end":{"line":157,"column":78}},"47":{"start":{"line":158,"column":8},"end":{"line":158,"column":28}},"48":{"start":{"line":159,"column":8},"end":{"line":159,"column":18}},"49":{"start":{"line":172,"column":4},"end":{"line":172,"column":47}},"50":{"start":{"line":174,"column":8},"end":{"line":181,"column":11}},"51":{"start":{"line":175,"column":12},"end":{"line":178,"column":13}},"52":{"start":{"line":176,"column":16},"end":{"line":176,"column":80}},"53":{"start":{"line":177,"column":16},"end":{"line":177,"column":28}},"54":{"start":{"line":179,"column":12},"end":{"line":179,"column":83}},"55":{"start":{"line":180,"column":12},"end":{"line":180,"column":25}},"56":{"start":{"line":183,"column":4},"end":{"line":192,"column":5}},"57":{"start":{"line":184,"column":8},"end":{"line":184,"column":61}},"58":{"start":{"line":185,"column":8},"end":{"line":185,"column":56}},"59":{"start":{"line":188,"column":24},"end":{"line":188,"column":52}},"60":{"start":{"line":189,"column":8},"end":{"line":189,"column":48}},"61":{"start":{"line":190,"column":8},"end":{"line":190,"column":28}},"62":{"start":{"line":191,"column":8},"end":{"line":191,"column":19}},"63":{"start":{"line":207,"column":4},"end":{"line":207,"column":21}},"64":{"start":{"line":208,"column":4},"end":{"line":208,"column":25}},"65":{"start":{"line":209,"column":4},"end":{"line":209,"column":31}}},"fnMap":{"0":{"name":"(anonymous_0)","decl":{"start":{"line":2,"column":56},"end":{"line":2,"column":57}},"loc":{"start":{"line":2,"column":71},"end":{"line":4,"column":1}},"line":2},"1":{"name":"(anonymous_1)","decl":{"start":{"line":26,"column":4},"end":{"line":26,"column":5}},"loc":{"start":{"line":26,"column":18},"end":{"line":40,"column":5}},"line":26},"2":{"name":"setupServer","decl":{"start":{"line":58,"column":9},"end":{"line":58,"column":20}},"loc":{"start":{"line":58,"column":53},"end":{"line":69,"column":1}},"line":58},"3":{"name":"listenServer","decl":{"start":{"line":95,"column":15},"end":{"line":95,"column":27}},"loc":{"start":{"line":95,"column":76},"end":{"line":161,"column":1}},"line":95},"4":{"name":"listenCallback","decl":{"start":{"line":97,"column":19},"end":{"line":97,"column":33}},"loc":{"start":{"line":97,"column":51},"end":{"line":146,"column":5}},"line":97},"5":{"name":"listenHandler","decl":{"start":{"line":99,"column":17},"end":{"line":99,"column":30}},"loc":{"start":{"line":99,"column":33},"end":{"line":105,"column":9}},"line":99},"6":{"name":"errorHandler","decl":{"start":{"line":106,"column":23},"end":{"line":106,"column":35}},"loc":{"start":{"line":106,"column":41},"end":{"line":136,"column":9}},"line":106},"7":{"name":"stopServer","decl":{"start":{"line":171,"column":15},"end":{"line":171,"column":25}},"loc":{"start":{"line":171,"column":28},"end":{"line":193,"column":1}},"line":171},"8":{"name":"shutServer","decl":{"start":{"line":173,"column":13},"end":{"line":173,"column":23}},"loc":{"start":{"line":173,"column":41},"end":{"line":182,"column":5}},"line":173},"9":{"name":"(anonymous_9)","decl":{"start":{"line":174,"column":36},"end":{"line":174,"column":37}},"loc":{"start":{"line":174,"column":45},"end":{"line":181,"column":9}},"line":174},"10":{"name":"configServer","decl":{"start":{"line":206,"column":9},"end":{"line":206,"column":21}},"loc":{"start":{"line":206,"column":95},"end":{"line":210,"column":1}},"line":206}},"branchMap":{"0":{"loc":{"start":{"line":2,"column":22},"end":{"line":4,"column":1}},"type":"binary-expr","locations":[{"start":{"line":2,"column":23},"end":{"line":2,"column":27}},{"start":{"line":2,"column":31},"end":{"line":2,"column":51}},{"start":{"line":2,"column":56},"end":{"line":4,"column":1}}],"line":2},"1":{"loc":{"start":{"line":3,"column":11},"end":{"line":3,"column":61}},"type":"cond-expr","locations":[{"start":{"line":3,"column":37},"end":{"line":3,"column":40}},{"start":{"line":3,"column":43},"end":{"line":3,"column":61}}],"line":3},"2":{"loc":{"start":{"line":3,"column":12},"end":{"line":3,"column":33}},"type":"binary-expr","locations":[{"start":{"line":3,"column":12},"end":{"line":3,"column":15}},{"start":{"line":3,"column":19},"end":{"line":3,"column":33}}],"line":3},"3":{"loc":{"start":{"line":95,"column":40},"end":{"line":95,"column":55}},"type":"default-arg","locations":[{"start":{"line":95,"column":54},"end":{"line":95,"column":55}}],"line":95},"4":{"loc":{"start":{"line":95,"column":57},"end":{"line":95,"column":74}},"type":"default-arg","locations":[{"start":{"line":95,"column":73},"end":{"line":95,"column":74}}],"line":95},"5":{"loc":{"start":{"line":109,"column":12},"end":{"line":135,"column":13}},"type":"if","locations":[{"start":{"line":109,"column":12},"end":{"line":135,"column":13}},{"start":{"line":109,"column":12},"end":{"line":135,"column":13}}],"line":109},"6":{"loc":{"start":{"line":113,"column":16},"end":{"line":129,"column":17}},"type":"if","locations":[{"start":{"line":113,"column":16},"end":{"line":129,"column":17}},{"start":{"line":113,"column":16},"end":{"line":129,"column":17}}],"line":113},"7":{"loc":{"start":{"line":149,"column":8},"end":{"line":154,"column":9}},"type":"if","locations":[{"start":{"line":149,"column":8},"end":{"line":154,"column":9}},{"start":{"line":149,"column":8},"end":{"line":154,"column":9}}],"line":149},"8":{"loc":{"start":{"line":175,"column":12},"end":{"line":178,"column":13}},"type":"if","locations":[{"start":{"line":175,"column":12},"end":{"line":178,"column":13}},{"start":{"line":175,"column":12},"end":{"line":178,"column":13}}],"line":175},"9":{"loc":{"start":{"line":206,"column":22},"end":{"line":206,"column":31}},"type":"default-arg","locations":[{"start":{"line":206,"column":29},"end":{"line":206,"column":31}}],"line":206},"10":{"loc":{"start":{"line":206,"column":33},"end":{"line":206,"column":66}},"type":"default-arg","locations":[{"start":{"line":206,"column":42},"end":{"line":206,"column":66}}],"line":206},"11":{"loc":{"start":{"line":206,"column":68},"end":{"line":206,"column":93}},"type":"default-arg","locations":[{"start":{"line":206,"column":80},"end":{"line":206,"column":93}}],"line":206}},"s":{"0":1,"1":2,"2":1,"3":1,"4":1,"5":1,"6":1,"7":1,"8":2,"9":2,"10":2,"11":2,"12":2,"13":2,"14":2,"15":2,"16":2,"17":1,"18":2,"19":2,"20":2,"21":2,"22":2,"23":2,"24":2,"25":2,"26":2,"27":2,"28":2,"29":0,"30":0,"31":0,"32":0,"33":0,"34":0,"35":0,"36":0,"37":0,"38":0,"39":2,"40":2,"41":2,"42":2,"43":2,"44":2,"45":0,"46":0,"47":0,"48":0,"49":2,"50":2,"51":2,"52":0,"53":0,"54":2,"55":2,"56":2,"57":2,"58":2,"59":0,"60":0,"61":0,"62":0,"63":2,"64":2,"65":2},"f":{"0":2,"1":2,"2":2,"3":2,"4":2,"5":2,"6":0,"7":2,"8":2,"9":2,"10":2},"b":{"0":[1,1,1],"1":[0,2],"2":[2,2],"3":[0],"4":[0],"5":[0,0],"6":[0,0],"7":[2,0],"8":[0,2],"9":[0],"10":[0],"11":[0]},"_coverageSchema":"43e27e138ebf9cfc5966b082cf9a028302ed4184","hash":"deabd0c4d6d6b0e9b52698c320b246e3789e85ed","contentHash":"0527c99f6d823dd14e757aba4283eeee"},"C:\\Users\\cname\\Dropbox\\Software\\Projects\\projects\\project_perform\\dist\\server\\runServer.js":{"path":"C:\\Users\\cname\\Dropbox\\Software\\Projects\\projects\\project_perform\\dist\\server\\runServer.js","statementMap":{"0":{"start":{"line":2,"column":22},"end":{"line":4,"column":1}},"1":{"start":{"line":3,"column":4},"end":{"line":3,"column":62}},"2":{"start":{"line":5,"column":0},"end":{"line":5,"column":62}},"3":{"start":{"line":16,"column":19},"end":{"line":16,"column":65}},"4":{"start":{"line":17,"column":16},"end":{"line":17,"column":49}},"5":{"start":{"line":18,"column":14},"end":{"line":18,"column":49}},"6":{"start":{"line":19,"column":0},"end":{"line":19,"column":32}},"7":{"start":{"line":21,"column":22},"end":{"line":21,"column":61}},"8":{"start":{"line":22,"column":22},"end":{"line":22,"column":61}},"9":{"start":{"line":23,"column":24},"end":{"line":23,"column":65}},"10":{"start":{"line":24,"column":18},"end":{"line":24,"column":53}},"11":{"start":{"line":25,"column":24},"end":{"line":25,"column":65}},"12":{"start":{"line":26,"column":14},"end":{"line":26,"column":45}},"13":{"start":{"line":27,"column":15},"end":{"line":27,"column":47}},"14":{"start":{"line":28,"column":13},"end":{"line":28,"column":48}},"15":{"start":{"line":39,"column":4},"end":{"line":39,"column":46}},"16":{"start":{"line":40,"column":19},"end":{"line":40,"column":36}},"17":{"start":{"line":41,"column":20},"end":{"line":41,"column":38}},"18":{"start":{"line":42,"column":24},"end":{"line":42,"column":46}},"19":{"start":{"line":43,"column":25},"end":{"line":43,"column":48}},"20":{"start":{"line":45,"column":4},"end":{"line":45,"column":31}},"21":{"start":{"line":47,"column":4},"end":{"line":47,"column":40}},"22":{"start":{"line":49,"column":4},"end":{"line":49,"column":34}},"23":{"start":{"line":51,"column":4},"end":{"line":51,"column":30}},"24":{"start":{"line":53,"column":4},"end":{"line":53,"column":44}},"25":{"start":{"line":55,"column":4},"end":{"line":55,"column":37}},"26":{"start":{"line":57,"column":4},"end":{"line":57,"column":37}},"27":{"start":{"line":60,"column":8},"end":{"line":60,"column":32}},"28":{"start":{"line":61,"column":8},"end":{"line":61,"column":15}},"29":{"start":{"line":63,"column":4},"end":{"line":63,"column":22}},"30":{"start":{"line":65,"column":4},"end":{"line":65,"column":53}},"31":{"start":{"line":67,"column":4},"end":{"line":67,"column":37}},"32":{"start":{"line":69,"column":4},"end":{"line":69,"column":34}},"33":{"start":{"line":71,"column":4},"end":{"line":71,"column":38}},"34":{"start":{"line":72,"column":4},"end":{"line":74,"column":8}},"35":{"start":{"line":75,"column":4},"end":{"line":75,"column":42}},"36":{"start":{"line":76,"column":4},"end":{"line":76,"column":41}},"37":{"start":{"line":78,"column":4},"end":{"line":78,"column":56}},"38":{"start":{"line":79,"column":4},"end":{"line":111,"column":7}},"39":{"start":{"line":81,"column":8},"end":{"line":81,"column":33}},"40":{"start":{"line":83,"column":8},"end":{"line":83,"column":31}},"41":{"start":{"line":85,"column":8},"end":{"line":90,"column":10}},"42":{"start":{"line":92,"column":8},"end":{"line":107,"column":10}},"43":{"start":{"line":109,"column":8},"end":{"line":109,"column":29}},"44":{"start":{"line":110,"column":8},"end":{"line":110,"column":15}},"45":{"start":{"line":113,"column":4},"end":{"line":125,"column":7}},"46":{"start":{"line":114,"column":8},"end":{"line":114,"column":66}},"47":{"start":{"line":115,"column":8},"end":{"line":115,"column":52}},"48":{"start":{"line":116,"column":8},"end":{"line":116,"column":59}},"49":{"start":{"line":117,"column":8},"end":{"line":117,"column":68}},"50":{"start":{"line":118,"column":8},"end":{"line":118,"column":58}},"51":{"start":{"line":119,"column":8},"end":{"line":121,"column":57}},"52":{"start":{"line":122,"column":8},"end":{"line":122,"column":88}},"53":{"start":{"line":123,"column":8},"end":{"line":123,"column":93}},"54":{"start":{"line":124,"column":8},"end":{"line":124,"column":15}},"55":{"start":{"line":130,"column":32},"end":{"line":137,"column":5}},"56":{"start":{"line":133,"column":12},"end":{"line":135,"column":13}},"57":{"start":{"line":134,"column":16},"end":{"line":134,"column":37}},"58":{"start":{"line":138,"column":4},"end":{"line":138,"column":112}},"59":{"start":{"line":140,"column":4},"end":{"line":140,"column":36}},"60":{"start":{"line":142,"column":4},"end":{"line":142,"column":43}},"61":{"start":{"line":143,"column":4},"end":{"line":143,"column":45}},"62":{"start":{"line":144,"column":4},"end":{"line":144,"column":43}},"63":{"start":{"line":145,"column":4},"end":{"line":145,"column":52}},"64":{"start":{"line":146,"column":4},"end":{"line":146,"column":45}},"65":{"start":{"line":148,"column":0},"end":{"line":148,"column":30}}},"fnMap":{"0":{"name":"(anonymous_0)","decl":{"start":{"line":2,"column":56},"end":{"line":2,"column":57}},"loc":{"start":{"line":2,"column":71},"end":{"line":4,"column":1}},"line":2},"1":{"name":"runServer","decl":{"start":{"line":38,"column":15},"end":{"line":38,"column":24}},"loc":{"start":{"line":38,"column":30},"end":{"line":147,"column":1}},"line":38},"2":{"name":"assignId","decl":{"start":{"line":59,"column":13},"end":{"line":59,"column":21}},"loc":{"start":{"line":59,"column":39},"end":{"line":62,"column":5}},"line":59},"3":{"name":"(anonymous_3)","decl":{"start":{"line":79,"column":12},"end":{"line":79,"column":13}},"loc":{"start":{"line":79,"column":33},"end":{"line":111,"column":5}},"line":79},"4":{"name":"debugRequest","decl":{"start":{"line":113,"column":21},"end":{"line":113,"column":33}},"loc":{"start":{"line":113,"column":51},"end":{"line":125,"column":5}},"line":113},"5":{"name":"(anonymous_5)","decl":{"start":{"line":132,"column":20},"end":{"line":132,"column":21}},"loc":{"start":{"line":132,"column":35},"end":{"line":136,"column":9}},"line":132}},"branchMap":{"0":{"loc":{"start":{"line":2,"column":22},"end":{"line":4,"column":1}},"type":"binary-expr","locations":[{"start":{"line":2,"column":23},"end":{"line":2,"column":27}},{"start":{"line":2,"column":31},"end":{"line":2,"column":51}},{"start":{"line":2,"column":56},"end":{"line":4,"column":1}}],"line":2},"1":{"loc":{"start":{"line":3,"column":11},"end":{"line":3,"column":61}},"type":"cond-expr","locations":[{"start":{"line":3,"column":37},"end":{"line":3,"column":40}},{"start":{"line":3,"column":43},"end":{"line":3,"column":61}}],"line":3},"2":{"loc":{"start":{"line":3,"column":12},"end":{"line":3,"column":33}},"type":"binary-expr","locations":[{"start":{"line":3,"column":12},"end":{"line":3,"column":15}},{"start":{"line":3,"column":19},"end":{"line":3,"column":33}}],"line":3},"3":{"loc":{"start":{"line":133,"column":12},"end":{"line":135,"column":13}},"type":"if","locations":[{"start":{"line":133,"column":12},"end":{"line":135,"column":13}},{"start":{"line":133,"column":12},"end":{"line":135,"column":13}}],"line":133}},"s":{"0":1,"1":9,"2":1,"3":1,"4":1,"5":1,"6":1,"7":1,"8":1,"9":1,"10":1,"11":1,"12":1,"13":1,"14":1,"15":1,"16":1,"17":1,"18":1,"19":1,"20":1,"21":1,"22":1,"23":1,"24":1,"25":1,"26":1,"27":0,"28":0,"29":1,"30":1,"31":1,"32":1,"33":1,"34":1,"35":1,"36":1,"37":1,"38":1,"39":0,"40":0,"41":0,"42":0,"43":0,"44":0,"45":1,"46":0,"47":0,"48":0,"49":0,"50":0,"51":0,"52":0,"53":0,"54":0,"55":1,"56":0,"57":0,"58":1,"59":1,"60":1,"61":1,"62":1,"63":1,"64":1,"65":1},"f":{"0":9,"1":1,"2":0,"3":0,"4":0,"5":0},"b":{"0":[1,1,1],"1":[0,9],"2":[9,9],"3":[0,0]},"_coverageSchema":"43e27e138ebf9cfc5966b082cf9a028302ed4184","hash":"b2b03a82f713120cdd4d0678c0c80662e300b716","contentHash":"54643d3e2ca6225a8acf7e96ccc3a07f"},"C:\\Users\\cname\\Dropbox\\Software\\Projects\\projects\\project_perform\\dist\\middlewares\\serverlogger.js":{"path":"C:\\Users\\cname\\Dropbox\\Software\\Projects\\projects\\project_perform\\dist\\middlewares\\serverlogger.js","statementMap":{"0":{"start":{"line":2,"column":22},"end":{"line":4,"column":1}},"1":{"start":{"line":3,"column":4},"end":{"line":3,"column":62}},"2":{"start":{"line":5,"column":0},"end":{"line":5,"column":62}},"3":{"start":{"line":9,"column":19},"end":{"line":9,"column":65}},"4":{"start":{"line":10,"column":16},"end":{"line":10,"column":49}},"5":{"start":{"line":11,"column":14},"end":{"line":11,"column":49}},"6":{"start":{"line":12,"column":0},"end":{"line":12,"column":32}},"7":{"start":{"line":14,"column":17},"end":{"line":14,"column":51}},"8":{"start":{"line":15,"column":31},"end":{"line":15,"column":79}},"9":{"start":{"line":41,"column":8},"end":{"line":43,"column":9}},"10":{"start":{"line":42,"column":12},"end":{"line":42,"column":107}},"11":{"start":{"line":44,"column":8},"end":{"line":44,"column":37}},"12":{"start":{"line":47,"column":0},"end":{"line":47,"column":36}},"13":{"start":{"line":49,"column":4},"end":{"line":49,"column":49}},"14":{"start":{"line":51,"column":28},"end":{"line":56,"column":6}},"15":{"start":{"line":58,"column":4},"end":{"line":60,"column":7}},"16":{"start":{"line":59,"column":8},"end":{"line":59,"column":22}},"17":{"start":{"line":62,"column":23},"end":{"line":66,"column":6}},"18":{"start":{"line":64,"column":12},"end":{"line":64,"column":38}},"19":{"start":{"line":68,"column":20},"end":{"line":70,"column":6}},"20":{"start":{"line":71,"column":4},"end":{"line":74,"column":6}}},"fnMap":{"0":{"name":"(anonymous_0)","decl":{"start":{"line":2,"column":56},"end":{"line":2,"column":57}},"loc":{"start":{"line":2,"column":71},"end":{"line":4,"column":1}},"line":2},"1":{"name":"(anonymous_1)","decl":{"start":{"line":40,"column":4},"end":{"line":40,"column":5}},"loc":{"start":{"line":40,"column":24},"end":{"line":45,"column":5}},"line":40},"2":{"name":"createLogger","decl":{"start":{"line":48,"column":9},"end":{"line":48,"column":21}},"loc":{"start":{"line":48,"column":53},"end":{"line":75,"column":1}},"line":48},"3":{"name":"getId","decl":{"start":{"line":58,"column":37},"end":{"line":58,"column":42}},"loc":{"start":{"line":58,"column":48},"end":{"line":60,"column":5}},"line":58},"4":{"name":"(anonymous_4)","decl":{"start":{"line":63,"column":14},"end":{"line":63,"column":15}},"loc":{"start":{"line":63,"column":29},"end":{"line":65,"column":9}},"line":63}},"branchMap":{"0":{"loc":{"start":{"line":2,"column":22},"end":{"line":4,"column":1}},"type":"binary-expr","locations":[{"start":{"line":2,"column":23},"end":{"line":2,"column":27}},{"start":{"line":2,"column":31},"end":{"line":2,"column":51}},{"start":{"line":2,"column":56},"end":{"line":4,"column":1}}],"line":2},"1":{"loc":{"start":{"line":3,"column":11},"end":{"line":3,"column":61}},"type":"cond-expr","locations":[{"start":{"line":3,"column":37},"end":{"line":3,"column":40}},{"start":{"line":3,"column":43},"end":{"line":3,"column":61}}],"line":3},"2":{"loc":{"start":{"line":3,"column":12},"end":{"line":3,"column":33}},"type":"binary-expr","locations":[{"start":{"line":3,"column":12},"end":{"line":3,"column":15}},{"start":{"line":3,"column":19},"end":{"line":3,"column":33}}],"line":3},"3":{"loc":{"start":{"line":41,"column":8},"end":{"line":43,"column":9}},"type":"if","locations":[{"start":{"line":41,"column":8},"end":{"line":43,"column":9}},{"start":{"line":41,"column":8},"end":{"line":43,"column":9}}],"line":41}},"s":{"0":1,"1":3,"2":1,"3":1,"4":1,"5":1,"6":1,"7":1,"8":1,"9":1,"10":1,"11":1,"12":1,"13":1,"14":1,"15":1,"16":0,"17":1,"18":0,"19":1,"20":1},"f":{"0":3,"1":1,"2":1,"3":0,"4":0},"b":{"0":[1,1,1],"1":[0,3],"2":[3,3],"3":[1,0]},"_coverageSchema":"43e27e138ebf9cfc5966b082cf9a028302ed4184","hash":"f9980c58fd0d39d0aca592f4885a685266af033c","contentHash":"b6bf1d29d2525629a56a779800ddc95e"},"C:\\Users\\cname\\Dropbox\\Software\\Projects\\projects\\project_perform\\dist\\middlewares\\errorhandler.js":{"path":"C:\\Users\\cname\\Dropbox\\Software\\Projects\\projects\\project_perform\\dist\\middlewares\\errorhandler.js","statementMap":{"0":{"start":{"line":2,"column":22},"end":{"line":4,"column":1}},"1":{"start":{"line":3,"column":4},"end":{"line":3,"column":62}},"2":{"start":{"line":5,"column":0},"end":{"line":5,"column":62}},"3":{"start":{"line":11,"column":19},"end":{"line":11,"column":65}},"4":{"start":{"line":12,"column":16},"end":{"line":12,"column":49}},"5":{"start":{"line":13,"column":0},"end":{"line":13,"column":52}},"6":{"start":{"line":14,"column":0},"end":{"line":14,"column":40}},"7":{"start":{"line":16,"column":22},"end":{"line":16,"column":61}},"8":{"start":{"line":17,"column":18},"end":{"line":17,"column":36}},"9":{"start":{"line":18,"column":15},"end":{"line":18,"column":47}},"10":{"start":{"line":19,"column":14},"end":{"line":19,"column":45}},"11":{"start":{"line":20,"column":15},"end":{"line":20,"column":47}},"12":{"start":{"line":28,"column":4},"end":{"line":28,"column":52}},"13":{"start":{"line":29,"column":4},"end":{"line":29,"column":37}},"14":{"start":{"line":31,"column":0},"end":{"line":31,"column":28}},"15":{"start":{"line":43,"column":4},"end":{"line":43,"column":39}},"16":{"start":{"line":47,"column":4},"end":{"line":49,"column":5}},"17":{"start":{"line":48,"column":8},"end":{"line":48,"column":29}},"18":{"start":{"line":51,"column":4},"end":{"line":51,"column":32}},"19":{"start":{"line":52,"column":4},"end":{"line":52,"column":14}},"20":{"start":{"line":54,"column":0},"end":{"line":54,"column":32}},"21":{"start":{"line":59,"column":4},"end":{"line":59,"column":53}},"22":{"start":{"line":60,"column":4},"end":{"line":60,"column":35}},"23":{"start":{"line":61,"column":22},"end":{"line":61,"column":46}},"24":{"start":{"line":62,"column":4},"end":{"line":62,"column":71}},"25":{"start":{"line":63,"column":4},"end":{"line":76,"column":51}},"26":{"start":{"line":78,"column":4},"end":{"line":78,"column":19}},"27":{"start":{"line":79,"column":4},"end":{"line":79,"column":14}},"28":{"start":{"line":81,"column":0},"end":{"line":81,"column":28}},"29":{"start":{"line":90,"column":8},"end":{"line":100,"column":9}},"30":{"start":{"line":91,"column":12},"end":{"line":91,"column":66}},"31":{"start":{"line":92,"column":12},"end":{"line":92,"column":28}},"32":{"start":{"line":93,"column":12},"end":{"line":93,"column":46}},"33":{"start":{"line":95,"column":12},"end":{"line":95,"column":55}},"34":{"start":{"line":99,"column":12},"end":{"line":99,"column":27}},"35":{"start":{"line":104,"column":23},"end":{"line":104,"column":44}},"36":{"start":{"line":105,"column":8},"end":{"line":110,"column":27}},"37":{"start":{"line":113,"column":20},"end":{"line":115,"column":21}},"38":{"start":{"line":116,"column":23},"end":{"line":116,"column":37}},"39":{"start":{"line":117,"column":18},"end":{"line":117,"column":70}},"40":{"start":{"line":118,"column":24},"end":{"line":118,"column":39}},"41":{"start":{"line":120,"column":4},"end":{"line":130,"column":5}},"42":{"start":{"line":122,"column":8},"end":{"line":122,"column":69}},"43":{"start":{"line":126,"column":8},"end":{"line":126,"column":94}},"44":{"start":{"line":129,"column":8},"end":{"line":129,"column":71}},"45":{"start":{"line":132,"column":4},"end":{"line":132,"column":14}},"46":{"start":{"line":134,"column":0},"end":{"line":134,"column":46}},"47":{"start":{"line":144,"column":4},"end":{"line":144,"column":54}},"48":{"start":{"line":145,"column":4},"end":{"line":149,"column":5}},"49":{"start":{"line":148,"column":8},"end":{"line":148,"column":45}},"50":{"start":{"line":150,"column":4},"end":{"line":150,"column":11}},"51":{"start":{"line":152,"column":0},"end":{"line":152,"column":32}}},"fnMap":{"0":{"name":"(anonymous_0)","decl":{"start":{"line":2,"column":56},"end":{"line":2,"column":57}},"loc":{"start":{"line":2,"column":71},"end":{"line":4,"column":1}},"line":2},"1":{"name":"notFound","decl":{"start":{"line":27,"column":9},"end":{"line":27,"column":17}},"loc":{"start":{"line":27,"column":36},"end":{"line":30,"column":1}},"line":27},"2":{"name":"assignCode","decl":{"start":{"line":40,"column":9},"end":{"line":40,"column":19}},"loc":{"start":{"line":40,"column":42},"end":{"line":53,"column":1}},"line":40},"3":{"name":"logError","decl":{"start":{"line":58,"column":9},"end":{"line":58,"column":17}},"loc":{"start":{"line":58,"column":39},"end":{"line":80,"column":1}},"line":58},"4":{"name":"sendErrorResponse","decl":{"start":{"line":87,"column":9},"end":{"line":87,"column":26}},"loc":{"start":{"line":87,"column":48},"end":{"line":133,"column":1}},"line":87},"5":{"name":"renderCallback","decl":{"start":{"line":89,"column":13},"end":{"line":89,"column":27}},"loc":{"start":{"line":89,"column":45},"end":{"line":101,"column":5}},"line":89},"6":{"name":"renderErrorResponse","decl":{"start":{"line":103,"column":13},"end":{"line":103,"column":32}},"loc":{"start":{"line":103,"column":62},"end":{"line":111,"column":5}},"line":103},"7":{"name":"throwError","decl":{"start":{"line":143,"column":9},"end":{"line":143,"column":19}},"loc":{"start":{"line":143,"column":41},"end":{"line":151,"column":1}},"line":143}},"branchMap":{"0":{"loc":{"start":{"line":2,"column":22},"end":{"line":4,"column":1}},"type":"binary-expr","locations":[{"start":{"line":2,"column":23},"end":{"line":2,"column":27}},{"start":{"line":2,"column":31},"end":{"line":2,"column":51}},{"start":{"line":2,"column":56},"end":{"line":4,"column":1}}],"line":2},"1":{"loc":{"start":{"line":3,"column":11},"end":{"line":3,"column":61}},"type":"cond-expr","locations":[{"start":{"line":3,"column":37},"end":{"line":3,"column":40}},{"start":{"line":3,"column":43},"end":{"line":3,"column":61}}],"line":3},"2":{"loc":{"start":{"line":3,"column":12},"end":{"line":3,"column":33}},"type":"binary-expr","locations":[{"start":{"line":3,"column":12},"end":{"line":3,"column":15}},{"start":{"line":3,"column":19},"end":{"line":3,"column":33}}],"line":3},"3":{"loc":{"start":{"line":43,"column":21},"end":{"line":43,"column":38}},"type":"binary-expr","locations":[{"start":{"line":43,"column":21},"end":{"line":43,"column":31}},{"start":{"line":43,"column":35},"end":{"line":43,"column":38}}],"line":43},"4":{"loc":{"start":{"line":47,"column":4},"end":{"line":49,"column":5}},"type":"if","locations":[{"start":{"line":47,"column":4},"end":{"line":49,"column":5}},{"start":{"line":47,"column":4},"end":{"line":49,"column":5}}],"line":47},"5":{"loc":{"start":{"line":90,"column":8},"end":{"line":100,"column":9}},"type":"if","locations":[{"start":{"line":90,"column":8},"end":{"line":100,"column":9}},{"start":{"line":90,"column":8},"end":{"line":100,"column":9}}],"line":90},"6":{"loc":{"start":{"line":113,"column":20},"end":{"line":115,"column":21}},"type":"cond-expr","locations":[{"start":{"line":114,"column":10},"end":{"line":114,"column":35}},{"start":{"line":115,"column":10},"end":{"line":115,"column":21}}],"line":113},"7":{"loc":{"start":{"line":113,"column":20},"end":{"line":113,"column":81}},"type":"binary-expr","locations":[{"start":{"line":113,"column":20},"end":{"line":113,"column":55}},{"start":{"line":113,"column":59},"end":{"line":113,"column":81}}],"line":113},"8":{"loc":{"start":{"line":117,"column":18},"end":{"line":117,"column":70}},"type":"cond-expr","locations":[{"start":{"line":117,"column":56},"end":{"line":117,"column":58}},{"start":{"line":117,"column":61},"end":{"line":117,"column":70}}],"line":117},"9":{"loc":{"start":{"line":120,"column":4},"end":{"line":130,"column":5}},"type":"if","locations":[{"start":{"line":120,"column":4},"end":{"line":130,"column":5}},{"start":{"line":120,"column":4},"end":{"line":130,"column":5}}],"line":120},"10":{"loc":{"start":{"line":129,"column":25},"end":{"line":129,"column":70}},"type":"cond-expr","locations":[{"start":{"line":129,"column":50},"end":{"line":129,"column":53}},{"start":{"line":129,"column":56},"end":{"line":129,"column":70}}],"line":129},"11":{"loc":{"start":{"line":145,"column":4},"end":{"line":149,"column":5}},"type":"if","locations":[{"start":{"line":145,"column":4},"end":{"line":149,"column":5}},{"start":{"line":145,"column":4},"end":{"line":149,"column":5}}],"line":145}},"s":{"0":1,"1":5,"2":1,"3":1,"4":1,"5":1,"6":1,"7":1,"8":1,"9":1,"10":1,"11":1,"12":0,"13":0,"14":1,"15":0,"16":0,"17":0,"18":0,"19":0,"20":1,"21":0,"22":0,"23":0,"24":0,"25":0,"26":0,"27":0,"28":1,"29":0,"30":0,"31":0,"32":0,"33":0,"34":0,"35":0,"36":0,"37":0,"38":0,"39":0,"40":0,"41":0,"42":0,"43":0,"44":0,"45":0,"46":1,"47":0,"48":0,"49":0,"50":0,"51":1},"f":{"0":5,"1":0,"2":0,"3":0,"4":0,"5":0,"6":0,"7":0},"b":{"0":[1,1,1],"1":[0,5],"2":[5,5],"3":[0,0],"4":[0,0],"5":[0,0],"6":[0,0],"7":[0,0],"8":[0,0],"9":[0,0],"10":[0,0],"11":[0,0]},"_coverageSchema":"43e27e138ebf9cfc5966b082cf9a028302ed4184","hash":"38fb105517266c71616c92f124319e9bb83a9da7","contentHash":"c3252db36914b92bb6f820cd54d27e26"},"C:\\Users\\cname\\Dropbox\\Software\\Projects\\projects\\project_perform\\dist\\middlewares\\handlers.js":{"path":"C:\\Users\\cname\\Dropbox\\Software\\Projects\\projects\\project_perform\\dist\\middlewares\\handlers.js","statementMap":{"0":{"start":{"line":2,"column":22},"end":{"line":4,"column":1}},"1":{"start":{"line":3,"column":4},"end":{"line":3,"column":62}},"2":{"start":{"line":5,"column":0},"end":{"line":5,"column":62}},"3":{"start":{"line":12,"column":19},"end":{"line":12,"column":65}},"4":{"start":{"line":13,"column":16},"end":{"line":13,"column":49}},"5":{"start":{"line":14,"column":14},"end":{"line":14,"column":49}},"6":{"start":{"line":15,"column":0},"end":{"line":15,"column":32}},"7":{"start":{"line":17,"column":21},"end":{"line":17,"column":59}},"8":{"start":{"line":18,"column":15},"end":{"line":18,"column":47}},"9":{"start":{"line":19,"column":17},"end":{"line":19,"column":51}},"10":{"start":{"line":25,"column":4},"end":{"line":25,"column":38}},"11":{"start":{"line":26,"column":21},"end":{"line":26,"column":81}},"12":{"start":{"line":27,"column":4},"end":{"line":27,"column":53}},"13":{"start":{"line":28,"column":4},"end":{"line":28,"column":90}},"14":{"start":{"line":29,"column":4},"end":{"line":29,"column":54}},"15":{"start":{"line":38,"column":4},"end":{"line":38,"column":58}},"16":{"start":{"line":39,"column":4},"end":{"line":39,"column":102}},"17":{"start":{"line":40,"column":4},"end":{"line":40,"column":65}},"18":{"start":{"line":41,"column":4},"end":{"line":41,"column":54}},"19":{"start":{"line":52,"column":4},"end":{"line":52,"column":58}},"20":{"start":{"line":53,"column":21},"end":{"line":53,"column":40}},"21":{"start":{"line":54,"column":20},"end":{"line":54,"column":52}},"22":{"start":{"line":55,"column":4},"end":{"line":55,"column":53}},"23":{"start":{"line":58,"column":4},"end":{"line":84,"column":5}},"24":{"start":{"line":59,"column":8},"end":{"line":69,"column":11}},"25":{"start":{"line":60,"column":12},"end":{"line":68,"column":13}},"26":{"start":{"line":62,"column":16},"end":{"line":62,"column":33}},"27":{"start":{"line":63,"column":16},"end":{"line":63,"column":26}},"28":{"start":{"line":66,"column":16},"end":{"line":66,"column":58}},"29":{"start":{"line":67,"column":16},"end":{"line":67,"column":30}},"30":{"start":{"line":72,"column":8},"end":{"line":83,"column":11}},"31":{"start":{"line":73,"column":12},"end":{"line":82,"column":13}},"32":{"start":{"line":76,"column":16},"end":{"line":76,"column":33}},"33":{"start":{"line":77,"column":16},"end":{"line":77,"column":26}},"34":{"start":{"line":80,"column":16},"end":{"line":80,"column":58}},"35":{"start":{"line":81,"column":16},"end":{"line":81,"column":26}},"36":{"start":{"line":96,"column":4},"end":{"line":96,"column":61}},"37":{"start":{"line":99,"column":20},"end":{"line":99,"column":24}},"38":{"start":{"line":102,"column":28},"end":{"line":102,"column":52}},"39":{"start":{"line":103,"column":32},"end":{"line":103,"column":60}},"40":{"start":{"line":105,"column":8},"end":{"line":105,"column":61}},"41":{"start":{"line":106,"column":8},"end":{"line":106,"column":65}},"42":{"start":{"line":107,"column":8},"end":{"line":107,"column":21}},"43":{"start":{"line":110,"column":24},"end":{"line":110,"column":49}},"44":{"start":{"line":111,"column":4},"end":{"line":119,"column":5}},"45":{"start":{"line":113,"column":8},"end":{"line":113,"column":24}},"46":{"start":{"line":114,"column":8},"end":{"line":114,"column":69}},"47":{"start":{"line":115,"column":8},"end":{"line":115,"column":34}},"48":{"start":{"line":118,"column":8},"end":{"line":118,"column":15}},"49":{"start":{"line":127,"column":4},"end":{"line":127,"column":54}},"50":{"start":{"line":129,"column":26},"end":{"line":129,"column":34}},"51":{"start":{"line":130,"column":17},"end":{"line":130,"column":68}},"52":{"start":{"line":131,"column":4},"end":{"line":131,"column":52}},"53":{"start":{"line":133,"column":4},"end":{"line":133,"column":29}},"54":{"start":{"line":149,"column":4},"end":{"line":149,"column":58}},"55":{"start":{"line":152,"column":18},"end":{"line":152,"column":20}},"56":{"start":{"line":153,"column":4},"end":{"line":155,"column":5}},"57":{"start":{"line":154,"column":8},"end":{"line":154,"column":35}},"58":{"start":{"line":156,"column":23},"end":{"line":156,"column":25}},"59":{"start":{"line":157,"column":4},"end":{"line":159,"column":5}},"60":{"start":{"line":158,"column":8},"end":{"line":158,"column":39}},"61":{"start":{"line":160,"column":16},"end":{"line":163,"column":5}},"62":{"start":{"line":165,"column":18},"end":{"line":165,"column":38}},"63":{"start":{"line":166,"column":4},"end":{"line":166,"column":42}},"64":{"start":{"line":169,"column":0},"end":{"line":169,"column":22}},"65":{"start":{"line":170,"column":0},"end":{"line":170,"column":39}},"66":{"start":{"line":171,"column":0},"end":{"line":171,"column":49}},"67":{"start":{"line":172,"column":0},"end":{"line":172,"column":41}},"68":{"start":{"line":173,"column":0},"end":{"line":173,"column":45}},"69":{"start":{"line":174,"column":0},"end":{"line":174,"column":33}},"70":{"start":{"line":175,"column":0},"end":{"line":175,"column":41}}},"fnMap":{"0":{"name":"(anonymous_0)","decl":{"start":{"line":2,"column":56},"end":{"line":2,"column":57}},"loc":{"start":{"line":2,"column":71},"end":{"line":4,"column":1}},"line":2},"1":{"name":"returnPug","decl":{"start":{"line":24,"column":9},"end":{"line":24,"column":18}},"loc":{"start":{"line":24,"column":35},"end":{"line":30,"column":1}},"line":24},"2":{"name":"getUrlPathFile","decl":{"start":{"line":37,"column":9},"end":{"line":37,"column":23}},"loc":{"start":{"line":37,"column":40},"end":{"line":42,"column":1}},"line":37},"3":{"name":"returnFile","decl":{"start":{"line":51,"column":9},"end":{"line":51,"column":19}},"loc":{"start":{"line":51,"column":37},"end":{"line":85,"column":1}},"line":51},"4":{"name":"(anonymous_4)","decl":{"start":{"line":59,"column":54},"end":{"line":59,"column":55}},"loc":{"start":{"line":59,"column":69},"end":{"line":69,"column":9}},"line":59},"5":{"name":"(anonymous_5)","decl":{"start":{"line":72,"column":31},"end":{"line":72,"column":32}},"loc":{"start":{"line":72,"column":40},"end":{"line":83,"column":9}},"line":72},"6":{"name":"authenticate","decl":{"start":{"line":95,"column":9},"end":{"line":95,"column":21}},"loc":{"start":{"line":95,"column":38},"end":{"line":120,"column":1}},"line":95},"7":{"name":"check","decl":{"start":{"line":98,"column":13},"end":{"line":98,"column":18}},"loc":{"start":{"line":98,"column":31},"end":{"line":108,"column":5}},"line":98},"8":{"name":"setVar","decl":{"start":{"line":126,"column":9},"end":{"line":126,"column":15}},"loc":{"start":{"line":126,"column":26},"end":{"line":134,"column":1}},"line":126},"9":{"name":"raiseEvent","decl":{"start":{"line":148,"column":9},"end":{"line":148,"column":19}},"loc":{"start":{"line":148,"column":31},"end":{"line":167,"column":1}},"line":148}},"branchMap":{"0":{"loc":{"start":{"line":2,"column":22},"end":{"line":4,"column":1}},"type":"binary-expr","locations":[{"start":{"line":2,"column":23},"end":{"line":2,"column":27}},{"start":{"line":2,"column":31},"end":{"line":2,"column":51}},{"start":{"line":2,"column":56},"end":{"line":4,"column":1}}],"line":2},"1":{"loc":{"start":{"line":3,"column":11},"end":{"line":3,"column":61}},"type":"cond-expr","locations":[{"start":{"line":3,"column":37},"end":{"line":3,"column":40}},{"start":{"line":3,"column":43},"end":{"line":3,"column":61}}],"line":3},"2":{"loc":{"start":{"line":3,"column":12},"end":{"line":3,"column":33}},"type":"binary-expr","locations":[{"start":{"line":3,"column":12},"end":{"line":3,"column":15}},{"start":{"line":3,"column":19},"end":{"line":3,"column":33}}],"line":3},"3":{"loc":{"start":{"line":26,"column":21},"end":{"line":26,"column":81}},"type":"cond-expr","locations":[{"start":{"line":26,"column":53},"end":{"line":26,"column":70}},{"start":{"line":26,"column":73},"end":{"line":26,"column":81}}],"line":26},"4":{"loc":{"start":{"line":58,"column":4},"end":{"line":84,"column":5}},"type":"if","locations":[{"start":{"line":58,"column":4},"end":{"line":84,"column":5}},{"start":{"line":58,"column":4},"end":{"line":84,"column":5}}],"line":58},"5":{"loc":{"start":{"line":60,"column":12},"end":{"line":68,"column":13}},"type":"if","locations":[{"start":{"line":60,"column":12},"end":{"line":68,"column":13}},{"start":{"line":60,"column":12},"end":{"line":68,"column":13}}],"line":60},"6":{"loc":{"start":{"line":73,"column":12},"end":{"line":82,"column":13}},"type":"if","locations":[{"start":{"line":73,"column":12},"end":{"line":82,"column":13}},{"start":{"line":73,"column":12},"end":{"line":82,"column":13}}],"line":73},"7":{"loc":{"start":{"line":105,"column":16},"end":{"line":105,"column":60}},"type":"binary-expr","locations":[{"start":{"line":105,"column":16},"end":{"line":105,"column":51}},{"start":{"line":105,"column":55},"end":{"line":105,"column":60}}],"line":105},"8":{"loc":{"start":{"line":106,"column":16},"end":{"line":106,"column":64}},"type":"binary-expr","locations":[{"start":{"line":106,"column":16},"end":{"line":106,"column":55}},{"start":{"line":106,"column":59},"end":{"line":106,"column":64}}],"line":106},"9":{"loc":{"start":{"line":111,"column":4},"end":{"line":119,"column":5}},"type":"if","locations":[{"start":{"line":111,"column":4},"end":{"line":119,"column":5}},{"start":{"line":111,"column":4},"end":{"line":119,"column":5}}],"line":111},"10":{"loc":{"start":{"line":111,"column":8},"end":{"line":111,"column":66}},"type":"binary-expr","locations":[{"start":{"line":111,"column":8},"end":{"line":111,"column":20}},{"start":{"line":111,"column":24},"end":{"line":111,"column":66}}],"line":111},"11":{"loc":{"start":{"line":130,"column":17},"end":{"line":130,"column":68}},"type":"binary-expr","locations":[{"start":{"line":130,"column":17},"end":{"line":130,"column":40}},{"start":{"line":130,"column":44},"end":{"line":130,"column":68}}],"line":130},"12":{"loc":{"start":{"line":153,"column":4},"end":{"line":155,"column":5}},"type":"if","locations":[{"start":{"line":153,"column":4},"end":{"line":155,"column":5}},{"start":{"line":153,"column":4},"end":{"line":155,"column":5}}],"line":153},"13":{"loc":{"start":{"line":157,"column":4},"end":{"line":159,"column":5}},"type":"if","locations":[{"start":{"line":157,"column":4},"end":{"line":159,"column":5}},{"start":{"line":157,"column":4},"end":{"line":159,"column":5}}],"line":157}},"s":{"0":1,"1":4,"2":1,"3":1,"4":1,"5":1,"6":1,"7":1,"8":1,"9":1,"10":0,"11":0,"12":0,"13":0,"14":0,"15":0,"16":0,"17":0,"18":0,"19":0,"20":0,"21":0,"22":0,"23":0,"24":0,"25":0,"26":0,"27":0,"28":0,"29":0,"30":0,"31":0,"32":0,"33":0,"34":0,"35":0,"36":0,"37":0,"38":0,"39":0,"40":0,"41":0,"42":0,"43":0,"44":0,"45":0,"46":0,"47":0,"48":0,"49":0,"50":0,"51":0,"52":0,"53":0,"54":0,"55":0,"56":0,"57":0,"58":0,"59":0,"60":0,"61":0,"62":0,"63":0,"64":1,"65":1,"66":1,"67":1,"68":1,"69":1,"70":1},"f":{"0":4,"1":0,"2":0,"3":0,"4":0,"5":0,"6":0,"7":0,"8":0,"9":0},"b":{"0":[1,1,1],"1":[0,4],"2":[4,4],"3":[0,0],"4":[0,0],"5":[0,0],"6":[0,0],"7":[0,0],"8":[0,0],"9":[0,0],"10":[0,0],"11":[0,0],"12":[0,0],"13":[0,0]},"_coverageSchema":"43e27e138ebf9cfc5966b082cf9a028302ed4184","hash":"883401f1e9586aa4bc4167a4a1ea49da0280b0db","contentHash":"20369db282b973dad020f0dc74abd134"},"C:\\Users\\cname\\Dropbox\\Software\\Projects\\projects\\project_perform\\dist\\utils\\logger.js":{"path":"C:\\Users\\cname\\Dropbox\\Software\\Projects\\projects\\project_perform\\dist\\utils\\logger.js","statementMap":{"0":{"start":{"line":2,"column":22},"end":{"line":4,"column":1}},"1":{"start":{"line":3,"column":4},"end":{"line":3,"column":62}},"2":{"start":{"line":5,"column":19},"end":{"line":11,"column":1}},"3":{"start":{"line":6,"column":4},"end":{"line":6,"column":42}},"4":{"start":{"line":6,"column":31},"end":{"line":6,"column":42}},"5":{"start":{"line":7,"column":17},"end":{"line":7,"column":19}},"6":{"start":{"line":8,"column":4},"end":{"line":8,"column":99}},"7":{"start":{"line":8,"column":21},"end":{"line":8,"column":99}},"8":{"start":{"line":8,"column":40},"end":{"line":8,"column":99}},"9":{"start":{"line":8,"column":80},"end":{"line":8,"column":99}},"10":{"start":{"line":9,"column":4},"end":{"line":9,"column":28}},"11":{"start":{"line":10,"column":4},"end":{"line":10,"column":18}},"12":{"start":{"line":12,"column":0},"end":{"line":12,"column":62}},"13":{"start":{"line":18,"column":19},"end":{"line":18,"column":65}},"14":{"start":{"line":19,"column":16},"end":{"line":19,"column":49}},"15":{"start":{"line":20,"column":14},"end":{"line":20,"column":49}},"16":{"start":{"line":21,"column":0},"end":{"line":21,"column":32}},"17":{"start":{"line":23,"column":16},"end":{"line":23,"column":48}},"18":{"start":{"line":24,"column":45},"end":{"line":24,"column":52}},"19":{"start":{"line":25,"column":46},"end":{"line":25,"column":52}},"20":{"start":{"line":26,"column":11},"end":{"line":26,"column":38}},"21":{"start":{"line":56,"column":8},"end":{"line":58,"column":9}},"22":{"start":{"line":57,"column":12},"end":{"line":57,"column":49}},"23":{"start":{"line":59,"column":8},"end":{"line":59,"column":31}},"24":{"start":{"line":62,"column":8},"end":{"line":64,"column":9}},"25":{"start":{"line":63,"column":12},"end":{"line":63,"column":49}},"26":{"start":{"line":65,"column":8},"end":{"line":65,"column":31}},"27":{"start":{"line":68,"column":0},"end":{"line":68,"column":24}},"28":{"start":{"line":70,"column":4},"end":{"line":70,"column":43}},"29":{"start":{"line":72,"column":20},"end":{"line":72,"column":22}},"30":{"start":{"line":73,"column":21},"end":{"line":73,"column":36}},"31":{"start":{"line":74,"column":22},"end":{"line":74,"column":38}},"32":{"start":{"line":75,"column":4},"end":{"line":75,"column":38}},"33":{"start":{"line":77,"column":4},"end":{"line":91,"column":5}},"34":{"start":{"line":78,"column":8},"end":{"line":90,"column":9}},"35":{"start":{"line":80,"column":12},"end":{"line":80,"column":55}},"36":{"start":{"line":83,"column":12},"end":{"line":89,"column":13}},"37":{"start":{"line":88,"column":16},"end":{"line":88,"column":26}},"38":{"start":{"line":92,"column":21},"end":{"line":94,"column":6}},"39":{"start":{"line":93,"column":8},"end":{"line":93,"column":89}},"40":{"start":{"line":95,"column":21},"end":{"line":106,"column":5}},"41":{"start":{"line":107,"column":4},"end":{"line":107,"column":39}},"42":{"start":{"line":108,"column":20},"end":{"line":133,"column":5}},"43":{"start":{"line":134,"column":19},"end":{"line":140,"column":6}},"44":{"start":{"line":143,"column":4},"end":{"line":145,"column":5}},"45":{"start":{"line":144,"column":8},"end":{"line":144,"column":60}},"46":{"start":{"line":146,"column":4},"end":{"line":146,"column":18}}},"fnMap":{"0":{"name":"(anonymous_0)","decl":{"start":{"line":2,"column":56},"end":{"line":2,"column":57}},"loc":{"start":{"line":2,"column":71},"end":{"line":4,"column":1}},"line":2},"1":{"name":"(anonymous_1)","decl":{"start":{"line":5,"column":50},"end":{"line":5,"column":51}},"loc":{"start":{"line":5,"column":65},"end":{"line":11,"column":1}},"line":5},"2":{"name":"(anonymous_2)","decl":{"start":{"line":55,"column":4},"end":{"line":55,"column":5}},"loc":{"start":{"line":55,"column":31},"end":{"line":60,"column":5}},"line":55},"3":{"name":"(anonymous_3)","decl":{"start":{"line":61,"column":4},"end":{"line":61,"column":5}},"loc":{"start":{"line":61,"column":24},"end":{"line":66,"column":5}},"line":61},"4":{"name":"makeLogger","decl":{"start":{"line":69,"column":9},"end":{"line":69,"column":19}},"loc":{"start":{"line":69,"column":28},"end":{"line":147,"column":1}},"line":69},"5":{"name":"(anonymous_5)","decl":{"start":{"line":92,"column":28},"end":{"line":92,"column":29}},"loc":{"start":{"line":92,"column":38},"end":{"line":94,"column":5}},"line":92}},"branchMap":{"0":{"loc":{"start":{"line":2,"column":22},"end":{"line":4,"column":1}},"type":"binary-expr","locations":[{"start":{"line":2,"column":23},"end":{"line":2,"column":27}},{"start":{"line":2,"column":31},"end":{"line":2,"column":51}},{"start":{"line":2,"column":56},"end":{"line":4,"column":1}}],"line":2},"1":{"loc":{"start":{"line":3,"column":11},"end":{"line":3,"column":61}},"type":"cond-expr","locations":[{"start":{"line":3,"column":37},"end":{"line":3,"column":40}},{"start":{"line":3,"column":43},"end":{"line":3,"column":61}}],"line":3},"2":{"loc":{"start":{"line":3,"column":12},"end":{"line":3,"column":33}},"type":"binary-expr","locations":[{"start":{"line":3,"column":12},"end":{"line":3,"column":15}},{"start":{"line":3,"column":19},"end":{"line":3,"column":33}}],"line":3},"3":{"loc":{"start":{"line":5,"column":19},"end":{"line":11,"column":1}},"type":"binary-expr","locations":[{"start":{"line":5,"column":20},"end":{"line":5,"column":24}},{"start":{"line":5,"column":28},"end":{"line":5,"column":45}},{"start":{"line":5,"column":50},"end":{"line":11,"column":1}}],"line":5},"4":{"loc":{"start":{"line":6,"column":4},"end":{"line":6,"column":42}},"type":"if","locations":[{"start":{"line":6,"column":4},"end":{"line":6,"column":42}},{"start":{"line":6,"column":4},"end":{"line":6,"column":42}}],"line":6},"5":{"loc":{"start":{"line":6,"column":8},"end":{"line":6,"column":29}},"type":"binary-expr","locations":[{"start":{"line":6,"column":8},"end":{"line":6,"column":11}},{"start":{"line":6,"column":15},"end":{"line":6,"column":29}}],"line":6},"6":{"loc":{"start":{"line":8,"column":4},"end":{"line":8,"column":99}},"type":"if","locations":[{"start":{"line":8,"column":4},"end":{"line":8,"column":99}},{"start":{"line":8,"column":4},"end":{"line":8,"column":99}}],"line":8},"7":{"loc":{"start":{"line":8,"column":40},"end":{"line":8,"column":99}},"type":"if","locations":[{"start":{"line":8,"column":40},"end":{"line":8,"column":99}},{"start":{"line":8,"column":40},"end":{"line":8,"column":99}}],"line":8},"8":{"loc":{"start":{"line":56,"column":8},"end":{"line":58,"column":9}},"type":"if","locations":[{"start":{"line":56,"column":8},"end":{"line":58,"column":9}},{"start":{"line":56,"column":8},"end":{"line":58,"column":9}}],"line":56},"9":{"loc":{"start":{"line":62,"column":8},"end":{"line":64,"column":9}},"type":"if","locations":[{"start":{"line":62,"column":8},"end":{"line":64,"column":9}},{"start":{"line":62,"column":8},"end":{"line":64,"column":9}}],"line":62},"10":{"loc":{"start":{"line":83,"column":12},"end":{"line":89,"column":13}},"type":"if","locations":[{"start":{"line":83,"column":12},"end":{"line":89,"column":13}},{"start":{"line":83,"column":12},"end":{"line":89,"column":13}}],"line":83},"11":{"loc":{"start":{"line":143,"column":4},"end":{"line":145,"column":5}},"type":"if","locations":[{"start":{"line":143,"column":4},"end":{"line":145,"column":5}},{"start":{"line":143,"column":4},"end":{"line":145,"column":5}}],"line":143}},"s":{"0":1,"1":1,"2":1,"3":2,"4":0,"5":2,"6":2,"7":2,"8":120,"9":120,"10":2,"11":2,"12":1,"13":1,"14":1,"15":1,"16":1,"17":1,"18":1,"19":1,"20":1,"21":1,"22":1,"23":1,"24":1,"25":1,"26":1,"27":1,"28":1,"29":1,"30":1,"31":1,"32":1,"33":1,"34":2,"35":2,"36":2,"37":0,"38":1,"39":10,"40":1,"41":
[...]
column":12},"end":{"line":121,"column":45}},"42":{"start":{"line":122,"column":12},"end":{"line":122,"column":72}},"43":{"start":{"line":124,"column":12},"end":{"line":124,"column":72}},"44":{"start":{"line":125,"column":12},"end":{"line":125,"column":45}},"45":{"start":{"line":126,"column":12},"end":{"line":126,"column":78}},"46":{"start":{"line":129,"column":12},"end":{"line":129,"column":58}},"47":{"start":{"line":130,"column":12},"end":{"line":130,"column":45}},"48":{"start":{"line":131,"column":12},"end":{"line":131,"column":57}},"49":{"start":{"line":134,"column":12},"end":{"line":134,"column":70}},"50":{"start":{"line":135,"column":12},"end":{"line":135,"column":45}},"51":{"start":{"line":137,"column":12},"end":{"line":137,"column":28}},"52":{"start":{"line":138,"column":12},"end":{"line":138,"column":91}},"53":{"start":{"line":139,"column":12},"end":{"line":139,"column":96}},"54":{"start":{"line":141,"column":12},"end":{"line":141,"column":64}},"55":{"start":{"line":142,"column":12},"end":{"line":142,"column":45}},"56":{"start":{"line":144,"column":25},"end":{"line":150,"column":13}},"57":{"start":{"line":145,"column":28},"end":{"line":145,"column":66}},"58":{"start":{"line":146,"column":29},"end":{"line":146,"column":31}},"59":{"start":{"line":147,"column":16},"end":{"line":149,"column":17}},"60":{"start":{"line":148,"column":20},"end":{"line":148,"column":34}},"61":{"start":{"line":151,"column":12},"end":{"line":151,"column":30}},"62":{"start":{"line":153,"column":12},"end":{"line":153,"column":57}},"63":{"start":{"line":155,"column":12},"end":{"line":155,"column":68}},"64":{"start":{"line":156,"column":12},"end":{"line":156,"column":45}},"65":{"start":{"line":157,"column":12},"end":{"line":157,"column":28}},"66":{"start":{"line":158,"column":12},"end":{"line":158,"column":76}},"67":{"start":{"line":159,"column":12},"end":{"line":159,"column":36}},"68":{"start":{"line":161,"column":12},"end":{"line":161,"column":75}},"69":{"start":{"line":162,"column":12},"end":{"line":162,"column":94}}},"fnMap":{"0":{"name":"(anonymous_0)","decl":{"start":{"line":6,"column":56},"end":{"line":6,"column":57}},"loc":{"start":{"line":6,"column":71},"end":{"line":8,"column":1}},"line":6},"1":{"name":"(anonymous_1)","decl":{"start":{"line":22,"column":24},"end":{"line":22,"column":25}},"loc":{"start":{"line":22,"column":44},"end":{"line":73,"column":1}},"line":22},"2":{"name":"(anonymous_2)","decl":{"start":{"line":89,"column":24},"end":{"line":89,"column":25}},"loc":{"start":{"line":89,"column":44},"end":{"line":164,"column":1}},"line":89},"3":{"name":"asyncFail","decl":{"start":{"line":92,"column":19},"end":{"line":92,"column":28}},"loc":{"start":{"line":92,"column":48},"end":{"line":95,"column":5}},"line":92},"4":{"name":"(anonymous_4)","decl":{"start":{"line":144,"column":25},"end":{"line":144,"column":26}},"loc":{"start":{"line":144,"column":50},"end":{"line":150,"column":13}},"line":144}},"branchMap":{"0":{"loc":{"start":{"line":6,"column":22},"end":{"line":8,"column":1}},"type":"binary-expr","locations":[{"start":{"line":6,"column":23},"end":{"line":6,"column":27}},{"start":{"line":6,"column":31},"end":{"line":6,"column":51}},{"start":{"line":6,"column":56},"end":{"line":8,"column":1}}],"line":6},"1":{"loc":{"start":{"line":7,"column":11},"end":{"line":7,"column":61}},"type":"cond-expr","locations":[{"start":{"line":7,"column":37},"end":{"line":7,"column":40}},{"start":{"line":7,"column":43},"end":{"line":7,"column":61}}],"line":7},"2":{"loc":{"start":{"line":7,"column":12},"end":{"line":7,"column":33}},"type":"binary-expr","locations":[{"start":{"line":7,"column":12},"end":{"line":7,"column":15}},{"start":{"line":7,"column":19},"end":{"line":7,"column":33}}],"line":7},"3":{"loc":{"start":{"line":26,"column":4},"end":{"line":28,"column":5}},"type":"if","locations":[{"start":{"line":26,"column":4},"end":{"line":28,"column":5}},{"start":{"line":26,"column":4},"end":{"line":28,"column":5}}],"line":26},"4":{"loc":{"start":{"line":37,"column":17},"end":{"line":39,"column":52}},"type":"cond-expr","locations":[{"start":{"line":38,"column":14},"end":{"line":38,"column":52}},{"start":{"line":39,"column":14},"end":{"line":39,"column":52}}],"line":37},"5":{"loc":{"start":{"line":97,"column":4},"end":{"line":163,"column":5}},"type":"switch","locations":[{"start":{"line":98,"column":8},"end":{"line":102,"column":77}},{"start":{"line":103,"column":8},"end":{"line":107,"column":77}},{"start":{"line":108,"column":8},"end":{"line":111,"column":75}},{"start":{"line":112,"column":8},"end":{"line":118,"column":90}},{"start":{"line":119,"column":8},"end":{"line":122,"column":72}},{"start":{"line":123,"column":8},"end":{"line":126,"column":78}},{"start":{"line":127,"column":8},"end":{"line":131,"column":57}},{"start":{"line":132,"column":8},"end":{"line":139,"column":96}},{"start":{"line":140,"column":8},"end":{"line":153,"column":57}},{"start":{"line":154,"column":8},"end":{"line":159,"column":36}},{"start":{"line":160,"column":8},"end":{"line":162,"column":94}}],"line":97},"6":{"loc":{"start":{"line":147,"column":16},"end":{"line":149,"column":17}},"type":"if","locations":[{"start":{"line":147,"column":16},"end":{"line":149,"column":17}},{"start":{"line":147,"column":16},"end":{"line":149,"column":17}}],"line":147}},"s":{"0":1,"1":5,"2":1,"3":1,"4":1,"5":1,"6":1,"7":1,"8":1,"9":1,"10":1,"11":1,"12":1,"13":1,"14":0,"15":0,"16":0,"17":0,"18":0,"19":0,"20":0,"21":1,"22":0,"23":0,"24":0,"25":0,"26":0,"27":0,"28":0,"29":0,"30":0,"31":0,"32":0,"33":0,"34":0,"35":0,"36":0,"37":0,"38":0,"39":0,"40":0,"41":0,"42":0,"43":0,"44":0,"45":0,"46":0,"47":0,"48":0,"49":0,"50":0,"51":0,"52":0,"53":0,"54":0,"55":0,"56":0,"57":0,"58":0,"59":0,"60":0,"61":0,"62":0,"63":0,"64":0,"65":0,"66":0,"67":0,"68":0,"69":0},"f":{"0":5,"1":0,"2":0,"3":0,"4":0},"b":{"0":[1,1,1],"1":[0,5],"2":[5,5],"3":[0,0],"4":[0,0],"5":[0,0,0,0,0,0,0,0,0,0,0],"6":[0,0]},"_coverageSchema":"43e27e138ebf9cfc5966b082cf9a028302ed4184","hash":"3ed5d5a0a99ed9dc6ae6fca1b77dd2e763464b2a","contentHash":"c4282315aa84e624a937711d83bf7d45"},"C:\\Users\\cname\\Dropbox\\Software\\Projects\\projects\\project_perform\\dist\\controllers\\users.js":{"path":"C:\\Users\\cname\\Dropbox\\Software\\Projects\\projects\\project_perform\\dist\\controllers\\users.js","statementMap":{"0":{"start":{"line":2,"column":22},"end":{"line":4,"column":1}},"1":{"start":{"line":3,"column":4},"end":{"line":3,"column":62}},"2":{"start":{"line":5,"column":0},"end":{"line":5,"column":62}},"3":{"start":{"line":9,"column":19},"end":{"line":9,"column":65}},"4":{"start":{"line":10,"column":16},"end":{"line":10,"column":49}},"5":{"start":{"line":11,"column":14},"end":{"line":11,"column":49}},"6":{"start":{"line":12,"column":0},"end":{"line":12,"column":32}},"7":{"start":{"line":14,"column":18},"end":{"line":14,"column":53}},"8":{"start":{"line":15,"column":0},"end":{"line":15,"column":44}},"9":{"start":{"line":16,"column":15},"end":{"line":16,"column":47}},"10":{"start":{"line":18,"column":0},"end":{"line":46,"column":3}},"11":{"start":{"line":19,"column":4},"end":{"line":19,"column":57}},"12":{"start":{"line":21,"column":19},"end":{"line":21,"column":40}},"13":{"start":{"line":22,"column":4},"end":{"line":22,"column":84}},"14":{"start":{"line":24,"column":4},"end":{"line":43,"column":6}},"15":{"start":{"line":45,"column":4},"end":{"line":45,"column":54}},"16":{"start":{"line":49,"column":0},"end":{"line":59,"column":3}},"17":{"start":{"line":52,"column":4},"end":{"line":58,"column":5}},"18":{"start":{"line":53,"column":8},"end":{"line":53,"column":51}},"19":{"start":{"line":54,"column":8},"end":{"line":54,"column":15}},"20":{"start":{"line":57,"column":8},"end":{"line":57,"column":53}},"21":{"start":{"line":61,"column":0},"end":{"line":81,"column":3}},"22":{"start":{"line":63,"column":19},"end":{"line":63,"column":40}},"23":{"start":{"line":64,"column":4},"end":{"line":64,"column":83}},"24":{"start":{"line":66,"column":4},"end":{"line":78,"column":6}},"25":{"start":{"line":80,"column":4},"end":{"line":80,"column":54}}},"fnMap":{"0":{"name":"(anonymous_0)","decl":{"start":{"line":2,"column":56},"end":{"line":2,"column":57}},"loc":{"start":{"line":2,"column":71},"end":{"line":4,"column":1}},"line":2},"1":{"name":"(anonymous_1)","decl":{"start":{"line":18,"column":24},"end":{"line":18,"column":25}},"loc":{"start":{"line":18,"column":44},"end":{"line":46,"column":1}},"line":18},"2":{"name":"(anonymous_2)","decl":{"start":{"line":49,"column":31},"end":{"line":49,"column":32}},"loc":{"start":{"line":49,"column":60},"end":{"line":59,"column":1}},"line":49},"3":{"name":"(anonymous_3)","decl":{"start":{"line":61,"column":36},"end":{"line":61,"column":37}},"loc":{"start":{"line":61,"column":56},"end":{"line":81,"column":1}},"line":61}},"branchMap":{"0":{"loc":{"start":{"line":2,"column":22},"end":{"line":4,"column":1}},"type":"binary-expr","locations":[{"start":{"line":2,"column":23},"end":{"line":2,"column":27}},{"start":{"line":2,"column":31},"end":{"line":2,"column":51}},{"start":{"line":2,"column":56},"end":{"line":4,"column":1}}],"line":2},"1":{"loc":{"start":{"line":3,"column":11},"end":{"line":3,"column":61}},"type":"cond-expr","locations":[{"start":{"line":3,"column":37},"end":{"line":3,"column":40}},{"start":{"line":3,"column":43},"end":{"line":3,"column":61}}],"line":3},"2":{"loc":{"start":{"line":3,"column":12},"end":{"line":3,"column":33}},"type":"binary-expr","locations":[{"start":{"line":3,"column":12},"end":{"line":3,"column":15}},{"start":{"line":3,"column":19},"end":{"line":3,"column":33}}],"line":3},"3":{"loc":{"start":{"line":28,"column":17},"end":{"line":30,"column":52}},"type":"cond-expr","locations":[{"start":{"line":29,"column":14},"end":{"line":29,"column":52}},{"start":{"line":30,"column":14},"end":{"line":30,"column":52}}],"line":28},"4":{"loc":{"start":{"line":52,"column":4},"end":{"line":58,"column":5}},"type":"if","locations":[{"start":{"line":52,"column":4},"end":{"line":58,"column":5}},{"start":{"line":52,"column":4},"end":{"line":58,"column":5}}],"line":52},"5":{"loc":{"start":{"line":52,"column":8},"end":{"line":52,"column":50}},"type":"binary-expr","locations":[{"start":{"line":52,"column":8},"end":{"line":52,"column":22}},{"start":{"line":52,"column":26},"end":{"line":52,"column":50}}],"line":52},"6":{"loc":{"start":{"line":71,"column":12},"end":{"line":71,"column":77}},"type":"cond-expr","locations":[{"start":{"line":71,"column":37},"end":{"line":71,"column":59}},{"start":{"line":71,"column":62},"end":{"line":71,"column":77}}],"line":71},"7":{"loc":{"start":{"line":72,"column":14},"end":{"line":72,"column":75}},"type":"cond-expr","locations":[{"start":{"line":72,"column":37},"end":{"line":72,"column":57}},{"start":{"line":72,"column":60},"end":{"line":72,"column":75}}],"line":72},"8":{"loc":{"start":{"line":73,"column":15},"end":{"line":73,"column":78}},"type":"cond-expr","locations":[{"start":{"line":73,"column":39},"end":{"line":73,"column":60}},{"start":{"line":73,"column":63},"end":{"line":73,"column":78}}],"line":73}},"s":{"0":1,"1":3,"2":1,"3":1,"4":1,"5":1,"6":1,"7":1,"8":1,"9":1,"10":1,"11":0,"12":0,"13":0,"14":0,"15":0,"16":1,"17":0,"18":0,"19":0,"20":0,"21":1,"22":0,"23":0,"24":0,"25":0},"f":{"0":3,"1":0,"2":0,"3":0},"b":{"0":[1,1,1],"1":[0,3],"2":[3,3],"3":[0,0],"4":[0,0],"5":[0,0],"6":[0,0],"7":[0,0],"8":[0,0]},"_coverageSchema":"43e27e138ebf9cfc5966b082cf9a028302ed4184","hash":"152417868b66d098f24781ba2f054c920850e150","contentHash":"f6eadf4790b41873bd23a25fe0527717"},"C:\\Users\\cname\\Dropbox\\Software\\Projects\\projects\\project_perform\\dist\\controllers\\admin.js":{"path":"C:\\Users\\cname\\Dropbox\\Software\\Projects\\projects\\project_perform\\dist\\controllers\\admin.js","statementMap":{"0":{"start":{"line":2,"column":22},"end":{"line":4,"column":1}},"1":{"start":{"line":3,"column":4},"end":{"line":3,"column":62}},"2":{"start":{"line":5,"column":0},"end":{"line":5,"column":62}},"3":{"start":{"line":11,"column":19},"end":{"line":11,"column":65}},"4":{"start":{"line":12,"column":16},"end":{"line":12,"column":49}},"5":{"start":{"line":13,"column":14},"end":{"line":13,"column":49}},"6":{"start":{"line":14,"column":0},"end":{"line":14,"column":32}},"7":{"start":{"line":16,"column":18},"end":{"line":16,"column":53}},"8":{"start":{"line":17,"column":0},"end":{"line":17,"column":44}},"9":{"start":{"line":18,"column":15},"end":{"line":18,"column":47}},"10":{"start":{"line":21,"column":4},"end":{"line":21,"column":57}},"11":{"start":{"line":23,"column":4},"end":{"line":23,"column":56}},"12":{"start":{"line":26,"column":0},"end":{"line":44,"column":3}},"13":{"start":{"line":27,"column":4},"end":{"line":27,"column":48}},"14":{"start":{"line":29,"column":19},"end":{"line":29,"column":40}},"15":{"start":{"line":30,"column":4},"end":{"line":30,"column":84}},"16":{"start":{"line":32,"column":4},"end":{"line":41,"column":6}},"17":{"start":{"line":43,"column":4},"end":{"line":43,"column":54}}},"fnMap":{"0":{"name":"(anonymous_0)","decl":{"start":{"line":2,"column":56},"end":{"line":2,"column":57}},"loc":{"start":{"line":2,"column":71},"end":{"line":4,"column":1}},"line":2},"1":{"name":"auth","decl":{"start":{"line":20,"column":9},"end":{"line":20,"column":13}},"loc":{"start":{"line":20,"column":30},"end":{"line":24,"column":1}},"line":20},"2":{"name":"(anonymous_2)","decl":{"start":{"line":26,"column":30},"end":{"line":26,"column":31}},"loc":{"start":{"line":26,"column":50},"end":{"line":44,"column":1}},"line":26}},"branchMap":{"0":{"loc":{"start":{"line":2,"column":22},"end":{"line":4,"column":1}},"type":"binary-expr","locations":[{"start":{"line":2,"column":23},"end":{"line":2,"column":27}},{"start":{"line":2,"column":31},"end":{"line":2,"column":51}},{"start":{"line":2,"column":56},"end":{"line":4,"column":1}}],"line":2},"1":{"loc":{"start":{"line":3,"column":11},"end":{"line":3,"column":61}},"type":"cond-expr","locations":[{"start":{"line":3,"column":37},"end":{"line":3,"column":40}},{"start":{"line":3,"column":43},"end":{"line":3,"column":61}}],"line":3},"2":{"loc":{"start":{"line":3,"column":12},"end":{"line":3,"column":33}},"type":"binary-expr","locations":[{"start":{"line":3,"column":12},"end":{"line":3,"column":15}},{"start":{"line":3,"column":19},"end":{"line":3,"column":33}}],"line":3},"3":{"loc":{"start":{"line":36,"column":17},"end":{"line":38,"column":52}},"type":"cond-expr","locations":[{"start":{"line":37,"column":14},"end":{"line":37,"column":52}},{"start":{"line":38,"column":14},"end":{"line":38,"column":52}}],"line":36}},"s":{"0":1,"1":3,"2":1,"3":1,"4":1,"5":1,"6":1,"7":1,"8":1,"9":1,"10":0,"11":0,"12":1,"13":0,"14":0,"15":0,"16":0,"17":0},"f":{"0":3,"1":0,"2":0},"b":{"0":[1,1,1],"1":[0,3],"2":[3,3],"3":[0,0]},"_coverageSchema":"43e27e138ebf9cfc5966b082cf9a028302ed4184","hash":"56e89b535ef48be32d21032b9a739356fb582073","contentHash":"79523341e5a720c3c40d7a7795e28f36"},"C:\\Users\\cname\\Dropbox\\Software\\Projects\\projects\\project_perform\\dist\\models\\users.js":{"path":"C:\\Users\\cname\\Dropbox\\Software\\Projects\\projects\\project_perform\\dist\\models\\users.js","statementMap":{"0":{"start":{"line":2,"column":22},"end":{"line":4,"column":1}},"1":{"start":{"line":3,"column":4},"end":{"line":3,"column":62}},"2":{"start":{"line":5,"column":0},"end":{"line":5,"column":62}},"3":{"start":{"line":10,"column":19},"end":{"line":10,"column":65}},"4":{"start":{"line":11,"column":16},"end":{"line":11,"column":49}},"5":{"start":{"line":12,"column":14},"end":{"line":12,"column":49}},"6":{"start":{"line":13,"column":0},"end":{"line":13,"column":32}},"7":{"start":{"line":15,"column":4},"end":{"line":15,"column":48}},"8":{"start":{"line":17,"column":19},"end":{"line":21,"column":5}},"9":{"start":{"line":22,"column":23},"end":{"line":22,"column":30}},"10":{"start":{"line":23,"column":22},"end":{"line":23,"column":29}},"11":{"start":{"line":24,"column":4},"end":{"line":24,"column":77}},"12":{"start":{"line":26,"column":0},"end":{"line":26,"column":34}}},"fnMap":{"0":{"name":"(anonymous_0)","decl":{"start":{"line":2,"column":56},"end":{"line":2,"column":57}},"loc":{"start":{"line":2,"column":71},"end":{"line":4,"column":1}},"line":2},"1":{"name":"createModel","decl":{"start":{"line":14,"column":9},"end":{"line":14,"column":20}},"loc":{"start":{"line":14,"column":45},"end":{"line":25,"column":1}},"line":14}},"branchMap":{"0":{"loc":{"start":{"line":2,"column":22},"end":{"line":4,"column":1}},"type":"binary-expr","locations":[{"start":{"line":2,"column":23},"end":{"line":2,"column":27}},{"start":{"line":2,"column":31},"end":{"line":2,"column":51}},{"start":{"line":2,"column":56},"end":{"line":4,"column":1}}],"line":2},"1":{"loc":{"start":{"line":3,"column":11},"end":{"line":3,"column":61}},"type":"cond-expr","locations":[{"start":{"line":3,"column":37},"end":{"line":3,"column":40}},{"start":{"line":3,"column":43},"end":{"line":3,"column":61}}],"line":3},"2":{"loc":{"start":{"line":3,"column":12},"end":{"line":3,"column":33}},"type":"binary-expr","locations":[{"start":{"line":3,"column":12},"end":{"line":3,"column":15}},{"start":{"line":3,"column":19},"end":{"line":3,"column":33}}],"line":3}},"s":{"0":1,"1":1,"2":1,"3":1,"4":1,"5":1,"6":1,"7":1,"8":1,"9":1,"10":1,"11":1,"12":1},"f":{"0":1,"1":1},"b":{"0":[1,1,1],"1":[0,1],"2":[1,1]},"_coverageSchema":"43e27e138ebf9cfc5966b082cf9a028302ed4184","hash":"ef1844e5475e403c00571d0ed953955e440250a8","contentHash":"91613caaa835f44b8461b46e08aa8133"},"C:\\Users\\cname\\Dropbox\\Software\\Projects\\projects\\project_perform\\dist\\models\\tests.js":{"path":"C:\\Users\\cname\\Dropbox\\Software\\Projects\\projects\\project_perform\\dist\\models\\tests.js","statementMap":{"0":{"start":{"line":2,"column":22},"end":{"line":4,"column":1}},"1":{"start":{"line":3,"column":4},"end":{"line":3,"column":62}},"2":{"start":{"line":5,"column":0},"end":{"line":5,"column":62}},"3":{"start":{"line":9,"column":19},"end":{"line":9,"column":65}},"4":{"start":{"line":10,"column":16},"end":{"line":10,"column":49}},"5":{"start":{"line":11,"column":14},"end":{"line":11,"column":49}},"6":{"start":{"line":12,"column":0},"end":{"line":12,"column":32}},"7":{"start":{"line":14,"column":4},"end":{"line":14,"column":48}},"8":{"start":{"line":16,"column":19},"end":{"line":19,"column":5}},"9":{"start":{"line":20,"column":23},"end":{"line":20,"column":30}},"10":{"start":{"line":21,"column":22},"end":{"line":21,"column":29}},"11":{"start":{"line":22,"column":4},"end":{"line":22,"column":77}},"12":{"start":{"line":24,"column":0},"end":{"line":24,"column":34}}},"fnMap":{"0":{"name":"(anonymous_0)","decl":{"start":{"line":2,"column":56},"end":{"line":2,"column":57}},"loc":{"start":{"line":2,"column":71},"end":{"line":4,"column":1}},"line":2},"1":{"name":"createModel","decl":{"start":{"line":13,"column":9},"end":{"line":13,"column":20}},"loc":{"start":{"line":13,"column":45},"end":{"line":23,"column":1}},"line":13}},"branchMap":{"0":{"loc":{"start":{"line":2,"column":22},"end":{"line":4,"column":1}},"type":"binary-expr","locations":[{"start":{"line":2,"column":23},"end":{"line":2,"column":27}},{"start":{"line":2,"column":31},"end":{"line":2,"column":51}},{"start":{"line":2,"column":56},"end":{"line":4,"column":1}}],"line":2},"1":{"loc":{"start":{"line":3,"column":11},"end":{"line":3,"column":61}},"type":"cond-expr","locations":[{"start":{"line":3,"column":37},"end":{"line":3,"column":40}},{"start":{"line":3,"column":43},"end":{"line":3,"column":61}}],"line":3},"2":{"loc":{"start":{"line":3,"column":12},"end":{"line":3,"column":33}},"type":"binary-expr","locations":[{"start":{"line":3,"column":12},"end":{"line":3,"column":15}},{"start":{"line":3,"column":19},"end":{"line":3,"column":33}}],"line":3}},"s":{"0":1,"1":1,"2":1,"3":1,"4":1,"5":1,"6":1,"7":1,"8":1,"9":1,"10":1,"11":1,"12":1},"f":{"0":1,"1":1},"b":{"0":[1,1,1],"1":[0,1],"2":[1,1]},"_coverageSchema":"43e27e138ebf9cfc5966b082cf9a028302ed4184","hash":"f40f71a29f5b5b56e3d63d30a0f922683898ba20","contentHash":"c146c0091241ccaad72364c2178e4882"}}